[0.423s] Invoking command in '/home/antoronson/GitTrade/GazeboTutorials/ROS2_Tutorials/ros2_ws/build/examples_rclpy_minimal_client': PYTHONPATH=/home/antoronson/GitTrade/GazeboTutorials/ROS2_Tutorials/ros2_ws/build/examples_rclpy_minimal_client/prefix_override:/home/antoronson/GitTrade/GazeboTutorials/ROS2_Tutorials/ros2_ws/install/examples_rclpy_minimal_client/lib/python3.10/site-packages:${PYTHONPATH} /usr/bin/python3 -W ignore:setup.py install is deprecated setup.py develop --editable --build-directory /home/antoronson/GitTrade/GazeboTutorials/ROS2_Tutorials/ros2_ws/build/examples_rclpy_minimal_client/build --no-deps symlink_data
[0.602s] running develop
[0.603s] /usr/lib/python3/dist-packages/setuptools/command/easy_install.py:158: EasyInstallDeprecationWarning: easy_install command is deprecated. Use build and pip and other standards-based tools.
[0.603s]   warnings.warn(
[0.706s] running egg_info
[0.706s] creating examples_rclpy_minimal_client.egg-info
[0.707s] writing examples_rclpy_minimal_client.egg-info/PKG-INFO
[0.707s] writing dependency_links to examples_rclpy_minimal_client.egg-info/dependency_links.txt
[0.707s] writing entry points to examples_rclpy_minimal_client.egg-info/entry_points.txt
[0.707s] writing requirements to examples_rclpy_minimal_client.egg-info/requires.txt
[0.707s] writing top-level names to examples_rclpy_minimal_client.egg-info/top_level.txt
[0.708s] writing manifest file 'examples_rclpy_minimal_client.egg-info/SOURCES.txt'
[0.709s] reading manifest file 'examples_rclpy_minimal_client.egg-info/SOURCES.txt'
[0.709s] writing manifest file 'examples_rclpy_minimal_client.egg-info/SOURCES.txt'
[0.711s] running build_ext
[0.711s] Creating /home/antoronson/GitTrade/GazeboTutorials/ROS2_Tutorials/ros2_ws/install/examples_rclpy_minimal_client/lib/python3.10/site-packages/examples-rclpy-minimal-client.egg-link (link to .)
[0.711s] Installing client script to /home/antoronson/GitTrade/GazeboTutorials/ROS2_Tutorials/ros2_ws/install/examples_rclpy_minimal_client/lib/examples_rclpy_minimal_client
[0.712s] Installing client_async script to /home/antoronson/GitTrade/GazeboTutorials/ROS2_Tutorials/ros2_ws/install/examples_rclpy_minimal_client/lib/examples_rclpy_minimal_client
[0.712s] Installing client_async_callback script to /home/antoronson/GitTrade/GazeboTutorials/ROS2_Tutorials/ros2_ws/install/examples_rclpy_minimal_client/lib/examples_rclpy_minimal_client
[0.712s] Installing client_async_member_function script to /home/antoronson/GitTrade/GazeboTutorials/ROS2_Tutorials/ros2_ws/install/examples_rclpy_minimal_client/lib/examples_rclpy_minimal_client
[0.712s] 
[0.712s] Installed /home/antoronson/GitTrade/GazeboTutorials/ROS2_Tutorials/ros2_ws/build/examples_rclpy_minimal_client
[0.712s] running symlink_data
[0.712s] creating /home/antoronson/GitTrade/GazeboTutorials/ROS2_Tutorials/ros2_ws/install/examples_rclpy_minimal_client/share/ament_index
[0.713s] creating /home/antoronson/GitTrade/GazeboTutorials/ROS2_Tutorials/ros2_ws/install/examples_rclpy_minimal_client/share/ament_index/resource_index
[0.713s] creating /home/antoronson/GitTrade/GazeboTutorials/ROS2_Tutorials/ros2_ws/install/examples_rclpy_minimal_client/share/ament_index/resource_index/packages
[0.713s] symbolically linking /home/antoronson/GitTrade/GazeboTutorials/ROS2_Tutorials/ros2_ws/build/examples_rclpy_minimal_client/resource/examples_rclpy_minimal_client -> /home/antoronson/GitTrade/GazeboTutorials/ROS2_Tutorials/ros2_ws/install/examples_rclpy_minimal_client/share/ament_index/resource_index/packages
[0.713s] symbolically linking /home/antoronson/GitTrade/GazeboTutorials/ROS2_Tutorials/ros2_ws/build/examples_rclpy_minimal_client/package.xml -> /home/antoronson/GitTrade/GazeboTutorials/ROS2_Tutorials/ros2_ws/install/examples_rclpy_minimal_client/share/examples_rclpy_minimal_client
[0.730s] Invoked command in '/home/antoronson/GitTrade/GazeboTutorials/ROS2_Tutorials/ros2_ws/build/examples_rclpy_minimal_client' returned '0': PYTHONPATH=/home/antoronson/GitTrade/GazeboTutorials/ROS2_Tutorials/ros2_ws/build/examples_rclpy_minimal_client/prefix_override:/home/antoronson/GitTrade/GazeboTutorials/ROS2_Tutorials/ros2_ws/install/examples_rclpy_minimal_client/lib/python3.10/site-packages:${PYTHONPATH} /usr/bin/python3 -W ignore:setup.py install is deprecated setup.py develop --editable --build-directory /home/antoronson/GitTrade/GazeboTutorials/ROS2_Tutorials/ros2_ws/build/examples_rclpy_minimal_client/build --no-deps symlink_data
