[0.015s] Invoking command in '/home/antoronson/GitTrade/GazeboTutorials/ROS2_Tutorials/ros2_ws/build/tutorial_interfaces': CMAKE_PREFIX_PATH=/opt/ros/humble /usr/bin/cmake /home/antoronson/GitTrade/GazeboTutorials/ROS2_Tutorials/ros2_ws/src/tutorial_interfaces -DCMAKE_INSTALL_PREFIX=/home/antoronson/GitTrade/GazeboTutorials/ROS2_Tutorials/ros2_ws/install/tutorial_interfaces
[0.031s] -- Found ament_cmake: 1.3.9 (/opt/ros/humble/share/ament_cmake/cmake)
[0.217s] -- Found geometry_msgs: 4.2.4 (/opt/ros/humble/share/geometry_msgs/cmake)
[0.335s] -- Found rosidl_generator_c: 3.1.5 (/opt/ros/humble/share/rosidl_generator_c/cmake)
[0.348s] -- Found rosidl_adapter: 3.1.5 (/opt/ros/humble/share/rosidl_adapter/cmake)
[0.369s] -- Found rosidl_generator_cpp: 3.1.5 (/opt/ros/humble/share/rosidl_generator_cpp/cmake)
[0.407s] -- Using all available rosidl_typesupport_c: rosidl_typesupport_fastrtps_c;rosidl_typesupport_introspection_c
[0.451s] -- Using all available rosidl_typesupport_cpp: rosidl_typesupport_fastrtps_cpp;rosidl_typesupport_introspection_cpp
[0.667s] -- Found rosidl_default_generators: 1.2.0 (/opt/ros/humble/share/rosidl_default_generators/cmake)
[1.164s] -- Found ament_cmake_ros: 0.10.0 (/opt/ros/humble/share/ament_cmake_ros/cmake)
[1.862s] -- Using all available rosidl_typesupport_c: rosidl_typesupport_fastrtps_c;rosidl_typesupport_introspection_c
[2.154s] -- Using all available rosidl_typesupport_cpp: rosidl_typesupport_fastrtps_cpp;rosidl_typesupport_introspection_cpp
[2.194s] -- Found PythonInterp: /usr/bin/python3 (found suitable version "3.10.12", minimum required is "3.6") 
[2.199s] -- Found python_cmake_module: 0.10.0 (/opt/ros/humble/share/python_cmake_module/cmake)
[2.249s] -- Found PythonLibs: /usr/lib/x86_64-linux-gnu/libpython3.10.so (found suitable version "3.10.12", minimum required is "3.5") 
[2.249s] -- Using PYTHON_EXECUTABLE: /usr/bin/python3
[2.249s] -- Using PYTHON_INCLUDE_DIRS: /usr/include/python3.10
[2.249s] -- Using PYTHON_LIBRARIES: /usr/lib/x86_64-linux-gnu/libpython3.10.so
[2.277s] -- Found PythonExtra: .so  
[2.399s] -- Found ament_lint_auto: 0.12.11 (/opt/ros/humble/share/ament_lint_auto/cmake)
[2.453s] -- Added test 'lint_cmake' to check CMake code style
[2.456s] -- Added test 'xmllint' to check XML markup files
[2.462s] -- Configuring done
[2.517s] -- Generating done
[2.521s] -- Build files have been written to: /home/antoronson/GitTrade/GazeboTutorials/ROS2_Tutorials/ros2_ws/build/tutorial_interfaces
[2.532s] Invoked command in '/home/antoronson/GitTrade/GazeboTutorials/ROS2_Tutorials/ros2_ws/build/tutorial_interfaces' returned '0': CMAKE_PREFIX_PATH=/opt/ros/humble /usr/bin/cmake /home/antoronson/GitTrade/GazeboTutorials/ROS2_Tutorials/ros2_ws/src/tutorial_interfaces -DCMAKE_INSTALL_PREFIX=/home/antoronson/GitTrade/GazeboTutorials/ROS2_Tutorials/ros2_ws/install/tutorial_interfaces
[2.536s] Invoking command in '/home/antoronson/GitTrade/GazeboTutorials/ROS2_Tutorials/ros2_ws/build/tutorial_interfaces': CMAKE_PREFIX_PATH=/opt/ros/humble /usr/bin/cmake --build /home/antoronson/GitTrade/GazeboTutorials/ROS2_Tutorials/ros2_ws/build/tutorial_interfaces -- -j4 -l4
[2.592s] [  2%] [34m[1mGenerating C code for ROS interfaces[0m
[2.615s] [  4%] [34m[1mGenerating C++ code for ROS interfaces[0m
[2.624s] [  4%] Built target ament_cmake_python_copy_tutorial_interfaces
[3.242s] running egg_info
[3.244s] creating tutorial_interfaces.egg-info
[3.245s] writing tutorial_interfaces.egg-info/PKG-INFO
[3.245s] writing dependency_links to tutorial_interfaces.egg-info/dependency_links.txt
[3.245s] writing top-level names to tutorial_interfaces.egg-info/top_level.txt
[3.246s] writing manifest file 'tutorial_interfaces.egg-info/SOURCES.txt'
[3.253s] reading manifest file 'tutorial_interfaces.egg-info/SOURCES.txt'
[3.254s] writing manifest file 'tutorial_interfaces.egg-info/SOURCES.txt'
[3.271s] [  4%] Built target tutorial_interfaces__cpp
[3.291s] [  8%] [34m[1mGenerating C++ type support dispatch for ROS interfaces[0m
[3.291s] [  8%] [34m[1mGenerating C++ type support for eProsima Fast-RTPS[0m
[3.315s] [  8%] Built target ament_cmake_python_build_tutorial_interfaces_egg
[3.336s] [ 10%] [34m[1mGenerating C++ introspection for ROS interfaces[0m
[3.809s] [ 12%] [32mBuilding C object CMakeFiles/tutorial_interfaces__rosidl_generator_c.dir/rosidl_generator_c/tutorial_interfaces/msg/detail/num__functions.c.o[0m
[3.981s] [ 14%] [32mBuilding C object CMakeFiles/tutorial_interfaces__rosidl_generator_c.dir/rosidl_generator_c/tutorial_interfaces/msg/detail/sphere__functions.c.o[0m
[4.056s] [ 17%] [32mBuilding CXX object CMakeFiles/tutorial_interfaces__rosidl_typesupport_cpp.dir/rosidl_typesupport_cpp/tutorial_interfaces/msg/num__type_support.cpp.o[0m
[4.089s] [ 19%] [32mBuilding C object CMakeFiles/tutorial_interfaces__rosidl_generator_c.dir/rosidl_generator_c/tutorial_interfaces/srv/detail/add_three_ints__functions.c.o[0m
[4.213s] [ 21%] [32m[1mLinking C shared library libtutorial_interfaces__rosidl_generator_c.so[0m
[4.229s] [ 23%] [32mBuilding CXX object CMakeFiles/tutorial_interfaces__rosidl_typesupport_fastrtps_cpp.dir/rosidl_typesupport_fastrtps_cpp/tutorial_interfaces/msg/detail/dds_fastrtps/num__type_support.cpp.o[0m
[4.233s] [ 25%] [32mBuilding CXX object CMakeFiles/tutorial_interfaces__rosidl_typesupport_introspection_cpp.dir/rosidl_typesupport_introspection_cpp/tutorial_interfaces/msg/detail/num__type_support.cpp.o[0m
[4.301s] [ 25%] Built target tutorial_interfaces__rosidl_generator_c
[4.318s] [ 27%] [32mBuilding CXX object CMakeFiles/tutorial_interfaces__rosidl_typesupport_introspection_cpp.dir/rosidl_typesupport_introspection_cpp/tutorial_interfaces/msg/detail/sphere__type_support.cpp.o[0m
[4.874s] [ 29%] [32mBuilding CXX object CMakeFiles/tutorial_interfaces__rosidl_typesupport_cpp.dir/rosidl_typesupport_cpp/tutorial_interfaces/msg/sphere__type_support.cpp.o[0m
[5.232s] [ 31%] [32mBuilding CXX object CMakeFiles/tutorial_interfaces__rosidl_typesupport_introspection_cpp.dir/rosidl_typesupport_introspection_cpp/tutorial_interfaces/srv/detail/add_three_ints__type_support.cpp.o[0m
[5.257s] [ 34%] [32mBuilding CXX object CMakeFiles/tutorial_interfaces__rosidl_typesupport_fastrtps_cpp.dir/rosidl_typesupport_fastrtps_cpp/tutorial_interfaces/msg/detail/dds_fastrtps/sphere__type_support.cpp.o[0m
[5.294s] [ 36%] [32mBuilding CXX object CMakeFiles/tutorial_interfaces__rosidl_typesupport_fastrtps_cpp.dir/rosidl_typesupport_fastrtps_cpp/tutorial_interfaces/srv/detail/dds_fastrtps/add_three_ints__type_support.cpp.o[0m
[5.571s] [ 38%] [32mBuilding CXX object CMakeFiles/tutorial_interfaces__rosidl_typesupport_cpp.dir/rosidl_typesupport_cpp/tutorial_interfaces/srv/add_three_ints__type_support.cpp.o[0m
[6.229s] [ 40%] [32m[1mLinking CXX shared library libtutorial_interfaces__rosidl_typesupport_introspection_cpp.so[0m
[6.264s] [ 42%] [34m[1mGenerating C type support for eProsima Fast-RTPS[0m
[6.285s] [ 44%] [32m[1mLinking CXX shared library libtutorial_interfaces__rosidl_typesupport_cpp.so[0m
[6.378s] [ 44%] Built target tutorial_interfaces__rosidl_typesupport_cpp
[6.384s] [ 46%] [32m[1mLinking CXX shared library libtutorial_interfaces__rosidl_typesupport_fastrtps_cpp.so[0m
[6.394s] [ 46%] Built target tutorial_interfaces__rosidl_typesupport_introspection_cpp
[6.399s] [ 48%] [34m[1mGenerating C introspection for ROS interfaces[0m
[6.416s] [ 51%] [34m[1mGenerating C type support dispatch for ROS interfaces[0m
[6.585s] [ 51%] Built target tutorial_interfaces__rosidl_typesupport_fastrtps_cpp
[7.005s] [ 55%] [32mBuilding C object CMakeFiles/tutorial_interfaces__rosidl_typesupport_introspection_c.dir/rosidl_typesupport_introspection_c/tutorial_interfaces/msg/detail/sphere__type_support.c.o[0m
[7.005s] [ 55%] [32mBuilding C object CMakeFiles/tutorial_interfaces__rosidl_typesupport_introspection_c.dir/rosidl_typesupport_introspection_c/tutorial_interfaces/msg/detail/num__type_support.c.o[0m
[7.073s] [ 57%] [32mBuilding C object CMakeFiles/tutorial_interfaces__rosidl_typesupport_introspection_c.dir/rosidl_typesupport_introspection_c/tutorial_interfaces/srv/detail/add_three_ints__type_support.c.o[0m
[7.135s] [ 59%] [32m[1mLinking C shared library libtutorial_interfaces__rosidl_typesupport_introspection_c.so[0m
[7.162s] [ 61%] [32mBuilding CXX object CMakeFiles/tutorial_interfaces__rosidl_typesupport_c.dir/rosidl_typesupport_c/tutorial_interfaces/msg/num__type_support.cpp.o[0m
[7.167s] [ 63%] [32mBuilding CXX object CMakeFiles/tutorial_interfaces__rosidl_typesupport_c.dir/rosidl_typesupport_c/tutorial_interfaces/msg/sphere__type_support.cpp.o[0m
[7.199s] [ 65%] [32mBuilding CXX object CMakeFiles/tutorial_interfaces__rosidl_typesupport_fastrtps_c.dir/rosidl_typesupport_fastrtps_c/tutorial_interfaces/msg/detail/num__type_support_c.cpp.o[0m
[7.207s] [ 65%] Built target tutorial_interfaces__rosidl_typesupport_introspection_c
[7.224s] [ 68%] [32mBuilding CXX object CMakeFiles/tutorial_interfaces__rosidl_typesupport_c.dir/rosidl_typesupport_c/tutorial_interfaces/srv/add_three_ints__type_support.cpp.o[0m
[7.228s] [ 72%] [32mBuilding CXX object CMakeFiles/tutorial_interfaces__rosidl_typesupport_fastrtps_c.dir/rosidl_typesupport_fastrtps_c/tutorial_interfaces/srv/detail/add_three_ints__type_support_c.cpp.o[0m
[7.229s] [ 72%] [32mBuilding CXX object CMakeFiles/tutorial_interfaces__rosidl_typesupport_fastrtps_c.dir/rosidl_typesupport_fastrtps_c/tutorial_interfaces/msg/detail/sphere__type_support_c.cpp.o[0m
[7.294s] [ 74%] [32m[1mLinking CXX shared library libtutorial_interfaces__rosidl_typesupport_c.so[0m
[7.395s] [ 74%] Built target tutorial_interfaces__rosidl_typesupport_c
[8.051s] [ 76%] [32m[1mLinking CXX shared library libtutorial_interfaces__rosidl_typesupport_fastrtps_c.so[0m
[8.173s] [ 76%] Built target tutorial_interfaces__rosidl_typesupport_fastrtps_c
[8.202s] [ 76%] Built target tutorial_interfaces
[8.229s] [ 78%] [34m[1mGenerating Python code for ROS interfaces[0m
[9.002s] [ 78%] Built target tutorial_interfaces__py
[9.030s] [ 80%] [32mBuilding C object CMakeFiles/tutorial_interfaces__rosidl_generator_py.dir/rosidl_generator_py/tutorial_interfaces/msg/_sphere_s.c.o[0m
[9.034s] [ 85%] [32mBuilding C object CMakeFiles/tutorial_interfaces__rosidl_generator_py.dir/rosidl_generator_py/tutorial_interfaces/msg/_num_s.c.o[0m
[9.034s] [ 85%] [32mBuilding C object CMakeFiles/tutorial_interfaces__rosidl_generator_py.dir/rosidl_generator_py/tutorial_interfaces/srv/_add_three_ints_s.c.o[0m
[9.273s] [ 87%] [32m[1mLinking C shared library rosidl_generator_py/tutorial_interfaces/libtutorial_interfaces__rosidl_generator_py.so[0m
[9.338s] [ 87%] Built target tutorial_interfaces__rosidl_generator_py
[9.370s] [ 89%] [32mBuilding C object CMakeFiles/tutorial_interfaces__rosidl_typesupport_introspection_c__pyext.dir/rosidl_generator_py/tutorial_interfaces/_tutorial_interfaces_s.ep.rosidl_typesupport_introspection_c.c.o[0m
[9.371s] [ 91%] [32mBuilding C object CMakeFiles/tutorial_interfaces__rosidl_typesupport_c__pyext.dir/rosidl_generator_py/tutorial_interfaces/_tutorial_interfaces_s.ep.rosidl_typesupport_c.c.o[0m
[9.374s] [ 93%] [32mBuilding C object CMakeFiles/tutorial_interfaces__rosidl_typesupport_fastrtps_c__pyext.dir/rosidl_generator_py/tutorial_interfaces/_tutorial_interfaces_s.ep.rosidl_typesupport_fastrtps_c.c.o[0m
[9.535s] [ 95%] [32m[1mLinking C shared library rosidl_generator_py/tutorial_interfaces/tutorial_interfaces_s__rosidl_typesupport_c.cpython-310-x86_64-linux-gnu.so[0m
[9.593s] [ 95%] Built target tutorial_interfaces__rosidl_typesupport_c__pyext
[9.628s] [ 97%] [32m[1mLinking C shared library rosidl_generator_py/tutorial_interfaces/tutorial_interfaces_s__rosidl_typesupport_introspection_c.cpython-310-x86_64-linux-gnu.so[0m
[9.631s] [100%] [32m[1mLinking C shared library rosidl_generator_py/tutorial_interfaces/tutorial_interfaces_s__rosidl_typesupport_fastrtps_c.cpython-310-x86_64-linux-gnu.so[0m
[9.686s] [100%] Built target tutorial_interfaces__rosidl_typesupport_introspection_c__pyext
[9.689s] [100%] Built target tutorial_interfaces__rosidl_typesupport_fastrtps_c__pyext
[9.704s] Invoked command in '/home/antoronson/GitTrade/GazeboTutorials/ROS2_Tutorials/ros2_ws/build/tutorial_interfaces' returned '0': CMAKE_PREFIX_PATH=/opt/ros/humble /usr/bin/cmake --build /home/antoronson/GitTrade/GazeboTutorials/ROS2_Tutorials/ros2_ws/build/tutorial_interfaces -- -j4 -l4
[9.823s] Invoking command in '/home/antoronson/GitTrade/GazeboTutorials/ROS2_Tutorials/ros2_ws/build/tutorial_interfaces': CMAKE_PREFIX_PATH=/opt/ros/humble /usr/bin/cmake --install /home/antoronson/GitTrade/GazeboTutorials/ROS2_Tutorials/ros2_ws/build/tutorial_interfaces
[9.835s] -- Install configuration: ""
[9.835s] -- Installing: /home/antoronson/GitTrade/GazeboTutorials/ROS2_Tutorials/ros2_ws/install/tutorial_interfaces/share/ament_index/resource_index/rosidl_interfaces/tutorial_interfaces
[9.835s] -- Installing: /home/antoronson/GitTrade/GazeboTutorials/ROS2_Tutorials/ros2_ws/install/tutorial_interfaces/include/tutorial_interfaces/tutorial_interfaces
[9.836s] -- Installing: /home/antoronson/GitTrade/GazeboTutorials/ROS2_Tutorials/ros2_ws/install/tutorial_interfaces/include/tutorial_interfaces/tutorial_interfaces/msg
[9.836s] -- Installing: /home/antoronson/GitTrade/GazeboTutorials/ROS2_Tutorials/ros2_ws/install/tutorial_interfaces/include/tutorial_interfaces/tutorial_interfaces/msg/num.h
[9.836s] -- Installing: /home/antoronson/GitTrade/GazeboTutorials/ROS2_Tutorials/ros2_ws/install/tutorial_interfaces/include/tutorial_interfaces/tutorial_interfaces/msg/detail
[9.836s] -- Installing: /home/antoronson/GitTrade/GazeboTutorials/ROS2_Tutorials/ros2_ws/install/tutorial_interfaces/include/tutorial_interfaces/tutorial_interfaces/msg/detail/num__functions.c
[9.836s] -- Installing: /home/antoronson/GitTrade/GazeboTutorials/ROS2_Tutorials/ros2_ws/install/tutorial_interfaces/include/tutorial_interfaces/tutorial_interfaces/msg/detail/sphere__type_support.h
[9.837s] -- Installing: /home/antoronson/GitTrade/GazeboTutorials/ROS2_Tutorials/ros2_ws/install/tutorial_interfaces/include/tutorial_interfaces/tutorial_interfaces/msg/detail/num__struct.h
[9.837s] -- Installing: /home/antoronson/GitTrade/GazeboTutorials/ROS2_Tutorials/ros2_ws/install/tutorial_interfaces/include/tutorial_interfaces/tutorial_interfaces/msg/detail/sphere__functions.c
[9.837s] -- Installing: /home/antoronson/GitTrade/GazeboTutorials/ROS2_Tutorials/ros2_ws/install/tutorial_interfaces/include/tutorial_interfaces/tutorial_interfaces/msg/detail/sphere__functions.h
[9.837s] -- Installing: /home/antoronson/GitTrade/GazeboTutorials/ROS2_Tutorials/ros2_ws/install/tutorial_interfaces/include/tutorial_interfaces/tutorial_interfaces/msg/detail/sphere__struct.h
[9.837s] -- Installing: /home/antoronson/GitTrade/GazeboTutorials/ROS2_Tutorials/ros2_ws/install/tutorial_interfaces/include/tutorial_interfaces/tutorial_interfaces/msg/detail/num__functions.h
[9.837s] -- Installing: /home/antoronson/GitTrade/GazeboTutorials/ROS2_Tutorials/ros2_ws/install/tutorial_interfaces/include/tutorial_interfaces/tutorial_interfaces/msg/detail/num__type_support.h
[9.838s] -- Installing: /home/antoronson/GitTrade/GazeboTutorials/ROS2_Tutorials/ros2_ws/install/tutorial_interfaces/include/tutorial_interfaces/tutorial_interfaces/msg/sphere.h
[9.838s] -- Installing: /home/antoronson/GitTrade/GazeboTutorials/ROS2_Tutorials/ros2_ws/install/tutorial_interfaces/include/tutorial_interfaces/tutorial_interfaces/msg/rosidl_generator_c__visibility_control.h
[9.838s] -- Installing: /home/antoronson/GitTrade/GazeboTutorials/ROS2_Tutorials/ros2_ws/install/tutorial_interfaces/include/tutorial_interfaces/tutorial_interfaces/srv
[9.838s] -- Installing: /home/antoronson/GitTrade/GazeboTutorials/ROS2_Tutorials/ros2_ws/install/tutorial_interfaces/include/tutorial_interfaces/tutorial_interfaces/srv/detail
[9.838s] -- Installing: /home/antoronson/GitTrade/GazeboTutorials/ROS2_Tutorials/ros2_ws/install/tutorial_interfaces/include/tutorial_interfaces/tutorial_interfaces/srv/detail/add_three_ints__functions.c
[9.838s] -- Installing: /home/antoronson/GitTrade/GazeboTutorials/ROS2_Tutorials/ros2_ws/install/tutorial_interfaces/include/tutorial_interfaces/tutorial_interfaces/srv/detail/add_three_ints__struct.h
[9.838s] -- Installing: /home/antoronson/GitTrade/GazeboTutorials/ROS2_Tutorials/ros2_ws/install/tutorial_interfaces/include/tutorial_interfaces/tutorial_interfaces/srv/detail/add_three_ints__type_support.h
[9.839s] -- Installing: /home/antoronson/GitTrade/GazeboTutorials/ROS2_Tutorials/ros2_ws/install/tutorial_interfaces/include/tutorial_interfaces/tutorial_interfaces/srv/detail/add_three_ints__functions.h
[9.839s] -- Installing: /home/antoronson/GitTrade/GazeboTutorials/ROS2_Tutorials/ros2_ws/install/tutorial_interfaces/include/tutorial_interfaces/tutorial_interfaces/srv/add_three_ints.h
[9.839s] -- Installing: /home/antoronson/GitTrade/GazeboTutorials/ROS2_Tutorials/ros2_ws/install/tutorial_interfaces/share/tutorial_interfaces/environment/library_path.sh
[9.839s] -- Installing: /home/antoronson/GitTrade/GazeboTutorials/ROS2_Tutorials/ros2_ws/install/tutorial_interfaces/share/tutorial_interfaces/environment/library_path.dsv
[9.839s] -- Installing: /home/antoronson/GitTrade/GazeboTutorials/ROS2_Tutorials/ros2_ws/install/tutorial_interfaces/lib/libtutorial_interfaces__rosidl_generator_c.so
[9.840s] -- Set runtime path of "/home/antoronson/GitTrade/GazeboTutorials/ROS2_Tutorials/ros2_ws/install/tutorial_interfaces/lib/libtutorial_interfaces__rosidl_generator_c.so" to ""
[9.840s] -- Up-to-date: /home/antoronson/GitTrade/GazeboTutorials/ROS2_Tutorials/ros2_ws/install/tutorial_interfaces/include/tutorial_interfaces/tutorial_interfaces
[9.840s] -- Up-to-date: /home/antoronson/GitTrade/GazeboTutorials/ROS2_Tutorials/ros2_ws/install/tutorial_interfaces/include/tutorial_interfaces/tutorial_interfaces/msg
[9.840s] -- Up-to-date: /home/antoronson/GitTrade/GazeboTutorials/ROS2_Tutorials/ros2_ws/install/tutorial_interfaces/include/tutorial_interfaces/tutorial_interfaces/msg/detail
[9.840s] -- Installing: /home/antoronson/GitTrade/GazeboTutorials/ROS2_Tutorials/ros2_ws/install/tutorial_interfaces/include/tutorial_interfaces/tutorial_interfaces/msg/detail/num__rosidl_typesupport_fastrtps_c.h
[9.841s] -- Installing: /home/antoronson/GitTrade/GazeboTutorials/ROS2_Tutorials/ros2_ws/install/tutorial_interfaces/include/tutorial_interfaces/tutorial_interfaces/msg/detail/sphere__rosidl_typesupport_fastrtps_c.h
[9.841s] -- Installing: /home/antoronson/GitTrade/GazeboTutorials/ROS2_Tutorials/ros2_ws/install/tutorial_interfaces/include/tutorial_interfaces/tutorial_interfaces/msg/rosidl_typesupport_fastrtps_c__visibility_control.h
[9.841s] -- Up-to-date: /home/antoronson/GitTrade/GazeboTutorials/ROS2_Tutorials/ros2_ws/install/tutorial_interfaces/include/tutorial_interfaces/tutorial_interfaces/srv
[9.841s] -- Up-to-date: /home/antoronson/GitTrade/GazeboTutorials/ROS2_Tutorials/ros2_ws/install/tutorial_interfaces/include/tutorial_interfaces/tutorial_interfaces/srv/detail
[9.841s] -- Installing: /home/antoronson/GitTrade/GazeboTutorials/ROS2_Tutorials/ros2_ws/install/tutorial_interfaces/include/tutorial_interfaces/tutorial_interfaces/srv/detail/add_three_ints__rosidl_typesupport_fastrtps_c.h
[9.841s] -- Installing: /home/antoronson/GitTrade/GazeboTutorials/ROS2_Tutorials/ros2_ws/install/tutorial_interfaces/lib/libtutorial_interfaces__rosidl_typesupport_fastrtps_c.so
[9.842s] -- Set runtime path of "/home/antoronson/GitTrade/GazeboTutorials/ROS2_Tutorials/ros2_ws/install/tutorial_interfaces/lib/libtutorial_interfaces__rosidl_typesupport_fastrtps_c.so" to ""
[9.842s] -- Up-to-date: /home/antoronson/GitTrade/GazeboTutorials/ROS2_Tutorials/ros2_ws/install/tutorial_interfaces/include/tutorial_interfaces/tutorial_interfaces
[9.842s] -- Up-to-date: /home/antoronson/GitTrade/GazeboTutorials/ROS2_Tutorials/ros2_ws/install/tutorial_interfaces/include/tutorial_interfaces/tutorial_interfaces/msg
[9.842s] -- Up-to-date: /home/antoronson/GitTrade/GazeboTutorials/ROS2_Tutorials/ros2_ws/install/tutorial_interfaces/include/tutorial_interfaces/tutorial_interfaces/msg/detail
[9.842s] -- Installing: /home/antoronson/GitTrade/GazeboTutorials/ROS2_Tutorials/ros2_ws/install/tutorial_interfaces/include/tutorial_interfaces/tutorial_interfaces/msg/detail/sphere__builder.hpp
[9.842s] -- Installing: /home/antoronson/GitTrade/GazeboTutorials/ROS2_Tutorials/ros2_ws/install/tutorial_interfaces/include/tutorial_interfaces/tutorial_interfaces/msg/detail/sphere__traits.hpp
[9.842s] -- Installing: /home/antoronson/GitTrade/GazeboTutorials/ROS2_Tutorials/ros2_ws/install/tutorial_interfaces/include/tutorial_interfaces/tutorial_interfaces/msg/detail/num__struct.hpp
[9.843s] -- Installing: /home/antoronson/GitTrade/GazeboTutorials/ROS2_Tutorials/ros2_ws/install/tutorial_interfaces/include/tutorial_interfaces/tutorial_interfaces/msg/detail/num__traits.hpp
[9.843s] -- Installing: /home/antoronson/GitTrade/GazeboTutorials/ROS2_Tutorials/ros2_ws/install/tutorial_interfaces/include/tutorial_interfaces/tutorial_interfaces/msg/detail/sphere__struct.hpp
[9.843s] -- Installing: /home/antoronson/GitTrade/GazeboTutorials/ROS2_Tutorials/ros2_ws/install/tutorial_interfaces/include/tutorial_interfaces/tutorial_interfaces/msg/detail/num__builder.hpp
[9.843s] -- Installing: /home/antoronson/GitTrade/GazeboTutorials/ROS2_Tutorials/ros2_ws/install/tutorial_interfaces/include/tutorial_interfaces/tutorial_interfaces/msg/num.hpp
[9.843s] -- Installing: /home/antoronson/GitTrade/GazeboTutorials/ROS2_Tutorials/ros2_ws/install/tutorial_interfaces/include/tutorial_interfaces/tutorial_interfaces/msg/sphere.hpp
[9.844s] -- Up-to-date: /home/antoronson/GitTrade/GazeboTutorials/ROS2_Tutorials/ros2_ws/install/tutorial_interfaces/include/tutorial_interfaces/tutorial_interfaces/srv
[9.844s] -- Up-to-date: /home/antoronson/GitTrade/GazeboTutorials/ROS2_Tutorials/ros2_ws/install/tutorial_interfaces/include/tutorial_interfaces/tutorial_interfaces/srv/detail
[9.844s] -- Installing: /home/antoronson/GitTrade/GazeboTutorials/ROS2_Tutorials/ros2_ws/install/tutorial_interfaces/include/tutorial_interfaces/tutorial_interfaces/srv/detail/add_three_ints__struct.hpp
[9.844s] -- Installing: /home/antoronson/GitTrade/GazeboTutorials/ROS2_Tutorials/ros2_ws/install/tutorial_interfaces/include/tutorial_interfaces/tutorial_interfaces/srv/detail/add_three_ints__builder.hpp
[9.844s] -- Installing: /home/antoronson/GitTrade/GazeboTutorials/ROS2_Tutorials/ros2_ws/install/tutorial_interfaces/include/tutorial_interfaces/tutorial_interfaces/srv/detail/add_three_ints__traits.hpp
[9.844s] -- Installing: /home/antoronson/GitTrade/GazeboTutorials/ROS2_Tutorials/ros2_ws/install/tutorial_interfaces/include/tutorial_interfaces/tutorial_interfaces/srv/add_three_ints.hpp
[9.845s] -- Up-to-date: /home/antoronson/GitTrade/GazeboTutorials/ROS2_Tutorials/ros2_ws/install/tutorial_interfaces/include/tutorial_interfaces/tutorial_interfaces
[9.845s] -- Up-to-date: /home/antoronson/GitTrade/GazeboTutorials/ROS2_Tutorials/ros2_ws/install/tutorial_interfaces/include/tutorial_interfaces/tutorial_interfaces/msg
[9.845s] -- Installing: /home/antoronson/GitTrade/GazeboTutorials/ROS2_Tutorials/ros2_ws/install/tutorial_interfaces/include/tutorial_interfaces/tutorial_interfaces/msg/rosidl_typesupport_fastrtps_cpp__visibility_control.h
[9.845s] -- Up-to-date: /home/antoronson/GitTrade/GazeboTutorials/ROS2_Tutorials/ros2_ws/install/tutorial_interfaces/include/tutorial_interfaces/tutorial_interfaces/msg/detail
[9.845s] -- Installing: /home/antoronson/GitTrade/GazeboTutorials/ROS2_Tutorials/ros2_ws/install/tutorial_interfaces/include/tutorial_interfaces/tutorial_interfaces/msg/detail/num__rosidl_typesupport_fastrtps_cpp.hpp
[9.845s] -- Installing: /home/antoronson/GitTrade/GazeboTutorials/ROS2_Tutorials/ros2_ws/install/tutorial_interfaces/include/tutorial_interfaces/tutorial_interfaces/msg/detail/dds_fastrtps
[9.846s] -- Installing: /home/antoronson/GitTrade/GazeboTutorials/ROS2_Tutorials/ros2_ws/install/tutorial_interfaces/include/tutorial_interfaces/tutorial_interfaces/msg/detail/sphere__rosidl_typesupport_fastrtps_cpp.hpp
[9.846s] -- Up-to-date: /home/antoronson/GitTrade/GazeboTutorials/ROS2_Tutorials/ros2_ws/install/tutorial_interfaces/include/tutorial_interfaces/tutorial_interfaces/srv
[9.846s] -- Up-to-date: /home/antoronson/GitTrade/GazeboTutorials/ROS2_Tutorials/ros2_ws/install/tutorial_interfaces/include/tutorial_interfaces/tutorial_interfaces/srv/detail
[9.846s] -- Installing: /home/antoronson/GitTrade/GazeboTutorials/ROS2_Tutorials/ros2_ws/install/tutorial_interfaces/include/tutorial_interfaces/tutorial_interfaces/srv/detail/add_three_ints__rosidl_typesupport_fastrtps_cpp.hpp
[9.846s] -- Installing: /home/antoronson/GitTrade/GazeboTutorials/ROS2_Tutorials/ros2_ws/install/tutorial_interfaces/include/tutorial_interfaces/tutorial_interfaces/srv/detail/dds_fastrtps
[9.846s] -- Installing: /home/antoronson/GitTrade/GazeboTutorials/ROS2_Tutorials/ros2_ws/install/tutorial_interfaces/lib/libtutorial_interfaces__rosidl_typesupport_fastrtps_cpp.so
[9.846s] -- Set runtime path of "/home/antoronson/GitTrade/GazeboTutorials/ROS2_Tutorials/ros2_ws/install/tutorial_interfaces/lib/libtutorial_interfaces__rosidl_typesupport_fastrtps_cpp.so" to ""
[9.847s] -- Up-to-date: /home/antoronson/GitTrade/GazeboTutorials/ROS2_Tutorials/ros2_ws/install/tutorial_interfaces/include/tutorial_interfaces/tutorial_interfaces
[9.847s] -- Up-to-date: /home/antoronson/GitTrade/GazeboTutorials/ROS2_Tutorials/ros2_ws/install/tutorial_interfaces/include/tutorial_interfaces/tutorial_interfaces/msg
[9.847s] -- Up-to-date: /home/antoronson/GitTrade/GazeboTutorials/ROS2_Tutorials/ros2_ws/install/tutorial_interfaces/include/tutorial_interfaces/tutorial_interfaces/msg/detail
[9.847s] -- Installing: /home/antoronson/GitTrade/GazeboTutorials/ROS2_Tutorials/ros2_ws/install/tutorial_interfaces/include/tutorial_interfaces/tutorial_interfaces/msg/detail/num__rosidl_typesupport_introspection_c.h
[9.847s] -- Installing: /home/antoronson/GitTrade/GazeboTutorials/ROS2_Tutorials/ros2_ws/install/tutorial_interfaces/include/tutorial_interfaces/tutorial_interfaces/msg/detail/num__type_support.c
[9.847s] -- Installing: /home/antoronson/GitTrade/GazeboTutorials/ROS2_Tutorials/ros2_ws/install/tutorial_interfaces/include/tutorial_interfaces/tutorial_interfaces/msg/detail/sphere__type_support.c
[9.847s] -- Installing: /home/antoronson/GitTrade/GazeboTutorials/ROS2_Tutorials/ros2_ws/install/tutorial_interfaces/include/tutorial_interfaces/tutorial_interfaces/msg/detail/sphere__rosidl_typesupport_introspection_c.h
[9.847s] -- Installing: /home/antoronson/GitTrade/GazeboTutorials/ROS2_Tutorials/ros2_ws/install/tutorial_interfaces/include/tutorial_interfaces/tutorial_interfaces/msg/rosidl_typesupport_introspection_c__visibility_control.h
[9.848s] -- Up-to-date: /home/antoronson/GitTrade/GazeboTutorials/ROS2_Tutorials/ros2_ws/install/tutorial_interfaces/include/tutorial_interfaces/tutorial_interfaces/srv
[9.848s] -- Up-to-date: /home/antoronson/GitTrade/GazeboTutorials/ROS2_Tutorials/ros2_ws/install/tutorial_interfaces/include/tutorial_interfaces/tutorial_interfaces/srv/detail
[9.848s] -- Installing: /home/antoronson/GitTrade/GazeboTutorials/ROS2_Tutorials/ros2_ws/install/tutorial_interfaces/include/tutorial_interfaces/tutorial_interfaces/srv/detail/add_three_ints__type_support.c
[9.848s] -- Installing: /home/antoronson/GitTrade/GazeboTutorials/ROS2_Tutorials/ros2_ws/install/tutorial_interfaces/include/tutorial_interfaces/tutorial_interfaces/srv/detail/add_three_ints__rosidl_typesupport_introspection_c.h
[9.848s] -- Installing: /home/antoronson/GitTrade/GazeboTutorials/ROS2_Tutorials/ros2_ws/install/tutorial_interfaces/lib/libtutorial_interfaces__rosidl_typesupport_introspection_c.so
[9.848s] -- Set runtime path of "/home/antoronson/GitTrade/GazeboTutorials/ROS2_Tutorials/ros2_ws/install/tutorial_interfaces/lib/libtutorial_interfaces__rosidl_typesupport_introspection_c.so" to ""
[9.849s] -- Installing: /home/antoronson/GitTrade/GazeboTutorials/ROS2_Tutorials/ros2_ws/install/tutorial_interfaces/lib/libtutorial_interfaces__rosidl_typesupport_c.so
[9.849s] -- Set runtime path of "/home/antoronson/GitTrade/GazeboTutorials/ROS2_Tutorials/ros2_ws/install/tutorial_interfaces/lib/libtutorial_interfaces__rosidl_typesupport_c.so" to ""
[9.849s] -- Up-to-date: /home/antoronson/GitTrade/GazeboTutorials/ROS2_Tutorials/ros2_ws/install/tutorial_interfaces/include/tutorial_interfaces/tutorial_interfaces
[9.849s] -- Up-to-date: /home/antoronson/GitTrade/GazeboTutorials/ROS2_Tutorials/ros2_ws/install/tutorial_interfaces/include/tutorial_interfaces/tutorial_interfaces/msg
[9.849s] -- Up-to-date: /home/antoronson/GitTrade/GazeboTutorials/ROS2_Tutorials/ros2_ws/install/tutorial_interfaces/include/tutorial_interfaces/tutorial_interfaces/msg/detail
[9.849s] -- Installing: /home/antoronson/GitTrade/GazeboTutorials/ROS2_Tutorials/ros2_ws/install/tutorial_interfaces/include/tutorial_interfaces/tutorial_interfaces/msg/detail/num__type_support.cpp
[9.849s] -- Installing: /home/antoronson/GitTrade/GazeboTutorials/ROS2_Tutorials/ros2_ws/install/tutorial_interfaces/include/tutorial_interfaces/tutorial_interfaces/msg/detail/sphere__type_support.cpp
[9.850s] -- Installing: /home/antoronson/GitTrade/GazeboTutorials/ROS2_Tutorials/ros2_ws/install/tutorial_interfaces/include/tutorial_interfaces/tutorial_interfaces/msg/detail/sphere__rosidl_typesupport_introspection_cpp.hpp
[9.850s] -- Installing: /home/antoronson/GitTrade/GazeboTutorials/ROS2_Tutorials/ros2_ws/install/tutorial_interfaces/include/tutorial_interfaces/tutorial_interfaces/msg/detail/num__rosidl_typesupport_introspection_cpp.hpp
[9.850s] -- Up-to-date: /home/antoronson/GitTrade/GazeboTutorials/ROS2_Tutorials/ros2_ws/install/tutorial_interfaces/include/tutorial_interfaces/tutorial_interfaces/srv
[9.850s] -- Up-to-date: /home/antoronson/GitTrade/GazeboTutorials/ROS2_Tutorials/ros2_ws/install/tutorial_interfaces/include/tutorial_interfaces/tutorial_interfaces/srv/detail
[9.850s] -- Installing: /home/antoronson/GitTrade/GazeboTutorials/ROS2_Tutorials/ros2_ws/install/tutorial_interfaces/include/tutorial_interfaces/tutorial_interfaces/srv/detail/add_three_ints__rosidl_typesupport_introspection_cpp.hpp
[9.850s] -- Installing: /home/antoronson/GitTrade/GazeboTutorials/ROS2_Tutorials/ros2_ws/install/tutorial_interfaces/include/tutorial_interfaces/tutorial_interfaces/srv/detail/add_three_ints__type_support.cpp
[9.850s] -- Installing: /home/antoronson/GitTrade/GazeboTutorials/ROS2_Tutorials/ros2_ws/install/tutorial_interfaces/lib/libtutorial_interfaces__rosidl_typesupport_introspection_cpp.so
[9.851s] -- Set runtime path of "/home/antoronson/GitTrade/GazeboTutorials/ROS2_Tutorials/ros2_ws/install/tutorial_interfaces/lib/libtutorial_interfaces__rosidl_typesupport_introspection_cpp.so" to ""
[9.851s] -- Installing: /home/antoronson/GitTrade/GazeboTutorials/ROS2_Tutorials/ros2_ws/install/tutorial_interfaces/lib/libtutorial_interfaces__rosidl_typesupport_cpp.so
[9.851s] -- Set runtime path of "/home/antoronson/GitTrade/GazeboTutorials/ROS2_Tutorials/ros2_ws/install/tutorial_interfaces/lib/libtutorial_interfaces__rosidl_typesupport_cpp.so" to ""
[9.851s] -- Installing: /home/antoronson/GitTrade/GazeboTutorials/ROS2_Tutorials/ros2_ws/install/tutorial_interfaces/share/tutorial_interfaces/environment/pythonpath.sh
[9.851s] -- Installing: /home/antoronson/GitTrade/GazeboTutorials/ROS2_Tutorials/ros2_ws/install/tutorial_interfaces/share/tutorial_interfaces/environment/pythonpath.dsv
[9.851s] -- Installing: /home/antoronson/GitTrade/GazeboTutorials/ROS2_Tutorials/ros2_ws/install/tutorial_interfaces/local/lib/python3.10/dist-packages/tutorial_interfaces-0.0.0-py3.10.egg-info
[9.851s] -- Installing: /home/antoronson/GitTrade/GazeboTutorials/ROS2_Tutorials/ros2_ws/install/tutorial_interfaces/local/lib/python3.10/dist-packages/tutorial_interfaces-0.0.0-py3.10.egg-info/PKG-INFO
[9.852s] -- Installing: /home/antoronson/GitTrade/GazeboTutorials/ROS2_Tutorials/ros2_ws/install/tutorial_interfaces/local/lib/python3.10/dist-packages/tutorial_interfaces-0.0.0-py3.10.egg-info/dependency_links.txt
[9.852s] -- Installing: /home/antoronson/GitTrade/GazeboTutorials/ROS2_Tutorials/ros2_ws/install/tutorial_interfaces/local/lib/python3.10/dist-packages/tutorial_interfaces-0.0.0-py3.10.egg-info/top_level.txt
[9.852s] -- Installing: /home/antoronson/GitTrade/GazeboTutorials/ROS2_Tutorials/ros2_ws/install/tutorial_interfaces/local/lib/python3.10/dist-packages/tutorial_interfaces-0.0.0-py3.10.egg-info/SOURCES.txt
[9.852s] -- Installing: /home/antoronson/GitTrade/GazeboTutorials/ROS2_Tutorials/ros2_ws/install/tutorial_interfaces/local/lib/python3.10/dist-packages/tutorial_interfaces
[9.852s] -- Installing: /home/antoronson/GitTrade/GazeboTutorials/ROS2_Tutorials/ros2_ws/install/tutorial_interfaces/local/lib/python3.10/dist-packages/tutorial_interfaces/libtutorial_interfaces__rosidl_generator_py.so
[9.852s] -- Installing: /home/antoronson/GitTrade/GazeboTutorials/ROS2_Tutorials/ros2_ws/install/tutorial_interfaces/local/lib/python3.10/dist-packages/tutorial_interfaces/tutorial_interfaces_s__rosidl_typesupport_introspection_c.cpython-310-x86_64-linux-gnu.so
[9.853s] -- Installing: /home/antoronson/GitTrade/GazeboTutorials/ROS2_Tutorials/ros2_ws/install/tutorial_interfaces/local/lib/python3.10/dist-packages/tutorial_interfaces/_tutorial_interfaces_s.ep.rosidl_typesupport_fastrtps_c.c
[9.853s] -- Installing: /home/antoronson/GitTrade/GazeboTutorials/ROS2_Tutorials/ros2_ws/install/tutorial_interfaces/local/lib/python3.10/dist-packages/tutorial_interfaces/__init__.py
[9.853s] -- Installing: /home/antoronson/GitTrade/GazeboTutorials/ROS2_Tutorials/ros2_ws/install/tutorial_interfaces/local/lib/python3.10/dist-packages/tutorial_interfaces/_tutorial_interfaces_s.ep.rosidl_typesupport_c.c
[9.853s] -- Installing: /home/antoronson/GitTrade/GazeboTutorials/ROS2_Tutorials/ros2_ws/install/tutorial_interfaces/local/lib/python3.10/dist-packages/tutorial_interfaces/tutorial_interfaces_s__rosidl_typesupport_c.cpython-310-x86_64-linux-gnu.so
[9.853s] -- Installing: /home/antoronson/GitTrade/GazeboTutorials/ROS2_Tutorials/ros2_ws/install/tutorial_interfaces/local/lib/python3.10/dist-packages/tutorial_interfaces/msg
[9.854s] -- Installing: /home/antoronson/GitTrade/GazeboTutorials/ROS2_Tutorials/ros2_ws/install/tutorial_interfaces/local/lib/python3.10/dist-packages/tutorial_interfaces/msg/__init__.py
[9.854s] -- Installing: /home/antoronson/GitTrade/GazeboTutorials/ROS2_Tutorials/ros2_ws/install/tutorial_interfaces/local/lib/python3.10/dist-packages/tutorial_interfaces/msg/_num.py
[9.854s] -- Installing: /home/antoronson/GitTrade/GazeboTutorials/ROS2_Tutorials/ros2_ws/install/tutorial_interfaces/local/lib/python3.10/dist-packages/tutorial_interfaces/msg/_sphere_s.c
[9.854s] -- Installing: /home/antoronson/GitTrade/GazeboTutorials/ROS2_Tutorials/ros2_ws/install/tutorial_interfaces/local/lib/python3.10/dist-packages/tutorial_interfaces/msg/_sphere.py
[9.854s] -- Installing: /home/antoronson/GitTrade/GazeboTutorials/ROS2_Tutorials/ros2_ws/install/tutorial_interfaces/local/lib/python3.10/dist-packages/tutorial_interfaces/msg/_num_s.c
[9.855s] -- Installing: /home/antoronson/GitTrade/GazeboTutorials/ROS2_Tutorials/ros2_ws/install/tutorial_interfaces/local/lib/python3.10/dist-packages/tutorial_interfaces/tutorial_interfaces_s__rosidl_typesupport_fastrtps_c.cpython-310-x86_64-linux-gnu.so
[9.855s] -- Installing: /home/antoronson/GitTrade/GazeboTutorials/ROS2_Tutorials/ros2_ws/install/tutorial_interfaces/local/lib/python3.10/dist-packages/tutorial_interfaces/srv
[9.855s] -- Installing: /home/antoronson/GitTrade/GazeboTutorials/ROS2_Tutorials/ros2_ws/install/tutorial_interfaces/local/lib/python3.10/dist-packages/tutorial_interfaces/srv/_add_three_ints_s.c
[9.855s] -- Installing: /home/antoronson/GitTrade/GazeboTutorials/ROS2_Tutorials/ros2_ws/install/tutorial_interfaces/local/lib/python3.10/dist-packages/tutorial_interfaces/srv/__init__.py
[9.855s] -- Installing: /home/antoronson/GitTrade/GazeboTutorials/ROS2_Tutorials/ros2_ws/install/tutorial_interfaces/local/lib/python3.10/dist-packages/tutorial_interfaces/srv/_add_three_ints.py
[9.856s] -- Installing: /home/antoronson/GitTrade/GazeboTutorials/ROS2_Tutorials/ros2_ws/install/tutorial_interfaces/local/lib/python3.10/dist-packages/tutorial_interfaces/_tutorial_interfaces_s.ep.rosidl_typesupport_introspection_c.c
[9.905s] Listing '/home/antoronson/GitTrade/GazeboTutorials/ROS2_Tutorials/ros2_ws/install/tutorial_interfaces/local/lib/python3.10/dist-packages/tutorial_interfaces'...
[9.905s] Compiling '/home/antoronson/GitTrade/GazeboTutorials/ROS2_Tutorials/ros2_ws/install/tutorial_interfaces/local/lib/python3.10/dist-packages/tutorial_interfaces/__init__.py'...
[9.906s] Listing '/home/antoronson/GitTrade/GazeboTutorials/ROS2_Tutorials/ros2_ws/install/tutorial_interfaces/local/lib/python3.10/dist-packages/tutorial_interfaces/msg'...
[9.906s] Compiling '/home/antoronson/GitTrade/GazeboTutorials/ROS2_Tutorials/ros2_ws/install/tutorial_interfaces/local/lib/python3.10/dist-packages/tutorial_interfaces/msg/__init__.py'...
[9.906s] Compiling '/home/antoronson/GitTrade/GazeboTutorials/ROS2_Tutorials/ros2_ws/install/tutorial_interfaces/local/lib/python3.10/dist-packages/tutorial_interfaces/msg/_num.py'...
[9.906s] Compiling '/home/antoronson/GitTrade/GazeboTutorials/ROS2_Tutorials/ros2_ws/install/tutorial_interfaces/local/lib/python3.10/dist-packages/tutorial_interfaces/msg/_sphere.py'...
[9.906s] Listing '/home/antoronson/GitTrade/GazeboTutorials/ROS2_Tutorials/ros2_ws/install/tutorial_interfaces/local/lib/python3.10/dist-packages/tutorial_interfaces/srv'...
[9.906s] Compiling '/home/antoronson/GitTrade/GazeboTutorials/ROS2_Tutorials/ros2_ws/install/tutorial_interfaces/local/lib/python3.10/dist-packages/tutorial_interfaces/srv/__init__.py'...
[9.907s] Compiling '/home/antoronson/GitTrade/GazeboTutorials/ROS2_Tutorials/ros2_ws/install/tutorial_interfaces/local/lib/python3.10/dist-packages/tutorial_interfaces/srv/_add_three_ints.py'...
[9.912s] -- Installing: /home/antoronson/GitTrade/GazeboTutorials/ROS2_Tutorials/ros2_ws/install/tutorial_interfaces/local/lib/python3.10/dist-packages/tutorial_interfaces/tutorial_interfaces_s__rosidl_typesupport_fastrtps_c.cpython-310-x86_64-linux-gnu.so
[9.913s] -- Set runtime path of "/home/antoronson/GitTrade/GazeboTutorials/ROS2_Tutorials/ros2_ws/install/tutorial_interfaces/local/lib/python3.10/dist-packages/tutorial_interfaces/tutorial_interfaces_s__rosidl_typesupport_fastrtps_c.cpython-310-x86_64-linux-gnu.so" to ""
[9.913s] -- Installing: /home/antoronson/GitTrade/GazeboTutorials/ROS2_Tutorials/ros2_ws/install/tutorial_interfaces/local/lib/python3.10/dist-packages/tutorial_interfaces/tutorial_interfaces_s__rosidl_typesupport_introspection_c.cpython-310-x86_64-linux-gnu.so
[9.914s] -- Set runtime path of "/home/antoronson/GitTrade/GazeboTutorials/ROS2_Tutorials/ros2_ws/install/tutorial_interfaces/local/lib/python3.10/dist-packages/tutorial_interfaces/tutorial_interfaces_s__rosidl_typesupport_introspection_c.cpython-310-x86_64-linux-gnu.so" to ""
[9.915s] -- Installing: /home/antoronson/GitTrade/GazeboTutorials/ROS2_Tutorials/ros2_ws/install/tutorial_interfaces/local/lib/python3.10/dist-packages/tutorial_interfaces/tutorial_interfaces_s__rosidl_typesupport_c.cpython-310-x86_64-linux-gnu.so
[9.915s] -- Set runtime path of "/home/antoronson/GitTrade/GazeboTutorials/ROS2_Tutorials/ros2_ws/install/tutorial_interfaces/local/lib/python3.10/dist-packages/tutorial_interfaces/tutorial_interfaces_s__rosidl_typesupport_c.cpython-310-x86_64-linux-gnu.so" to ""
[9.916s] -- Installing: /home/antoronson/GitTrade/GazeboTutorials/ROS2_Tutorials/ros2_ws/install/tutorial_interfaces/lib/libtutorial_interfaces__rosidl_generator_py.so
[9.916s] -- Set runtime path of "/home/antoronson/GitTrade/GazeboTutorials/ROS2_Tutorials/ros2_ws/install/tutorial_interfaces/lib/libtutorial_interfaces__rosidl_generator_py.so" to ""
[9.916s] -- Installing: /home/antoronson/GitTrade/GazeboTutorials/ROS2_Tutorials/ros2_ws/install/tutorial_interfaces/share/tutorial_interfaces/msg/Num.idl
[9.917s] -- Installing: /home/antoronson/GitTrade/GazeboTutorials/ROS2_Tutorials/ros2_ws/install/tutorial_interfaces/share/tutorial_interfaces/msg/Sphere.idl
[9.917s] -- Installing: /home/antoronson/GitTrade/GazeboTutorials/ROS2_Tutorials/ros2_ws/install/tutorial_interfaces/share/tutorial_interfaces/srv/AddThreeInts.idl
[9.917s] -- Installing: /home/antoronson/GitTrade/GazeboTutorials/ROS2_Tutorials/ros2_ws/install/tutorial_interfaces/share/tutorial_interfaces/msg/Num.msg
[9.918s] -- Installing: /home/antoronson/GitTrade/GazeboTutorials/ROS2_Tutorials/ros2_ws/install/tutorial_interfaces/share/tutorial_interfaces/msg/Sphere.msg
[9.918s] -- Installing: /home/antoronson/GitTrade/GazeboTutorials/ROS2_Tutorials/ros2_ws/install/tutorial_interfaces/share/tutorial_interfaces/srv/AddThreeInts.srv
[9.918s] -- Installing: /home/antoronson/GitTrade/GazeboTutorials/ROS2_Tutorials/ros2_ws/install/tutorial_interfaces/share/tutorial_interfaces/srv/AddThreeInts_Request.msg
[9.918s] -- Installing: /home/antoronson/GitTrade/GazeboTutorials/ROS2_Tutorials/ros2_ws/install/tutorial_interfaces/share/tutorial_interfaces/srv/AddThreeInts_Response.msg
[9.919s] -- Installing: /home/antoronson/GitTrade/GazeboTutorials/ROS2_Tutorials/ros2_ws/install/tutorial_interfaces/share/ament_index/resource_index/package_run_dependencies/tutorial_interfaces
[9.919s] -- Installing: /home/antoronson/GitTrade/GazeboTutorials/ROS2_Tutorials/ros2_ws/install/tutorial_interfaces/share/ament_index/resource_index/parent_prefix_path/tutorial_interfaces
[9.920s] -- Installing: /home/antoronson/GitTrade/GazeboTutorials/ROS2_Tutorials/ros2_ws/install/tutorial_interfaces/share/tutorial_interfaces/environment/ament_prefix_path.sh
[9.920s] -- Installing: /home/antoronson/GitTrade/GazeboTutorials/ROS2_Tutorials/ros2_ws/install/tutorial_interfaces/share/tutorial_interfaces/environment/ament_prefix_path.dsv
[9.920s] -- Installing: /home/antoronson/GitTrade/GazeboTutorials/ROS2_Tutorials/ros2_ws/install/tutorial_interfaces/share/tutorial_interfaces/environment/path.sh
[9.920s] -- Installing: /home/antoronson/GitTrade/GazeboTutorials/ROS2_Tutorials/ros2_ws/install/tutorial_interfaces/share/tutorial_interfaces/environment/path.dsv
[9.921s] -- Installing: /home/antoronson/GitTrade/GazeboTutorials/ROS2_Tutorials/ros2_ws/install/tutorial_interfaces/share/tutorial_interfaces/local_setup.bash
[9.921s] -- Installing: /home/antoronson/GitTrade/GazeboTutorials/ROS2_Tutorials/ros2_ws/install/tutorial_interfaces/share/tutorial_interfaces/local_setup.sh
[9.921s] -- Installing: /home/antoronson/GitTrade/GazeboTutorials/ROS2_Tutorials/ros2_ws/install/tutorial_interfaces/share/tutorial_interfaces/local_setup.zsh
[9.922s] -- Installing: /home/antoronson/GitTrade/GazeboTutorials/ROS2_Tutorials/ros2_ws/install/tutorial_interfaces/share/tutorial_interfaces/local_setup.dsv
[9.922s] -- Installing: /home/antoronson/GitTrade/GazeboTutorials/ROS2_Tutorials/ros2_ws/install/tutorial_interfaces/share/tutorial_interfaces/package.dsv
[9.922s] -- Installing: /home/antoronson/GitTrade/GazeboTutorials/ROS2_Tutorials/ros2_ws/install/tutorial_interfaces/share/ament_index/resource_index/packages/tutorial_interfaces
[9.923s] -- Installing: /home/antoronson/GitTrade/GazeboTutorials/ROS2_Tutorials/ros2_ws/install/tutorial_interfaces/share/tutorial_interfaces/cmake/export_tutorial_interfaces__rosidl_generator_cExport.cmake
[9.923s] -- Installing: /home/antoronson/GitTrade/GazeboTutorials/ROS2_Tutorials/ros2_ws/install/tutorial_interfaces/share/tutorial_interfaces/cmake/export_tutorial_interfaces__rosidl_generator_cExport-noconfig.cmake
[9.923s] -- Installing: /home/antoronson/GitTrade/GazeboTutorials/ROS2_Tutorials/ros2_ws/install/tutorial_interfaces/share/tutorial_interfaces/cmake/export_tutorial_interfaces__rosidl_typesupport_fastrtps_cExport.cmake
[9.923s] -- Installing: /home/antoronson/GitTrade/GazeboTutorials/ROS2_Tutorials/ros2_ws/install/tutorial_interfaces/share/tutorial_interfaces/cmake/export_tutorial_interfaces__rosidl_typesupport_fastrtps_cExport-noconfig.cmake
[9.924s] -- Installing: /home/antoronson/GitTrade/GazeboTutorials/ROS2_Tutorials/ros2_ws/install/tutorial_interfaces/share/tutorial_interfaces/cmake/export_tutorial_interfaces__rosidl_generator_cppExport.cmake
[9.924s] -- Installing: /home/antoronson/GitTrade/GazeboTutorials/ROS2_Tutorials/ros2_ws/install/tutorial_interfaces/share/tutorial_interfaces/cmake/export_tutorial_interfaces__rosidl_typesupport_fastrtps_cppExport.cmake
[9.925s] -- Installing: /home/antoronson/GitTrade/GazeboTutorials/ROS2_Tutorials/ros2_ws/install/tutorial_interfaces/share/tutorial_interfaces/cmake/export_tutorial_interfaces__rosidl_typesupport_fastrtps_cppExport-noconfig.cmake
[9.925s] -- Installing: /home/antoronson/GitTrade/GazeboTutorials/ROS2_Tutorials/ros2_ws/install/tutorial_interfaces/share/tutorial_interfaces/cmake/tutorial_interfaces__rosidl_typesupport_introspection_cExport.cmake
[9.925s] -- Installing: /home/antoronson/GitTrade/GazeboTutorials/ROS2_Tutorials/ros2_ws/install/tutorial_interfaces/share/tutorial_interfaces/cmake/tutorial_interfaces__rosidl_typesupport_introspection_cExport-noconfig.cmake
[9.925s] -- Installing: /home/antoronson/GitTrade/GazeboTutorials/ROS2_Tutorials/ros2_ws/install/tutorial_interfaces/share/tutorial_interfaces/cmake/tutorial_interfaces__rosidl_typesupport_cExport.cmake
[9.926s] -- Installing: /home/antoronson/GitTrade/GazeboTutorials/ROS2_Tutorials/ros2_ws/install/tutorial_interfaces/share/tutorial_interfaces/cmake/tutorial_interfaces__rosidl_typesupport_cExport-noconfig.cmake
[9.926s] -- Installing: /home/antoronson/GitTrade/GazeboTutorials/ROS2_Tutorials/ros2_ws/install/tutorial_interfaces/share/tutorial_interfaces/cmake/tutorial_interfaces__rosidl_typesupport_introspection_cppExport.cmake
[9.926s] -- Installing: /home/antoronson/GitTrade/GazeboTutorials/ROS2_Tutorials/ros2_ws/install/tutorial_interfaces/share/tutorial_interfaces/cmake/tutorial_interfaces__rosidl_typesupport_introspection_cppExport-noconfig.cmake
[9.927s] -- Installing: /home/antoronson/GitTrade/GazeboTutorials/ROS2_Tutorials/ros2_ws/install/tutorial_interfaces/share/tutorial_interfaces/cmake/tutorial_interfaces__rosidl_typesupport_cppExport.cmake
[9.927s] -- Installing: /home/antoronson/GitTrade/GazeboTutorials/ROS2_Tutorials/ros2_ws/install/tutorial_interfaces/share/tutorial_interfaces/cmake/tutorial_interfaces__rosidl_typesupport_cppExport-noconfig.cmake
[9.927s] -- Installing: /home/antoronson/GitTrade/GazeboTutorials/ROS2_Tutorials/ros2_ws/install/tutorial_interfaces/share/tutorial_interfaces/cmake/export_tutorial_interfaces__rosidl_generator_pyExport.cmake
[9.928s] -- Installing: /home/antoronson/GitTrade/GazeboTutorials/ROS2_Tutorials/ros2_ws/install/tutorial_interfaces/share/tutorial_interfaces/cmake/export_tutorial_interfaces__rosidl_generator_pyExport-noconfig.cmake
[9.928s] -- Installing: /home/antoronson/GitTrade/GazeboTutorials/ROS2_Tutorials/ros2_ws/install/tutorial_interfaces/share/tutorial_interfaces/cmake/rosidl_cmake-extras.cmake
[9.928s] -- Installing: /home/antoronson/GitTrade/GazeboTutorials/ROS2_Tutorials/ros2_ws/install/tutorial_interfaces/share/tutorial_interfaces/cmake/ament_cmake_export_dependencies-extras.cmake
[9.929s] -- Installing: /home/antoronson/GitTrade/GazeboTutorials/ROS2_Tutorials/ros2_ws/install/tutorial_interfaces/share/tutorial_interfaces/cmake/ament_cmake_export_include_directories-extras.cmake
[9.929s] -- Installing: /home/antoronson/GitTrade/GazeboTutorials/ROS2_Tutorials/ros2_ws/install/tutorial_interfaces/share/tutorial_interfaces/cmake/ament_cmake_export_libraries-extras.cmake
[9.929s] -- Installing: /home/antoronson/GitTrade/GazeboTutorials/ROS2_Tutorials/ros2_ws/install/tutorial_interfaces/share/tutorial_interfaces/cmake/ament_cmake_export_targets-extras.cmake
[9.929s] -- Installing: /home/antoronson/GitTrade/GazeboTutorials/ROS2_Tutorials/ros2_ws/install/tutorial_interfaces/share/tutorial_interfaces/cmake/rosidl_cmake_export_typesupport_targets-extras.cmake
[9.930s] -- Installing: /home/antoronson/GitTrade/GazeboTutorials/ROS2_Tutorials/ros2_ws/install/tutorial_interfaces/share/tutorial_interfaces/cmake/rosidl_cmake_export_typesupport_libraries-extras.cmake
[9.930s] -- Installing: /home/antoronson/GitTrade/GazeboTutorials/ROS2_Tutorials/ros2_ws/install/tutorial_interfaces/share/tutorial_interfaces/cmake/tutorial_interfacesConfig.cmake
[9.930s] -- Installing: /home/antoronson/GitTrade/GazeboTutorials/ROS2_Tutorials/ros2_ws/install/tutorial_interfaces/share/tutorial_interfaces/cmake/tutorial_interfacesConfig-version.cmake
[9.930s] -- Installing: /home/antoronson/GitTrade/GazeboTutorials/ROS2_Tutorials/ros2_ws/install/tutorial_interfaces/share/tutorial_interfaces/package.xml
[9.935s] Invoked command in '/home/antoronson/GitTrade/GazeboTutorials/ROS2_Tutorials/ros2_ws/build/tutorial_interfaces' returned '0': CMAKE_PREFIX_PATH=/opt/ros/humble /usr/bin/cmake --install /home/antoronson/GitTrade/GazeboTutorials/ROS2_Tutorials/ros2_ws/build/tutorial_interfaces
