[0.425s] Invoking command in '/home/antoronson/GitTrade/GazeboTutorials/ROS2_Tutorials/ros2_ws/build/examples_rclpy_minimal_publisher': PYTHONPATH=/home/antoronson/GitTrade/GazeboTutorials/ROS2_Tutorials/ros2_ws/build/examples_rclpy_minimal_publisher/prefix_override:/home/antoronson/GitTrade/GazeboTutorials/ROS2_Tutorials/ros2_ws/install/examples_rclpy_minimal_publisher/lib/python3.10/site-packages:${PYTHONPATH} /usr/bin/python3 -W ignore:setup.py install is deprecated setup.py develop --editable --build-directory /home/antoronson/GitTrade/GazeboTutorials/ROS2_Tutorials/ros2_ws/build/examples_rclpy_minimal_publisher/build --no-deps symlink_data
[0.598s] running develop
[0.599s] /usr/lib/python3/dist-packages/setuptools/command/easy_install.py:158: EasyInstallDeprecationWarning: easy_install command is deprecated. Use build and pip and other standards-based tools.
[0.599s]   warnings.warn(
[0.702s] running egg_info
[0.702s] creating examples_rclpy_minimal_publisher.egg-info
[0.703s] writing examples_rclpy_minimal_publisher.egg-info/PKG-INFO
[0.703s] writing dependency_links to examples_rclpy_minimal_publisher.egg-info/dependency_links.txt
[0.703s] writing entry points to examples_rclpy_minimal_publisher.egg-info/entry_points.txt
[0.703s] writing requirements to examples_rclpy_minimal_publisher.egg-info/requires.txt
[0.703s] writing top-level names to examples_rclpy_minimal_publisher.egg-info/top_level.txt
[0.704s] writing manifest file 'examples_rclpy_minimal_publisher.egg-info/SOURCES.txt'
[0.705s] reading manifest file 'examples_rclpy_minimal_publisher.egg-info/SOURCES.txt'
[0.706s] writing manifest file 'examples_rclpy_minimal_publisher.egg-info/SOURCES.txt'
[0.707s] running build_ext
[0.707s] Creating /home/antoronson/GitTrade/GazeboTutorials/ROS2_Tutorials/ros2_ws/install/examples_rclpy_minimal_publisher/lib/python3.10/site-packages/examples-rclpy-minimal-publisher.egg-link (link to .)
[0.708s] Installing publisher_local_function script to /home/antoronson/GitTrade/GazeboTutorials/ROS2_Tutorials/ros2_ws/install/examples_rclpy_minimal_publisher/lib/examples_rclpy_minimal_publisher
[0.708s] Installing publisher_member_function script to /home/antoronson/GitTrade/GazeboTutorials/ROS2_Tutorials/ros2_ws/install/examples_rclpy_minimal_publisher/lib/examples_rclpy_minimal_publisher
[0.708s] Installing publisher_old_school script to /home/antoronson/GitTrade/GazeboTutorials/ROS2_Tutorials/ros2_ws/install/examples_rclpy_minimal_publisher/lib/examples_rclpy_minimal_publisher
[0.708s] 
[0.708s] Installed /home/antoronson/GitTrade/GazeboTutorials/ROS2_Tutorials/ros2_ws/build/examples_rclpy_minimal_publisher
[0.708s] running symlink_data
[0.708s] creating /home/antoronson/GitTrade/GazeboTutorials/ROS2_Tutorials/ros2_ws/install/examples_rclpy_minimal_publisher/share/ament_index
[0.709s] creating /home/antoronson/GitTrade/GazeboTutorials/ROS2_Tutorials/ros2_ws/install/examples_rclpy_minimal_publisher/share/ament_index/resource_index
[0.709s] creating /home/antoronson/GitTrade/GazeboTutorials/ROS2_Tutorials/ros2_ws/install/examples_rclpy_minimal_publisher/share/ament_index/resource_index/packages
[0.709s] symbolically linking /home/antoronson/GitTrade/GazeboTutorials/ROS2_Tutorials/ros2_ws/build/examples_rclpy_minimal_publisher/resource/examples_rclpy_minimal_publisher -> /home/antoronson/GitTrade/GazeboTutorials/ROS2_Tutorials/ros2_ws/install/examples_rclpy_minimal_publisher/share/ament_index/resource_index/packages
[0.709s] symbolically linking /home/antoronson/GitTrade/GazeboTutorials/ROS2_Tutorials/ros2_ws/build/examples_rclpy_minimal_publisher/package.xml -> /home/antoronson/GitTrade/GazeboTutorials/ROS2_Tutorials/ros2_ws/install/examples_rclpy_minimal_publisher/share/examples_rclpy_minimal_publisher
[0.735s] Invoked command in '/home/antoronson/GitTrade/GazeboTutorials/ROS2_Tutorials/ros2_ws/build/examples_rclpy_minimal_publisher' returned '0': PYTHONPATH=/home/antoronson/GitTrade/GazeboTutorials/ROS2_Tutorials/ros2_ws/build/examples_rclpy_minimal_publisher/prefix_override:/home/antoronson/GitTrade/GazeboTutorials/ROS2_Tutorials/ros2_ws/install/examples_rclpy_minimal_publisher/lib/python3.10/site-packages:${PYTHONPATH} /usr/bin/python3 -W ignore:setup.py install is deprecated setup.py develop --editable --build-directory /home/antoronson/GitTrade/GazeboTutorials/ROS2_Tutorials/ros2_ws/build/examples_rclpy_minimal_publisher/build --no-deps symlink_data
