[0.004s] Invoking command in '/home/antoronson/GitTrade/GazeboTutorials/ROS2_Tutorials/ros2_ws/build/examples_rclcpp_multithreaded_executor': CMAKE_PREFIX_PATH=/opt/ros/humble /usr/bin/cmake /home/antoronson/GitTrade/GazeboTutorials/ROS2_Tutorials/ros2_ws/src/examples/rclcpp/executors/multithreaded_executor -DAMENT_CMAKE_SYMLINK_INSTALL=1 -DCMAKE_INSTALL_PREFIX=/home/antoronson/GitTrade/GazeboTutorials/ROS2_Tutorials/ros2_ws/install/examples_rclcpp_multithreaded_executor
[0.055s] -- The C compiler identification is GNU 11.4.0
[0.100s] -- The CXX compiler identification is GNU 11.4.0
[0.105s] -- Detecting C compiler ABI info
[0.158s] -- Detecting C compiler ABI info - done
[0.166s] -- Check for working C compiler: /usr/bin/cc - skipped
[0.166s] -- Detecting C compile features
[0.166s] -- Detecting C compile features - done
[0.169s] -- Detecting CXX compiler ABI info
[0.229s] -- Detecting CXX compiler ABI info - done
[0.235s] -- Check for working CXX compiler: /usr/bin/c++ - skipped
[0.235s] -- Detecting CXX compile features
[0.235s] -- Detecting CXX compile features - done
[0.237s] -- Found ament_cmake: 1.3.9 (/opt/ros/humble/share/ament_cmake/cmake)
[0.347s] -- Found Python3: /usr/bin/python3 (found version "3.10.12") found components: Interpreter 
[0.395s] -- Override CMake install command with custom implementation using symlinks instead of copying resources
[0.413s] -- Found rclcpp: 16.0.9 (/opt/ros/humble/share/rclcpp/cmake)
[0.442s] -- Found rosidl_generator_c: 3.1.5 (/opt/ros/humble/share/rosidl_generator_c/cmake)
[0.446s] -- Found rosidl_adapter: 3.1.5 (/opt/ros/humble/share/rosidl_adapter/cmake)
[0.452s] -- Found rosidl_generator_cpp: 3.1.5 (/opt/ros/humble/share/rosidl_generator_cpp/cmake)
[0.461s] -- Using all available rosidl_typesupport_c: rosidl_typesupport_fastrtps_c;rosidl_typesupport_introspection_c
[0.480s] -- Using all available rosidl_typesupport_cpp: rosidl_typesupport_fastrtps_cpp;rosidl_typesupport_introspection_cpp
[0.528s] -- Found rmw_implementation_cmake: 6.1.2 (/opt/ros/humble/share/rmw_implementation_cmake/cmake)
[0.530s] -- Found rmw_cyclonedds_cpp: 1.3.4 (/opt/ros/humble/share/rmw_cyclonedds_cpp/cmake)
[0.550s] -- Using RMW implementation 'rmw_cyclonedds_cpp' as default
[0.556s] -- Looking for pthread.h
[0.612s] -- Looking for pthread.h - found
[0.612s] -- Performing Test CMAKE_HAVE_LIBC_PTHREAD
[0.660s] -- Performing Test CMAKE_HAVE_LIBC_PTHREAD - Success
[0.661s] -- Found Threads: TRUE  
[0.786s] -- Found ament_lint_auto: 0.12.11 (/opt/ros/humble/share/ament_lint_auto/cmake)
[0.852s] -- Added test 'copyright' to check source files copyright and LICENSE
[0.852s] -- Added test 'cppcheck' to perform static code analysis on C / C++ code
[0.853s] -- Configured cppcheck include dirs: 
[0.853s] -- Configured cppcheck exclude dirs and/or files: 
[0.853s] -- Added test 'cpplint' to check C / C++ code against the Google style
[0.853s] -- Configured cpplint exclude dirs and/or files: 
[0.854s] -- Added test 'lint_cmake' to check CMake code style
[0.854s] -- Added test 'uncrustify' to check C / C++ code style
[0.855s] -- Configured uncrustify additional arguments: 
[0.855s] -- Added test 'xmllint' to check XML markup files
[0.856s] -- Configuring done
[0.861s] -- Generating done
[0.863s] -- Build files have been written to: /home/antoronson/GitTrade/GazeboTutorials/ROS2_Tutorials/ros2_ws/build/examples_rclcpp_multithreaded_executor
[0.873s] Invoked command in '/home/antoronson/GitTrade/GazeboTutorials/ROS2_Tutorials/ros2_ws/build/examples_rclcpp_multithreaded_executor' returned '0': CMAKE_PREFIX_PATH=/opt/ros/humble /usr/bin/cmake /home/antoronson/GitTrade/GazeboTutorials/ROS2_Tutorials/ros2_ws/src/examples/rclcpp/executors/multithreaded_executor -DAMENT_CMAKE_SYMLINK_INSTALL=1 -DCMAKE_INSTALL_PREFIX=/home/antoronson/GitTrade/GazeboTutorials/ROS2_Tutorials/ros2_ws/install/examples_rclcpp_multithreaded_executor
[0.874s] Invoking command in '/home/antoronson/GitTrade/GazeboTutorials/ROS2_Tutorials/ros2_ws/build/examples_rclcpp_multithreaded_executor': CMAKE_PREFIX_PATH=/opt/ros/humble /usr/bin/cmake --build /home/antoronson/GitTrade/GazeboTutorials/ROS2_Tutorials/ros2_ws/build/examples_rclcpp_multithreaded_executor -- -j1 -l1
[0.908s] [ 50%] [32mBuilding CXX object CMakeFiles/multithreaded_executor.dir/multithreaded_executor.cpp.o[0m
[6.974s] [100%] [32m[1mLinking CXX executable multithreaded_executor[0m
[7.227s] [100%] Built target multithreaded_executor
[7.235s] Invoked command in '/home/antoronson/GitTrade/GazeboTutorials/ROS2_Tutorials/ros2_ws/build/examples_rclcpp_multithreaded_executor' returned '0': CMAKE_PREFIX_PATH=/opt/ros/humble /usr/bin/cmake --build /home/antoronson/GitTrade/GazeboTutorials/ROS2_Tutorials/ros2_ws/build/examples_rclcpp_multithreaded_executor -- -j1 -l1
[7.251s] Invoking command in '/home/antoronson/GitTrade/GazeboTutorials/ROS2_Tutorials/ros2_ws/build/examples_rclcpp_multithreaded_executor': CMAKE_PREFIX_PATH=/opt/ros/humble /usr/bin/cmake --install /home/antoronson/GitTrade/GazeboTutorials/ROS2_Tutorials/ros2_ws/build/examples_rclcpp_multithreaded_executor
[7.256s] -- Install configuration: ""
[7.257s] -- Execute custom install script
[7.257s] -- Symlinking: /home/antoronson/GitTrade/GazeboTutorials/ROS2_Tutorials/ros2_ws/install/examples_rclcpp_multithreaded_executor/lib/examples_rclcpp_multithreaded_executor/multithreaded_executor
[7.263s] -- Symlinking: /home/antoronson/GitTrade/GazeboTutorials/ROS2_Tutorials/ros2_ws/install/examples_rclcpp_multithreaded_executor/share/ament_index/resource_index/package_run_dependencies/examples_rclcpp_multithreaded_executor
[7.268s] -- Symlinking: /home/antoronson/GitTrade/GazeboTutorials/ROS2_Tutorials/ros2_ws/install/examples_rclcpp_multithreaded_executor/share/ament_index/resource_index/parent_prefix_path/examples_rclcpp_multithreaded_executor
[7.273s] -- Symlinking: /home/antoronson/GitTrade/GazeboTutorials/ROS2_Tutorials/ros2_ws/install/examples_rclcpp_multithreaded_executor/share/examples_rclcpp_multithreaded_executor/environment/ament_prefix_path.sh
[7.278s] -- Symlinking: /home/antoronson/GitTrade/GazeboTutorials/ROS2_Tutorials/ros2_ws/install/examples_rclcpp_multithreaded_executor/share/examples_rclcpp_multithreaded_executor/environment/ament_prefix_path.dsv
[7.283s] -- Symlinking: /home/antoronson/GitTrade/GazeboTutorials/ROS2_Tutorials/ros2_ws/install/examples_rclcpp_multithreaded_executor/share/examples_rclcpp_multithreaded_executor/environment/path.sh
[7.288s] -- Symlinking: /home/antoronson/GitTrade/GazeboTutorials/ROS2_Tutorials/ros2_ws/install/examples_rclcpp_multithreaded_executor/share/examples_rclcpp_multithreaded_executor/environment/path.dsv
[7.293s] -- Symlinking: /home/antoronson/GitTrade/GazeboTutorials/ROS2_Tutorials/ros2_ws/install/examples_rclcpp_multithreaded_executor/share/examples_rclcpp_multithreaded_executor/local_setup.bash
[7.299s] -- Symlinking: /home/antoronson/GitTrade/GazeboTutorials/ROS2_Tutorials/ros2_ws/install/examples_rclcpp_multithreaded_executor/share/examples_rclcpp_multithreaded_executor/local_setup.sh
[7.309s] -- Symlinking: /home/antoronson/GitTrade/GazeboTutorials/ROS2_Tutorials/ros2_ws/install/examples_rclcpp_multithreaded_executor/share/examples_rclcpp_multithreaded_executor/local_setup.zsh
[7.315s] -- Symlinking: /home/antoronson/GitTrade/GazeboTutorials/ROS2_Tutorials/ros2_ws/install/examples_rclcpp_multithreaded_executor/share/examples_rclcpp_multithreaded_executor/local_setup.dsv
[7.321s] -- Symlinking: /home/antoronson/GitTrade/GazeboTutorials/ROS2_Tutorials/ros2_ws/install/examples_rclcpp_multithreaded_executor/share/examples_rclcpp_multithreaded_executor/package.dsv
[7.327s] -- Symlinking: /home/antoronson/GitTrade/GazeboTutorials/ROS2_Tutorials/ros2_ws/install/examples_rclcpp_multithreaded_executor/share/ament_index/resource_index/packages/examples_rclcpp_multithreaded_executor
[7.332s] -- Symlinking: /home/antoronson/GitTrade/GazeboTutorials/ROS2_Tutorials/ros2_ws/install/examples_rclcpp_multithreaded_executor/share/examples_rclcpp_multithreaded_executor/cmake/examples_rclcpp_multithreaded_executorConfig.cmake
[7.338s] -- Symlinking: /home/antoronson/GitTrade/GazeboTutorials/ROS2_Tutorials/ros2_ws/install/examples_rclcpp_multithreaded_executor/share/examples_rclcpp_multithreaded_executor/cmake/examples_rclcpp_multithreaded_executorConfig-version.cmake
[7.348s] -- Symlinking: /home/antoronson/GitTrade/GazeboTutorials/ROS2_Tutorials/ros2_ws/install/examples_rclcpp_multithreaded_executor/share/examples_rclcpp_multithreaded_executor/package.xml
[7.359s] Invoked command in '/home/antoronson/GitTrade/GazeboTutorials/ROS2_Tutorials/ros2_ws/build/examples_rclcpp_multithreaded_executor' returned '0': CMAKE_PREFIX_PATH=/opt/ros/humble /usr/bin/cmake --install /home/antoronson/GitTrade/GazeboTutorials/ROS2_Tutorials/ros2_ws/build/examples_rclcpp_multithreaded_executor
