running egg_info
creating ../../build/py_srv_add2num/py_srv_add2num.egg-info
writing ../../build/py_srv_add2num/py_srv_add2num.egg-info/PKG-INFO
writing dependency_links to ../../build/py_srv_add2num/py_srv_add2num.egg-info/dependency_links.txt
writing entry points to ../../build/py_srv_add2num/py_srv_add2num.egg-info/entry_points.txt
writing requirements to ../../build/py_srv_add2num/py_srv_add2num.egg-info/requires.txt
writing top-level names to ../../build/py_srv_add2num/py_srv_add2num.egg-info/top_level.txt
writing manifest file '../../build/py_srv_add2num/py_srv_add2num.egg-info/SOURCES.txt'
reading manifest file '../../build/py_srv_add2num/py_srv_add2num.egg-info/SOURCES.txt'
writing manifest file '../../build/py_srv_add2num/py_srv_add2num.egg-info/SOURCES.txt'
running build
running build_py
creating /home/antoronson/GitTrade/GazeboTutorials/ROS2_Tutorials/ros2_ws/build/py_srv_add2num/build
creating /home/antoronson/GitTrade/GazeboTutorials/ROS2_Tutorials/ros2_ws/build/py_srv_add2num/build/lib
creating /home/antoronson/GitTrade/GazeboTutorials/ROS2_Tutorials/ros2_ws/build/py_srv_add2num/build/lib/py_srv_add2num
copying py_srv_add2num/__init__.py -> /home/antoronson/GitTrade/GazeboTutorials/ROS2_Tutorials/ros2_ws/build/py_srv_add2num/build/lib/py_srv_add2num
copying py_srv_add2num/add_two_ints_server.py -> /home/antoronson/GitTrade/GazeboTutorials/ROS2_Tutorials/ros2_ws/build/py_srv_add2num/build/lib/py_srv_add2num
running install
running install_lib
creating /home/antoronson/GitTrade/GazeboTutorials/ROS2_Tutorials/ros2_ws/install/py_srv_add2num/lib/python3.10/site-packages/py_srv_add2num
copying /home/antoronson/GitTrade/GazeboTutorials/ROS2_Tutorials/ros2_ws/build/py_srv_add2num/build/lib/py_srv_add2num/__init__.py -> /home/antoronson/GitTrade/GazeboTutorials/ROS2_Tutorials/ros2_ws/install/py_srv_add2num/lib/python3.10/site-packages/py_srv_add2num
copying /home/antoronson/GitTrade/GazeboTutorials/ROS2_Tutorials/ros2_ws/build/py_srv_add2num/build/lib/py_srv_add2num/add_two_ints_server.py -> /home/antoronson/GitTrade/GazeboTutorials/ROS2_Tutorials/ros2_ws/install/py_srv_add2num/lib/python3.10/site-packages/py_srv_add2num
byte-compiling /home/antoronson/GitTrade/GazeboTutorials/ROS2_Tutorials/ros2_ws/install/py_srv_add2num/lib/python3.10/site-packages/py_srv_add2num/__init__.py to __init__.cpython-310.pyc
byte-compiling /home/antoronson/GitTrade/GazeboTutorials/ROS2_Tutorials/ros2_ws/install/py_srv_add2num/lib/python3.10/site-packages/py_srv_add2num/add_two_ints_server.py to add_two_ints_server.cpython-310.pyc
running install_data
creating /home/antoronson/GitTrade/GazeboTutorials/ROS2_Tutorials/ros2_ws/install/py_srv_add2num/share/ament_index
creating /home/antoronson/GitTrade/GazeboTutorials/ROS2_Tutorials/ros2_ws/install/py_srv_add2num/share/ament_index/resource_index
creating /home/antoronson/GitTrade/GazeboTutorials/ROS2_Tutorials/ros2_ws/install/py_srv_add2num/share/ament_index/resource_index/packages
copying resource/py_srv_add2num -> /home/antoronson/GitTrade/GazeboTutorials/ROS2_Tutorials/ros2_ws/install/py_srv_add2num/share/ament_index/resource_index/packages
copying package.xml -> /home/antoronson/GitTrade/GazeboTutorials/ROS2_Tutorials/ros2_ws/install/py_srv_add2num/share/py_srv_add2num
running install_egg_info
Copying ../../build/py_srv_add2num/py_srv_add2num.egg-info to /home/antoronson/GitTrade/GazeboTutorials/ROS2_Tutorials/ros2_ws/install/py_srv_add2num/lib/python3.10/site-packages/py_srv_add2num-0.0.1-py3.10.egg-info
running install_scripts
writing list of installed files to '/home/antoronson/GitTrade/GazeboTutorials/ROS2_Tutorials/ros2_ws/build/py_srv_add2num/install.log'
