[6.264s] Invoking command in '/home/antoronson/GitTrade/GazeboTutorials/ROS2_Tutorials/ros2_ws/src/py_srv_add2num': CONDA_PROMPT_MODIFIER=(base) PYTHONPATH=/home/antoronson/GitTrade/GazeboTutorials/ROS2_Tutorials/ros2_ws/build/py_srv_add2num/prefix_override:/home/antoronson/GitTrade/GazeboTutorials/ROS2_Tutorials/ros2_ws/install/py_srv_add2num/lib/python3.10/site-packages:${PYTHONPATH} /usr/bin/python3 -W ignore:setup.py install is deprecated setup.py egg_info --egg-base ../../build/py_srv_add2num build --build-base /home/antoronson/GitTrade/GazeboTutorials/ROS2_Tutorials/ros2_ws/build/py_srv_add2num/build install --record /home/antoronson/GitTrade/GazeboTutorials/ROS2_Tutorials/ros2_ws/build/py_srv_add2num/install.log --single-version-externally-managed install_data
[7.423s] running egg_info
[7.424s] writing ../../build/py_srv_add2num/py_srv_add2num.egg-info/PKG-INFO
[7.425s] writing dependency_links to ../../build/py_srv_add2num/py_srv_add2num.egg-info/dependency_links.txt
[7.425s] writing entry points to ../../build/py_srv_add2num/py_srv_add2num.egg-info/entry_points.txt
[7.425s] writing requirements to ../../build/py_srv_add2num/py_srv_add2num.egg-info/requires.txt
[7.426s] writing top-level names to ../../build/py_srv_add2num/py_srv_add2num.egg-info/top_level.txt
[7.428s] reading manifest file '../../build/py_srv_add2num/py_srv_add2num.egg-info/SOURCES.txt'
[7.430s] writing manifest file '../../build/py_srv_add2num/py_srv_add2num.egg-info/SOURCES.txt'
[7.430s] running build
[7.430s] running build_py
[7.430s] running install
[7.431s] running install_lib
[7.435s] running install_data
[7.435s] running install_egg_info
[7.475s] removing '/home/antoronson/GitTrade/GazeboTutorials/ROS2_Tutorials/ros2_ws/install/py_srv_add2num/lib/python3.10/site-packages/py_srv_add2num-0.0.1-py3.10.egg-info' (and everything under it)
[7.476s] Copying ../../build/py_srv_add2num/py_srv_add2num.egg-info to /home/antoronson/GitTrade/GazeboTutorials/ROS2_Tutorials/ros2_ws/install/py_srv_add2num/lib/python3.10/site-packages/py_srv_add2num-0.0.1-py3.10.egg-info
[7.478s] running install_scripts
[7.616s] writing list of installed files to '/home/antoronson/GitTrade/GazeboTutorials/ROS2_Tutorials/ros2_ws/build/py_srv_add2num/install.log'
[7.681s] Invoked command in '/home/antoronson/GitTrade/GazeboTutorials/ROS2_Tutorials/ros2_ws/src/py_srv_add2num' returned '0': CONDA_PROMPT_MODIFIER=(base) PYTHONPATH=/home/antoronson/GitTrade/GazeboTutorials/ROS2_Tutorials/ros2_ws/build/py_srv_add2num/prefix_override:/home/antoronson/GitTrade/GazeboTutorials/ROS2_Tutorials/ros2_ws/install/py_srv_add2num/lib/python3.10/site-packages:${PYTHONPATH} /usr/bin/python3 -W ignore:setup.py install is deprecated setup.py egg_info --egg-base ../../build/py_srv_add2num build --build-base /home/antoronson/GitTrade/GazeboTutorials/ROS2_Tutorials/ros2_ws/build/py_srv_add2num/build install --record /home/antoronson/GitTrade/GazeboTutorials/ROS2_Tutorials/ros2_ws/build/py_srv_add2num/install.log --single-version-externally-managed install_data
