[0.676s] Invoking command in '/home/antoronson/GitTrade/GazeboTutorials/ROS2_Tutorials/ros2_ws/build/examples_rclpy_executors': PYTHONPATH=/home/antoronson/GitTrade/GazeboTutorials/ROS2_Tutorials/ros2_ws/build/examples_rclpy_executors/prefix_override:/home/antoronson/GitTrade/GazeboTutorials/ROS2_Tutorials/ros2_ws/install/examples_rclpy_executors/lib/python3.10/site-packages:${PYTHONPATH} /usr/bin/python3 -W ignore:setup.py install is deprecated setup.py develop --editable --build-directory /home/antoronson/GitTrade/GazeboTutorials/ROS2_Tutorials/ros2_ws/build/examples_rclpy_executors/build --no-deps symlink_data
[0.853s] running develop
[0.866s] /usr/lib/python3/dist-packages/setuptools/command/easy_install.py:158: EasyInstallDeprecationWarning: easy_install command is deprecated. Use build and pip and other standards-based tools.
[0.866s]   warnings.warn(
[0.971s] running egg_info
[0.971s] creating examples_rclpy_executors.egg-info
[0.971s] writing examples_rclpy_executors.egg-info/PKG-INFO
[0.971s] writing dependency_links to examples_rclpy_executors.egg-info/dependency_links.txt
[0.976s] writing entry points to examples_rclpy_executors.egg-info/entry_points.txt
[0.976s] writing requirements to examples_rclpy_executors.egg-info/requires.txt
[0.976s] writing top-level names to examples_rclpy_executors.egg-info/top_level.txt
[0.977s] writing manifest file 'examples_rclpy_executors.egg-info/SOURCES.txt'
[0.979s] reading manifest file 'examples_rclpy_executors.egg-info/SOURCES.txt'
[0.980s] writing manifest file 'examples_rclpy_executors.egg-info/SOURCES.txt'
[0.981s] running build_ext
[0.981s] Creating /home/antoronson/GitTrade/GazeboTutorials/ROS2_Tutorials/ros2_ws/install/examples_rclpy_executors/lib/python3.10/site-packages/examples-rclpy-executors.egg-link (link to .)
[0.982s] Installing callback_group script to /home/antoronson/GitTrade/GazeboTutorials/ROS2_Tutorials/ros2_ws/install/examples_rclpy_executors/lib/examples_rclpy_executors
[0.982s] Installing composed script to /home/antoronson/GitTrade/GazeboTutorials/ROS2_Tutorials/ros2_ws/install/examples_rclpy_executors/lib/examples_rclpy_executors
[0.982s] Installing custom_callback_group script to /home/antoronson/GitTrade/GazeboTutorials/ROS2_Tutorials/ros2_ws/install/examples_rclpy_executors/lib/examples_rclpy_executors
[0.982s] Installing custom_executor script to /home/antoronson/GitTrade/GazeboTutorials/ROS2_Tutorials/ros2_ws/install/examples_rclpy_executors/lib/examples_rclpy_executors
[0.982s] Installing listener script to /home/antoronson/GitTrade/GazeboTutorials/ROS2_Tutorials/ros2_ws/install/examples_rclpy_executors/lib/examples_rclpy_executors
[0.983s] Installing talker script to /home/antoronson/GitTrade/GazeboTutorials/ROS2_Tutorials/ros2_ws/install/examples_rclpy_executors/lib/examples_rclpy_executors
[0.983s] 
[0.983s] Installed /home/antoronson/GitTrade/GazeboTutorials/ROS2_Tutorials/ros2_ws/build/examples_rclpy_executors
[0.983s] running symlink_data
[0.983s] creating /home/antoronson/GitTrade/GazeboTutorials/ROS2_Tutorials/ros2_ws/install/examples_rclpy_executors/share/ament_index
[0.983s] creating /home/antoronson/GitTrade/GazeboTutorials/ROS2_Tutorials/ros2_ws/install/examples_rclpy_executors/share/ament_index/resource_index
[0.983s] creating /home/antoronson/GitTrade/GazeboTutorials/ROS2_Tutorials/ros2_ws/install/examples_rclpy_executors/share/ament_index/resource_index/packages
[0.983s] symbolically linking /home/antoronson/GitTrade/GazeboTutorials/ROS2_Tutorials/ros2_ws/build/examples_rclpy_executors/resource/examples_rclpy_executors -> /home/antoronson/GitTrade/GazeboTutorials/ROS2_Tutorials/ros2_ws/install/examples_rclpy_executors/share/ament_index/resource_index/packages
[0.984s] symbolically linking /home/antoronson/GitTrade/GazeboTutorials/ROS2_Tutorials/ros2_ws/build/examples_rclpy_executors/package.xml -> /home/antoronson/GitTrade/GazeboTutorials/ROS2_Tutorials/ros2_ws/install/examples_rclpy_executors/share/examples_rclpy_executors
[1.004s] Invoked command in '/home/antoronson/GitTrade/GazeboTutorials/ROS2_Tutorials/ros2_ws/build/examples_rclpy_executors' returned '0': PYTHONPATH=/home/antoronson/GitTrade/GazeboTutorials/ROS2_Tutorials/ros2_ws/build/examples_rclpy_executors/prefix_override:/home/antoronson/GitTrade/GazeboTutorials/ROS2_Tutorials/ros2_ws/install/examples_rclpy_executors/lib/python3.10/site-packages:${PYTHONPATH} /usr/bin/python3 -W ignore:setup.py install is deprecated setup.py develop --editable --build-directory /home/antoronson/GitTrade/GazeboTutorials/ROS2_Tutorials/ros2_ws/build/examples_rclpy_executors/build --no-deps symlink_data
