[0.004s] Invoking command in '/home/antoronson/GitTrade/GazeboTutorials/ROS2_Tutorials/ros2_ws/build/examples_rclcpp_minimal_publisher': CMAKE_PREFIX_PATH=/opt/ros/humble /usr/bin/cmake /home/antoronson/GitTrade/GazeboTutorials/ROS2_Tutorials/ros2_ws/src/examples/rclcpp/topics/minimal_publisher -DAMENT_CMAKE_SYMLINK_INSTALL=1 -DCMAKE_INSTALL_PREFIX=/home/antoronson/GitTrade/GazeboTutorials/ROS2_Tutorials/ros2_ws/install/examples_rclcpp_minimal_publisher
[0.057s] -- The C compiler identification is GNU 11.4.0
[0.110s] -- The CXX compiler identification is GNU 11.4.0
[0.115s] -- Detecting C compiler ABI info
[0.170s] -- Detecting C compiler ABI info - done
[0.176s] -- Check for working C compiler: /usr/bin/cc - skipped
[0.176s] -- Detecting C compile features
[0.177s] -- Detecting C compile features - done
[0.179s] -- Detecting CXX compiler ABI info
[0.243s] -- Detecting CXX compiler ABI info - done
[0.248s] -- Check for working CXX compiler: /usr/bin/c++ - skipped
[0.249s] -- Detecting CXX compile features
[0.249s] -- Detecting CXX compile features - done
[0.251s] -- Found ament_cmake: 1.3.9 (/opt/ros/humble/share/ament_cmake/cmake)
[0.353s] -- Found Python3: /usr/bin/python3 (found version "3.10.12") found components: Interpreter 
[0.399s] -- Override CMake install command with custom implementation using symlinks instead of copying resources
[0.415s] -- Found rclcpp: 16.0.9 (/opt/ros/humble/share/rclcpp/cmake)
[0.441s] -- Found rosidl_generator_c: 3.1.5 (/opt/ros/humble/share/rosidl_generator_c/cmake)
[0.444s] -- Found rosidl_adapter: 3.1.5 (/opt/ros/humble/share/rosidl_adapter/cmake)
[0.450s] -- Found rosidl_generator_cpp: 3.1.5 (/opt/ros/humble/share/rosidl_generator_cpp/cmake)
[0.460s] -- Using all available rosidl_typesupport_c: rosidl_typesupport_fastrtps_c;rosidl_typesupport_introspection_c
[0.477s] -- Using all available rosidl_typesupport_cpp: rosidl_typesupport_fastrtps_cpp;rosidl_typesupport_introspection_cpp
[0.520s] -- Found rmw_implementation_cmake: 6.1.2 (/opt/ros/humble/share/rmw_implementation_cmake/cmake)
[0.522s] -- Found rmw_cyclonedds_cpp: 1.3.4 (/opt/ros/humble/share/rmw_cyclonedds_cpp/cmake)
[0.543s] -- Using RMW implementation 'rmw_cyclonedds_cpp' as default
[0.549s] -- Looking for pthread.h
[0.605s] -- Looking for pthread.h - found
[0.606s] -- Performing Test CMAKE_HAVE_LIBC_PTHREAD
[0.655s] -- Performing Test CMAKE_HAVE_LIBC_PTHREAD - Success
[0.657s] -- Found Threads: TRUE  
[0.772s] -- Found ament_lint_auto: 0.12.11 (/opt/ros/humble/share/ament_lint_auto/cmake)
[0.851s] -- Added test 'copyright' to check source files copyright and LICENSE
[0.852s] -- Added test 'cppcheck' to perform static code analysis on C / C++ code
[0.852s] -- Configured cppcheck include dirs: 
[0.853s] -- Configured cppcheck exclude dirs and/or files: 
[0.853s] -- Added test 'cpplint' to check C / C++ code against the Google style
[0.853s] -- Configured cpplint exclude dirs and/or files: 
[0.854s] -- Added test 'lint_cmake' to check CMake code style
[0.854s] -- Added test 'uncrustify' to check C / C++ code style
[0.854s] -- Configured uncrustify additional arguments: 
[0.855s] -- Added test 'xmllint' to check XML markup files
[0.856s] -- Configuring done
[0.876s] -- Generating done
[0.878s] -- Build files have been written to: /home/antoronson/GitTrade/GazeboTutorials/ROS2_Tutorials/ros2_ws/build/examples_rclcpp_minimal_publisher
[0.885s] Invoked command in '/home/antoronson/GitTrade/GazeboTutorials/ROS2_Tutorials/ros2_ws/build/examples_rclcpp_minimal_publisher' returned '0': CMAKE_PREFIX_PATH=/opt/ros/humble /usr/bin/cmake /home/antoronson/GitTrade/GazeboTutorials/ROS2_Tutorials/ros2_ws/src/examples/rclcpp/topics/minimal_publisher -DAMENT_CMAKE_SYMLINK_INSTALL=1 -DCMAKE_INSTALL_PREFIX=/home/antoronson/GitTrade/GazeboTutorials/ROS2_Tutorials/ros2_ws/install/examples_rclcpp_minimal_publisher
[0.885s] Invoking command in '/home/antoronson/GitTrade/GazeboTutorials/ROS2_Tutorials/ros2_ws/build/examples_rclcpp_minimal_publisher': CMAKE_PREFIX_PATH=/opt/ros/humble /usr/bin/cmake --build /home/antoronson/GitTrade/GazeboTutorials/ROS2_Tutorials/ros2_ws/build/examples_rclcpp_minimal_publisher -- -j1 -l1
[0.920s] [  8%] [32mBuilding CXX object CMakeFiles/publisher_lambda.dir/lambda.cpp.o[0m
[4.249s] [ 16%] [32m[1mLinking CXX executable publisher_lambda[0m
[4.403s] [ 16%] Built target publisher_lambda
[4.420s] [ 25%] [32mBuilding CXX object CMakeFiles/publisher_member_function.dir/member_function.cpp.o[0m
[7.575s] [ 33%] [32m[1mLinking CXX executable publisher_member_function[0m
[7.690s] [ 33%] Built target publisher_member_function
[7.709s] [ 41%] [32mBuilding CXX object CMakeFiles/publisher_member_function_with_type_adapter.dir/member_function_with_type_adapter.cpp.o[0m
[10.860s] [ 50%] [32m[1mLinking CXX executable publisher_member_function_with_type_adapter[0m
[11.003s] [ 50%] Built target publisher_member_function_with_type_adapter
[11.022s] [ 58%] [32mBuilding CXX object CMakeFiles/publisher_member_function_with_unique_network_flow_endpoints.dir/member_function_with_unique_network_flow_endpoints.cpp.o[0m
[14.112s] [ 66%] [32m[1mLinking CXX executable publisher_member_function_with_unique_network_flow_endpoints[0m
[14.235s] [ 66%] Built target publisher_member_function_with_unique_network_flow_endpoints
[14.250s] [ 75%] [32mBuilding CXX object CMakeFiles/publisher_wait_for_all_acked.dir/member_function_with_wait_for_all_acked.cpp.o[0m
[17.279s] [ 83%] [32m[1mLinking CXX executable publisher_wait_for_all_acked[0m
[17.397s] [ 83%] Built target publisher_wait_for_all_acked
[17.410s] [ 91%] [32mBuilding CXX object CMakeFiles/publisher_not_composable.dir/not_composable.cpp.o[0m
[20.537s] [100%] [32m[1mLinking CXX executable publisher_not_composable[0m
[20.650s] [100%] Built target publisher_not_composable
[20.658s] Invoked command in '/home/antoronson/GitTrade/GazeboTutorials/ROS2_Tutorials/ros2_ws/build/examples_rclcpp_minimal_publisher' returned '0': CMAKE_PREFIX_PATH=/opt/ros/humble /usr/bin/cmake --build /home/antoronson/GitTrade/GazeboTutorials/ROS2_Tutorials/ros2_ws/build/examples_rclcpp_minimal_publisher -- -j1 -l1
[20.691s] Invoking command in '/home/antoronson/GitTrade/GazeboTutorials/ROS2_Tutorials/ros2_ws/build/examples_rclcpp_minimal_publisher': CMAKE_PREFIX_PATH=/opt/ros/humble /usr/bin/cmake --install /home/antoronson/GitTrade/GazeboTutorials/ROS2_Tutorials/ros2_ws/build/examples_rclcpp_minimal_publisher
[20.697s] -- Install configuration: ""
[20.698s] -- Execute custom install script
[20.698s] -- Symlinking: /home/antoronson/GitTrade/GazeboTutorials/ROS2_Tutorials/ros2_ws/install/examples_rclcpp_minimal_publisher/lib/examples_rclcpp_minimal_publisher/publisher_lambda
[20.704s] -- Symlinking: /home/antoronson/GitTrade/GazeboTutorials/ROS2_Tutorials/ros2_ws/install/examples_rclcpp_minimal_publisher/lib/examples_rclcpp_minimal_publisher/publisher_member_function
[20.709s] -- Symlinking: /home/antoronson/GitTrade/GazeboTutorials/ROS2_Tutorials/ros2_ws/install/examples_rclcpp_minimal_publisher/lib/examples_rclcpp_minimal_publisher/publisher_member_function_with_type_adapter
[20.714s] -- Symlinking: /home/antoronson/GitTrade/GazeboTutorials/ROS2_Tutorials/ros2_ws/install/examples_rclcpp_minimal_publisher/lib/examples_rclcpp_minimal_publisher/publisher_member_function_with_unique_network_flow_endpoints
[20.719s] -- Symlinking: /home/antoronson/GitTrade/GazeboTutorials/ROS2_Tutorials/ros2_ws/install/examples_rclcpp_minimal_publisher/lib/examples_rclcpp_minimal_publisher/publisher_wait_for_all_acked
[20.724s] -- Symlinking: /home/antoronson/GitTrade/GazeboTutorials/ROS2_Tutorials/ros2_ws/install/examples_rclcpp_minimal_publisher/lib/examples_rclcpp_minimal_publisher/publisher_not_composable
[20.729s] -- Symlinking: /home/antoronson/GitTrade/GazeboTutorials/ROS2_Tutorials/ros2_ws/install/examples_rclcpp_minimal_publisher/share/ament_index/resource_index/package_run_dependencies/examples_rclcpp_minimal_publisher
[20.734s] -- Symlinking: /home/antoronson/GitTrade/GazeboTutorials/ROS2_Tutorials/ros2_ws/install/examples_rclcpp_minimal_publisher/share/ament_index/resource_index/parent_prefix_path/examples_rclcpp_minimal_publisher
[20.740s] -- Symlinking: /home/antoronson/GitTrade/GazeboTutorials/ROS2_Tutorials/ros2_ws/install/examples_rclcpp_minimal_publisher/share/examples_rclcpp_minimal_publisher/environment/ament_prefix_path.sh
[20.745s] -- Symlinking: /home/antoronson/GitTrade/GazeboTutorials/ROS2_Tutorials/ros2_ws/install/examples_rclcpp_minimal_publisher/share/examples_rclcpp_minimal_publisher/environment/ament_prefix_path.dsv
[20.750s] -- Symlinking: /home/antoronson/GitTrade/GazeboTutorials/ROS2_Tutorials/ros2_ws/install/examples_rclcpp_minimal_publisher/share/examples_rclcpp_minimal_publisher/environment/path.sh
[20.755s] -- Symlinking: /home/antoronson/GitTrade/GazeboTutorials/ROS2_Tutorials/ros2_ws/install/examples_rclcpp_minimal_publisher/share/examples_rclcpp_minimal_publisher/environment/path.dsv
[20.761s] -- Symlinking: /home/antoronson/GitTrade/GazeboTutorials/ROS2_Tutorials/ros2_ws/install/examples_rclcpp_minimal_publisher/share/examples_rclcpp_minimal_publisher/local_setup.bash
[20.766s] -- Symlinking: /home/antoronson/GitTrade/GazeboTutorials/ROS2_Tutorials/ros2_ws/install/examples_rclcpp_minimal_publisher/share/examples_rclcpp_minimal_publisher/local_setup.sh
[20.771s] -- Symlinking: /home/antoronson/GitTrade/GazeboTutorials/ROS2_Tutorials/ros2_ws/install/examples_rclcpp_minimal_publisher/share/examples_rclcpp_minimal_publisher/local_setup.zsh
[20.781s] -- Symlinking: /home/antoronson/GitTrade/GazeboTutorials/ROS2_Tutorials/ros2_ws/install/examples_rclcpp_minimal_publisher/share/examples_rclcpp_minimal_publisher/local_setup.dsv
[20.787s] -- Symlinking: /home/antoronson/GitTrade/GazeboTutorials/ROS2_Tutorials/ros2_ws/install/examples_rclcpp_minimal_publisher/share/examples_rclcpp_minimal_publisher/package.dsv
[20.793s] -- Symlinking: /home/antoronson/GitTrade/GazeboTutorials/ROS2_Tutorials/ros2_ws/install/examples_rclcpp_minimal_publisher/share/ament_index/resource_index/packages/examples_rclcpp_minimal_publisher
[20.798s] -- Symlinking: /home/antoronson/GitTrade/GazeboTutorials/ROS2_Tutorials/ros2_ws/install/examples_rclcpp_minimal_publisher/share/examples_rclcpp_minimal_publisher/cmake/examples_rclcpp_minimal_publisherConfig.cmake
[20.804s] -- Symlinking: /home/antoronson/GitTrade/GazeboTutorials/ROS2_Tutorials/ros2_ws/install/examples_rclcpp_minimal_publisher/share/examples_rclcpp_minimal_publisher/cmake/examples_rclcpp_minimal_publisherConfig-version.cmake
[20.809s] -- Symlinking: /home/antoronson/GitTrade/GazeboTutorials/ROS2_Tutorials/ros2_ws/install/examples_rclcpp_minimal_publisher/share/examples_rclcpp_minimal_publisher/package.xml
[20.819s] Invoked command in '/home/antoronson/GitTrade/GazeboTutorials/ROS2_Tutorials/ros2_ws/build/examples_rclcpp_minimal_publisher' returned '0': CMAKE_PREFIX_PATH=/opt/ros/humble /usr/bin/cmake --install /home/antoronson/GitTrade/GazeboTutorials/ROS2_Tutorials/ros2_ws/build/examples_rclcpp_minimal_publisher
