[0.077s] DEBUG:colcon:Command line arguments: ['/usr/bin/colcon', 'build']
[0.077s] DEBUG:colcon:Parsed command line arguments: Namespace(log_base=None, log_level=None, verb_name='build', build_base='build', install_base='install', merge_install=False, symlink_install=False, test_result_base=None, continue_on_error=False, executor='parallel', parallel_workers=1, event_handlers=None, ignore_user_meta=False, metas=['./colcon.meta'], base_paths=['.'], packages_ignore=None, packages_ignore_regex=None, paths=None, packages_up_to=None, packages_up_to_regex=None, packages_above=None, packages_above_and_dependencies=None, packages_above_depth=None, packages_select_by_dep=None, packages_skip_by_dep=None, packages_skip_up_to=None, packages_select_build_failed=False, packages_skip_build_finished=False, packages_select_test_failures=False, packages_skip_test_passed=False, packages_select=None, packages_skip=None, packages_select_regex=None, packages_skip_regex=None, packages_start=None, packages_end=None, allow_overriding=[], cmake_args=None, cmake_target=None, cmake_target_skip_unavailable=False, cmake_clean_cache=False, cmake_clean_first=False, cmake_force_configure=False, ament_cmake_args=None, catkin_cmake_args=None, catkin_skip_building_tests=False, mixin_files=None, mixin=None, verb_parser=<colcon_mixin.mixin.mixin_argument.MixinArgumentDecorator object at 0x71005d63e680>, verb_extension=<colcon_core.verb.build.BuildVerb object at 0x71005d63e170>, main=<bound method BuildVerb.main of <colcon_core.verb.build.BuildVerb object at 0x71005d63e170>>, mixin_verb=('build',))
[0.184s] Level 1:colcon.colcon_core.package_discovery:discover_packages(colcon_meta) check parameters
[0.184s] Level 1:colcon.colcon_core.package_discovery:discover_packages(recursive) check parameters
[0.184s] Level 1:colcon.colcon_core.package_discovery:discover_packages(ignore) check parameters
[0.184s] Level 1:colcon.colcon_core.package_discovery:discover_packages(path) check parameters
[0.184s] Level 1:colcon.colcon_core.package_discovery:discover_packages(colcon_meta) discover
[0.184s] Level 1:colcon.colcon_core.package_discovery:discover_packages(recursive) discover
[0.184s] INFO:colcon.colcon_core.package_discovery:Crawling recursively for packages in '/home/antoronson/GitTrade/GazeboTutorials/ROS2_Tutorials/ros2_ws'
[0.184s] Level 1:colcon.colcon_core.package_identification:_identify(.) by extensions ['ignore', 'ignore_ament_install']
[0.184s] Level 1:colcon.colcon_core.package_identification:_identify(.) by extension 'ignore'
[0.184s] Level 1:colcon.colcon_core.package_identification:_identify(.) by extension 'ignore_ament_install'
[0.184s] Level 1:colcon.colcon_core.package_identification:_identify(.) by extensions ['colcon_pkg']
[0.184s] Level 1:colcon.colcon_core.package_identification:_identify(.) by extension 'colcon_pkg'
[0.184s] Level 1:colcon.colcon_core.package_identification:_identify(.) by extensions ['colcon_meta']
[0.184s] Level 1:colcon.colcon_core.package_identification:_identify(.) by extension 'colcon_meta'
[0.184s] Level 1:colcon.colcon_core.package_identification:_identify(.) by extensions ['ros']
[0.184s] Level 1:colcon.colcon_core.package_identification:_identify(.) by extension 'ros'
[0.192s] Level 1:colcon.colcon_core.package_identification:_identify(.) by extensions ['cmake', 'python']
[0.192s] Level 1:colcon.colcon_core.package_identification:_identify(.) by extension 'cmake'
[0.192s] Level 1:colcon.colcon_core.package_identification:_identify(.) by extension 'python'
[0.192s] Level 1:colcon.colcon_core.package_identification:_identify(.) by extensions ['python_setup_py']
[0.192s] Level 1:colcon.colcon_core.package_identification:_identify(.) by extension 'python_setup_py'
[0.192s] Level 1:colcon.colcon_core.package_identification:_identify(build) by extensions ['ignore', 'ignore_ament_install']
[0.192s] Level 1:colcon.colcon_core.package_identification:_identify(build) by extension 'ignore'
[0.192s] Level 1:colcon.colcon_core.package_identification:_identify(build) ignored
[0.192s] Level 1:colcon.colcon_core.package_identification:_identify(install) by extensions ['ignore', 'ignore_ament_install']
[0.192s] Level 1:colcon.colcon_core.package_identification:_identify(install) by extension 'ignore'
[0.192s] Level 1:colcon.colcon_core.package_identification:_identify(install) ignored
[0.192s] Level 1:colcon.colcon_core.package_identification:_identify(log) by extensions ['ignore', 'ignore_ament_install']
[0.192s] Level 1:colcon.colcon_core.package_identification:_identify(log) by extension 'ignore'
[0.192s] Level 1:colcon.colcon_core.package_identification:_identify(log) ignored
[0.192s] Level 1:colcon.colcon_core.package_identification:_identify(src) by extensions ['ignore', 'ignore_ament_install']
[0.192s] Level 1:colcon.colcon_core.package_identification:_identify(src) by extension 'ignore'
[0.192s] Level 1:colcon.colcon_core.package_identification:_identify(src) by extension 'ignore_ament_install'
[0.192s] Level 1:colcon.colcon_core.package_identification:_identify(src) by extensions ['colcon_pkg']
[0.192s] Level 1:colcon.colcon_core.package_identification:_identify(src) by extension 'colcon_pkg'
[0.192s] Level 1:colcon.colcon_core.package_identification:_identify(src) by extensions ['colcon_meta']
[0.193s] Level 1:colcon.colcon_core.package_identification:_identify(src) by extension 'colcon_meta'
[0.193s] Level 1:colcon.colcon_core.package_identification:_identify(src) by extensions ['ros']
[0.193s] Level 1:colcon.colcon_core.package_identification:_identify(src) by extension 'ros'
[0.193s] Level 1:colcon.colcon_core.package_identification:_identify(src) by extensions ['cmake', 'python']
[0.193s] Level 1:colcon.colcon_core.package_identification:_identify(src) by extension 'cmake'
[0.193s] Level 1:colcon.colcon_core.package_identification:_identify(src) by extension 'python'
[0.193s] Level 1:colcon.colcon_core.package_identification:_identify(src) by extensions ['python_setup_py']
[0.193s] Level 1:colcon.colcon_core.package_identification:_identify(src) by extension 'python_setup_py'
[0.193s] Level 1:colcon.colcon_core.package_identification:_identify(src/helloworld) by extensions ['ignore', 'ignore_ament_install']
[0.193s] Level 1:colcon.colcon_core.package_identification:_identify(src/helloworld) by extension 'ignore'
[0.193s] Level 1:colcon.colcon_core.package_identification:_identify(src/helloworld) by extension 'ignore_ament_install'
[0.193s] Level 1:colcon.colcon_core.package_identification:_identify(src/helloworld) by extensions ['colcon_pkg']
[0.193s] Level 1:colcon.colcon_core.package_identification:_identify(src/helloworld) by extension 'colcon_pkg'
[0.193s] Level 1:colcon.colcon_core.package_identification:_identify(src/helloworld) by extensions ['colcon_meta']
[0.193s] Level 1:colcon.colcon_core.package_identification:_identify(src/helloworld) by extension 'colcon_meta'
[0.193s] Level 1:colcon.colcon_core.package_identification:_identify(src/helloworld) by extensions ['ros']
[0.193s] Level 1:colcon.colcon_core.package_identification:_identify(src/helloworld) by extension 'ros'
[0.194s] DEBUG:colcon.colcon_core.package_identification:Package 'src/helloworld' with type 'ros.ament_python' and name 'helloworld'
[0.195s] Level 1:colcon.colcon_core.package_identification:_identify(src/py_srv_add2num) by extensions ['ignore', 'ignore_ament_install']
[0.195s] Level 1:colcon.colcon_core.package_identification:_identify(src/py_srv_add2num) by extension 'ignore'
[0.195s] Level 1:colcon.colcon_core.package_identification:_identify(src/py_srv_add2num) by extension 'ignore_ament_install'
[0.195s] Level 1:colcon.colcon_core.package_identification:_identify(src/py_srv_add2num) by extensions ['colcon_pkg']
[0.195s] Level 1:colcon.colcon_core.package_identification:_identify(src/py_srv_add2num) by extension 'colcon_pkg'
[0.195s] Level 1:colcon.colcon_core.package_identification:_identify(src/py_srv_add2num) by extensions ['colcon_meta']
[0.195s] Level 1:colcon.colcon_core.package_identification:_identify(src/py_srv_add2num) by extension 'colcon_meta'
[0.195s] Level 1:colcon.colcon_core.package_identification:_identify(src/py_srv_add2num) by extensions ['ros']
[0.195s] Level 1:colcon.colcon_core.package_identification:_identify(src/py_srv_add2num) by extension 'ros'
[0.195s] DEBUG:colcon.colcon_core.package_identification:Package 'src/py_srv_add2num' with type 'ros.ament_python' and name 'py_srv_add2num'
[0.195s] Level 1:colcon.colcon_core.package_identification:_identify(src/py_srvcli) by extensions ['ignore', 'ignore_ament_install']
[0.195s] Level 1:colcon.colcon_core.package_identification:_identify(src/py_srvcli) by extension 'ignore'
[0.195s] Level 1:colcon.colcon_core.package_identification:_identify(src/py_srvcli) by extension 'ignore_ament_install'
[0.195s] Level 1:colcon.colcon_core.package_identification:_identify(src/py_srvcli) by extensions ['colcon_pkg']
[0.195s] Level 1:colcon.colcon_core.package_identification:_identify(src/py_srvcli) by extension 'colcon_pkg'
[0.195s] Level 1:colcon.colcon_core.package_identification:_identify(src/py_srvcli) by extensions ['colcon_meta']
[0.195s] Level 1:colcon.colcon_core.package_identification:_identify(src/py_srvcli) by extension 'colcon_meta'
[0.195s] Level 1:colcon.colcon_core.package_identification:_identify(src/py_srvcli) by extensions ['ros']
[0.196s] Level 1:colcon.colcon_core.package_identification:_identify(src/py_srvcli) by extension 'ros'
[0.196s] DEBUG:colcon.colcon_core.package_identification:Package 'src/py_srvcli' with type 'ros.ament_python' and name 'py_srvcli'
[0.196s] Level 1:colcon.colcon_core.package_discovery:discover_packages(recursive) using defaults
[0.196s] Level 1:colcon.colcon_core.package_discovery:discover_packages(ignore) discover
[0.196s] Level 1:colcon.colcon_core.package_discovery:discover_packages(ignore) using defaults
[0.196s] Level 1:colcon.colcon_core.package_discovery:discover_packages(path) discover
[0.196s] Level 1:colcon.colcon_core.package_discovery:discover_packages(path) using defaults
[0.216s] Level 1:colcon.colcon_core.package_discovery:discover_packages(prefix_path) check parameters
[0.216s] Level 1:colcon.colcon_core.package_discovery:discover_packages(prefix_path) discover
[0.218s] DEBUG:colcon.colcon_installed_package_information.package_discovery:Found 340 installed packages in /opt/ros/humble
[0.219s] Level 1:colcon.colcon_core.package_discovery:discover_packages(prefix_path) using defaults
[0.246s] Level 5:colcon.colcon_core.verb:set package 'helloworld' build argument 'cmake_args' from command line to 'None'
[0.246s] Level 5:colcon.colcon_core.verb:set package 'helloworld' build argument 'cmake_target' from command line to 'None'
[0.246s] Level 5:colcon.colcon_core.verb:set package 'helloworld' build argument 'cmake_target_skip_unavailable' from command line to 'False'
[0.246s] Level 5:colcon.colcon_core.verb:set package 'helloworld' build argument 'cmake_clean_cache' from command line to 'False'
[0.246s] Level 5:colcon.colcon_core.verb:set package 'helloworld' build argument 'cmake_clean_first' from command line to 'False'
[0.246s] Level 5:colcon.colcon_core.verb:set package 'helloworld' build argument 'cmake_force_configure' from command line to 'False'
[0.246s] Level 5:colcon.colcon_core.verb:set package 'helloworld' build argument 'ament_cmake_args' from command line to 'None'
[0.246s] Level 5:colcon.colcon_core.verb:set package 'helloworld' build argument 'catkin_cmake_args' from command line to 'None'
[0.246s] Level 5:colcon.colcon_core.verb:set package 'helloworld' build argument 'catkin_skip_building_tests' from command line to 'False'
[0.246s] DEBUG:colcon.colcon_core.verb:Building package 'helloworld' with the following arguments: {'ament_cmake_args': None, 'build_base': '/home/antoronson/GitTrade/GazeboTutorials/ROS2_Tutorials/ros2_ws/build/helloworld', 'catkin_cmake_args': None, 'catkin_skip_building_tests': False, 'cmake_args': None, 'cmake_clean_cache': False, 'cmake_clean_first': False, 'cmake_force_configure': False, 'cmake_target': None, 'cmake_target_skip_unavailable': False, 'install_base': '/home/antoronson/GitTrade/GazeboTutorials/ROS2_Tutorials/ros2_ws/install/helloworld', 'merge_install': False, 'path': '/home/antoronson/GitTrade/GazeboTutorials/ROS2_Tutorials/ros2_ws/src/helloworld', 'symlink_install': False, 'test_result_base': None}
[0.246s] Level 5:colcon.colcon_core.verb:set package 'py_srv_add2num' build argument 'cmake_args' from command line to 'None'
[0.246s] Level 5:colcon.colcon_core.verb:set package 'py_srv_add2num' build argument 'cmake_target' from command line to 'None'
[0.246s] Level 5:colcon.colcon_core.verb:set package 'py_srv_add2num' build argument 'cmake_target_skip_unavailable' from command line to 'False'
[0.246s] Level 5:colcon.colcon_core.verb:set package 'py_srv_add2num' build argument 'cmake_clean_cache' from command line to 'False'
[0.246s] Level 5:colcon.colcon_core.verb:set package 'py_srv_add2num' build argument 'cmake_clean_first' from command line to 'False'
[0.246s] Level 5:colcon.colcon_core.verb:set package 'py_srv_add2num' build argument 'cmake_force_configure' from command line to 'False'
[0.246s] Level 5:colcon.colcon_core.verb:set package 'py_srv_add2num' build argument 'ament_cmake_args' from command line to 'None'
[0.246s] Level 5:colcon.colcon_core.verb:set package 'py_srv_add2num' build argument 'catkin_cmake_args' from command line to 'None'
[0.246s] Level 5:colcon.colcon_core.verb:set package 'py_srv_add2num' build argument 'catkin_skip_building_tests' from command line to 'False'
[0.246s] DEBUG:colcon.colcon_core.verb:Building package 'py_srv_add2num' with the following arguments: {'ament_cmake_args': None, 'build_base': '/home/antoronson/GitTrade/GazeboTutorials/ROS2_Tutorials/ros2_ws/build/py_srv_add2num', 'catkin_cmake_args': None, 'catkin_skip_building_tests': False, 'cmake_args': None, 'cmake_clean_cache': False, 'cmake_clean_first': False, 'cmake_force_configure': False, 'cmake_target': None, 'cmake_target_skip_unavailable': False, 'install_base': '/home/antoronson/GitTrade/GazeboTutorials/ROS2_Tutorials/ros2_ws/install/py_srv_add2num', 'merge_install': False, 'path': '/home/antoronson/GitTrade/GazeboTutorials/ROS2_Tutorials/ros2_ws/src/py_srv_add2num', 'symlink_install': False, 'test_result_base': None}
[0.247s] Level 5:colcon.colcon_core.verb:set package 'py_srvcli' build argument 'cmake_args' from command line to 'None'
[0.247s] Level 5:colcon.colcon_core.verb:set package 'py_srvcli' build argument 'cmake_target' from command line to 'None'
[0.247s] Level 5:colcon.colcon_core.verb:set package 'py_srvcli' build argument 'cmake_target_skip_unavailable' from command line to 'False'
[0.247s] Level 5:colcon.colcon_core.verb:set package 'py_srvcli' build argument 'cmake_clean_cache' from command line to 'False'
[0.247s] Level 5:colcon.colcon_core.verb:set package 'py_srvcli' build argument 'cmake_clean_first' from command line to 'False'
[0.247s] Level 5:colcon.colcon_core.verb:set package 'py_srvcli' build argument 'cmake_force_configure' from command line to 'False'
[0.247s] Level 5:colcon.colcon_core.verb:set package 'py_srvcli' build argument 'ament_cmake_args' from command line to 'None'
[0.247s] Level 5:colcon.colcon_core.verb:set package 'py_srvcli' build argument 'catkin_cmake_args' from command line to 'None'
[0.247s] Level 5:colcon.colcon_core.verb:set package 'py_srvcli' build argument 'catkin_skip_building_tests' from command line to 'False'
[0.247s] DEBUG:colcon.colcon_core.verb:Building package 'py_srvcli' with the following arguments: {'ament_cmake_args': None, 'build_base': '/home/antoronson/GitTrade/GazeboTutorials/ROS2_Tutorials/ros2_ws/build/py_srvcli', 'catkin_cmake_args': None, 'catkin_skip_building_tests': False, 'cmake_args': None, 'cmake_clean_cache': False, 'cmake_clean_first': False, 'cmake_force_configure': False, 'cmake_target': None, 'cmake_target_skip_unavailable': False, 'install_base': '/home/antoronson/GitTrade/GazeboTutorials/ROS2_Tutorials/ros2_ws/install/py_srvcli', 'merge_install': False, 'path': '/home/antoronson/GitTrade/GazeboTutorials/ROS2_Tutorials/ros2_ws/src/py_srvcli', 'symlink_install': False, 'test_result_base': None}
[0.247s] INFO:colcon.colcon_core.executor:Executing jobs using 'parallel' executor
[0.247s] DEBUG:colcon.colcon_parallel_executor.executor.parallel:run_until_complete
[0.248s] INFO:colcon.colcon_ros.task.ament_python.build:Building ROS package in '/home/antoronson/GitTrade/GazeboTutorials/ROS2_Tutorials/ros2_ws/src/helloworld' with build type 'ament_python'
[0.248s] Level 1:colcon.colcon_core.shell:create_environment_hook('helloworld', 'ament_prefix_path')
[0.249s] INFO:colcon.colcon_core.plugin_system:Skipping extension 'colcon_core.shell.bat': Not used on non-Windows systems
[0.249s] INFO:colcon.colcon_core.shell:Creating environment hook '/home/antoronson/GitTrade/GazeboTutorials/ROS2_Tutorials/ros2_ws/install/helloworld/share/helloworld/hook/ament_prefix_path.ps1'
[0.250s] INFO:colcon.colcon_core.shell:Creating environment descriptor '/home/antoronson/GitTrade/GazeboTutorials/ROS2_Tutorials/ros2_ws/install/helloworld/share/helloworld/hook/ament_prefix_path.dsv'
[0.251s] INFO:colcon.colcon_core.shell:Creating environment hook '/home/antoronson/GitTrade/GazeboTutorials/ROS2_Tutorials/ros2_ws/install/helloworld/share/helloworld/hook/ament_prefix_path.sh'
[0.252s] INFO:colcon.colcon_core.shell:Skip shell extension 'powershell' for command environment: Not usable outside of PowerShell
[0.252s] DEBUG:colcon.colcon_core.shell:Skip shell extension 'dsv' for command environment
[0.436s] INFO:colcon.colcon_core.task.python.build:Building Python package in '/home/antoronson/GitTrade/GazeboTutorials/ROS2_Tutorials/ros2_ws/src/helloworld'
[0.436s] INFO:colcon.colcon_core.shell:Skip shell extension 'powershell' for command environment: Not usable outside of PowerShell
[0.436s] DEBUG:colcon.colcon_core.shell:Skip shell extension 'dsv' for command environment
[0.849s] DEBUG:colcon.colcon_core.event_handler.log_command:Invoking command in '/home/antoronson/GitTrade/GazeboTutorials/ROS2_Tutorials/ros2_ws/src/helloworld': PYTHONPATH=/home/antoronson/GitTrade/GazeboTutorials/ROS2_Tutorials/ros2_ws/build/helloworld/prefix_override:/home/antoronson/GitTrade/GazeboTutorials/ROS2_Tutorials/ros2_ws/install/helloworld/lib/python3.10/site-packages:${PYTHONPATH} /usr/bin/python3 -W ignore:setup.py install is deprecated setup.py egg_info --egg-base ../../build/helloworld build --build-base /home/antoronson/GitTrade/GazeboTutorials/ROS2_Tutorials/ros2_ws/build/helloworld/build install --record /home/antoronson/GitTrade/GazeboTutorials/ROS2_Tutorials/ros2_ws/build/helloworld/install.log --single-version-externally-managed install_data
[1.056s] DEBUG:colcon.colcon_core.event_handler.log_command:Invoked command in '/home/antoronson/GitTrade/GazeboTutorials/ROS2_Tutorials/ros2_ws/src/helloworld' returned '0': PYTHONPATH=/home/antoronson/GitTrade/GazeboTutorials/ROS2_Tutorials/ros2_ws/build/helloworld/prefix_override:/home/antoronson/GitTrade/GazeboTutorials/ROS2_Tutorials/ros2_ws/install/helloworld/lib/python3.10/site-packages:${PYTHONPATH} /usr/bin/python3 -W ignore:setup.py install is deprecated setup.py egg_info --egg-base ../../build/helloworld build --build-base /home/antoronson/GitTrade/GazeboTutorials/ROS2_Tutorials/ros2_ws/build/helloworld/build install --record /home/antoronson/GitTrade/GazeboTutorials/ROS2_Tutorials/ros2_ws/build/helloworld/install.log --single-version-externally-managed install_data
[1.057s] Level 1:colcon.colcon_core.environment:checking '/home/antoronson/GitTrade/GazeboTutorials/ROS2_Tutorials/ros2_ws/install/helloworld' for CMake module files
[1.057s] Level 1:colcon.colcon_core.environment:checking '/home/antoronson/GitTrade/GazeboTutorials/ROS2_Tutorials/ros2_ws/install/helloworld' for CMake config files
[1.057s] Level 1:colcon.colcon_core.environment:checking '/home/antoronson/GitTrade/GazeboTutorials/ROS2_Tutorials/ros2_ws/install/helloworld/lib'
[1.058s] Level 1:colcon.colcon_core.environment:checking '/home/antoronson/GitTrade/GazeboTutorials/ROS2_Tutorials/ros2_ws/install/helloworld/bin'
[1.058s] Level 1:colcon.colcon_core.environment:checking '/home/antoronson/GitTrade/GazeboTutorials/ROS2_Tutorials/ros2_ws/install/helloworld/lib/pkgconfig/helloworld.pc'
[1.058s] Level 1:colcon.colcon_core.environment:checking '/home/antoronson/GitTrade/GazeboTutorials/ROS2_Tutorials/ros2_ws/install/helloworld/lib/python3.10/site-packages'
[1.058s] Level 1:colcon.colcon_core.shell:create_environment_hook('helloworld', 'pythonpath')
[1.058s] INFO:colcon.colcon_core.shell:Creating environment hook '/home/antoronson/GitTrade/GazeboTutorials/ROS2_Tutorials/ros2_ws/install/helloworld/share/helloworld/hook/pythonpath.ps1'
[1.058s] INFO:colcon.colcon_core.shell:Creating environment descriptor '/home/antoronson/GitTrade/GazeboTutorials/ROS2_Tutorials/ros2_ws/install/helloworld/share/helloworld/hook/pythonpath.dsv'
[1.059s] INFO:colcon.colcon_core.shell:Creating environment hook '/home/antoronson/GitTrade/GazeboTutorials/ROS2_Tutorials/ros2_ws/install/helloworld/share/helloworld/hook/pythonpath.sh'
[1.059s] Level 1:colcon.colcon_core.environment:checking '/home/antoronson/GitTrade/GazeboTutorials/ROS2_Tutorials/ros2_ws/install/helloworld/bin'
[1.059s] Level 1:colcon.colcon_core.environment:create_environment_scripts_only(helloworld)
[1.059s] INFO:colcon.colcon_core.shell:Creating package script '/home/antoronson/GitTrade/GazeboTutorials/ROS2_Tutorials/ros2_ws/install/helloworld/share/helloworld/package.ps1'
[1.060s] INFO:colcon.colcon_core.shell:Creating package descriptor '/home/antoronson/GitTrade/GazeboTutorials/ROS2_Tutorials/ros2_ws/install/helloworld/share/helloworld/package.dsv'
[1.060s] INFO:colcon.colcon_core.shell:Creating package script '/home/antoronson/GitTrade/GazeboTutorials/ROS2_Tutorials/ros2_ws/install/helloworld/share/helloworld/package.sh'
[1.061s] INFO:colcon.colcon_core.shell:Creating package script '/home/antoronson/GitTrade/GazeboTutorials/ROS2_Tutorials/ros2_ws/install/helloworld/share/helloworld/package.bash'
[1.061s] INFO:colcon.colcon_core.shell:Creating package script '/home/antoronson/GitTrade/GazeboTutorials/ROS2_Tutorials/ros2_ws/install/helloworld/share/helloworld/package.zsh'
[1.062s] Level 1:colcon.colcon_core.environment:create_file_with_runtime_dependencies(/home/antoronson/GitTrade/GazeboTutorials/ROS2_Tutorials/ros2_ws/install/helloworld/share/colcon-core/packages/helloworld)
[1.062s] INFO:colcon.colcon_ros.task.ament_python.build:Building ROS package in '/home/antoronson/GitTrade/GazeboTutorials/ROS2_Tutorials/ros2_ws/src/py_srv_add2num' with build type 'ament_python'
[1.063s] Level 1:colcon.colcon_core.shell:create_environment_hook('py_srv_add2num', 'ament_prefix_path')
[1.063s] INFO:colcon.colcon_core.shell:Creating environment hook '/home/antoronson/GitTrade/GazeboTutorials/ROS2_Tutorials/ros2_ws/install/py_srv_add2num/share/py_srv_add2num/hook/ament_prefix_path.ps1'
[1.063s] INFO:colcon.colcon_core.shell:Creating environment descriptor '/home/antoronson/GitTrade/GazeboTutorials/ROS2_Tutorials/ros2_ws/install/py_srv_add2num/share/py_srv_add2num/hook/ament_prefix_path.dsv'
[1.063s] INFO:colcon.colcon_core.shell:Creating environment hook '/home/antoronson/GitTrade/GazeboTutorials/ROS2_Tutorials/ros2_ws/install/py_srv_add2num/share/py_srv_add2num/hook/ament_prefix_path.sh'
[1.063s] INFO:colcon.colcon_core.shell:Skip shell extension 'powershell' for command environment: Not usable outside of PowerShell
[1.063s] DEBUG:colcon.colcon_core.shell:Skip shell extension 'dsv' for command environment
[1.245s] INFO:colcon.colcon_core.task.python.build:Building Python package in '/home/antoronson/GitTrade/GazeboTutorials/ROS2_Tutorials/ros2_ws/src/py_srv_add2num'
[1.246s] INFO:colcon.colcon_core.shell:Skip shell extension 'powershell' for command environment: Not usable outside of PowerShell
[1.246s] DEBUG:colcon.colcon_core.shell:Skip shell extension 'dsv' for command environment
[1.483s] DEBUG:colcon.colcon_core.event_handler.log_command:Invoking command in '/home/antoronson/GitTrade/GazeboTutorials/ROS2_Tutorials/ros2_ws/src/py_srv_add2num': PYTHONPATH=/home/antoronson/GitTrade/GazeboTutorials/ROS2_Tutorials/ros2_ws/build/py_srv_add2num/prefix_override:/home/antoronson/GitTrade/GazeboTutorials/ROS2_Tutorials/ros2_ws/install/py_srv_add2num/lib/python3.10/site-packages:${PYTHONPATH} /usr/bin/python3 -W ignore:setup.py install is deprecated setup.py egg_info --egg-base ../../build/py_srv_add2num build --build-base /home/antoronson/GitTrade/GazeboTutorials/ROS2_Tutorials/ros2_ws/build/py_srv_add2num/build install --record /home/antoronson/GitTrade/GazeboTutorials/ROS2_Tutorials/ros2_ws/build/py_srv_add2num/install.log --single-version-externally-managed install_data
[1.695s] Level 1:colcon.colcon_core.environment:checking '/home/antoronson/GitTrade/GazeboTutorials/ROS2_Tutorials/ros2_ws/install/py_srv_add2num' for CMake module files
[1.695s] Level 1:colcon.colcon_core.environment:checking '/home/antoronson/GitTrade/GazeboTutorials/ROS2_Tutorials/ros2_ws/install/py_srv_add2num' for CMake config files
[1.696s] Level 1:colcon.colcon_core.environment:checking '/home/antoronson/GitTrade/GazeboTutorials/ROS2_Tutorials/ros2_ws/install/py_srv_add2num/lib'
[1.696s] Level 1:colcon.colcon_core.environment:checking '/home/antoronson/GitTrade/GazeboTutorials/ROS2_Tutorials/ros2_ws/install/py_srv_add2num/bin'
[1.696s] Level 1:colcon.colcon_core.environment:checking '/home/antoronson/GitTrade/GazeboTutorials/ROS2_Tutorials/ros2_ws/install/py_srv_add2num/lib/pkgconfig/py_srv_add2num.pc'
[1.696s] Level 1:colcon.colcon_core.environment:checking '/home/antoronson/GitTrade/GazeboTutorials/ROS2_Tutorials/ros2_ws/install/py_srv_add2num/lib/python3.10/site-packages'
[1.696s] Level 1:colcon.colcon_core.shell:create_environment_hook('py_srv_add2num', 'pythonpath')
[1.696s] INFO:colcon.colcon_core.shell:Creating environment hook '/home/antoronson/GitTrade/GazeboTutorials/ROS2_Tutorials/ros2_ws/install/py_srv_add2num/share/py_srv_add2num/hook/pythonpath.ps1'
[1.697s] DEBUG:colcon.colcon_core.event_handler.log_command:Invoked command in '/home/antoronson/GitTrade/GazeboTutorials/ROS2_Tutorials/ros2_ws/src/py_srv_add2num' returned '0': PYTHONPATH=/home/antoronson/GitTrade/GazeboTutorials/ROS2_Tutorials/ros2_ws/build/py_srv_add2num/prefix_override:/home/antoronson/GitTrade/GazeboTutorials/ROS2_Tutorials/ros2_ws/install/py_srv_add2num/lib/python3.10/site-packages:${PYTHONPATH} /usr/bin/python3 -W ignore:setup.py install is deprecated setup.py egg_info --egg-base ../../build/py_srv_add2num build --build-base /home/antoronson/GitTrade/GazeboTutorials/ROS2_Tutorials/ros2_ws/build/py_srv_add2num/build install --record /home/antoronson/GitTrade/GazeboTutorials/ROS2_Tutorials/ros2_ws/build/py_srv_add2num/install.log --single-version-externally-managed install_data
[1.697s] INFO:colcon.colcon_core.shell:Creating environment descriptor '/home/antoronson/GitTrade/GazeboTutorials/ROS2_Tutorials/ros2_ws/install/py_srv_add2num/share/py_srv_add2num/hook/pythonpath.dsv'
[1.697s] INFO:colcon.colcon_core.shell:Creating environment hook '/home/antoronson/GitTrade/GazeboTutorials/ROS2_Tutorials/ros2_ws/install/py_srv_add2num/share/py_srv_add2num/hook/pythonpath.sh'
[1.697s] Level 1:colcon.colcon_core.environment:checking '/home/antoronson/GitTrade/GazeboTutorials/ROS2_Tutorials/ros2_ws/install/py_srv_add2num/bin'
[1.698s] Level 1:colcon.colcon_core.environment:create_environment_scripts_only(py_srv_add2num)
[1.698s] INFO:colcon.colcon_core.shell:Creating package script '/home/antoronson/GitTrade/GazeboTutorials/ROS2_Tutorials/ros2_ws/install/py_srv_add2num/share/py_srv_add2num/package.ps1'
[1.698s] INFO:colcon.colcon_core.shell:Creating package descriptor '/home/antoronson/GitTrade/GazeboTutorials/ROS2_Tutorials/ros2_ws/install/py_srv_add2num/share/py_srv_add2num/package.dsv'
[1.698s] INFO:colcon.colcon_core.shell:Creating package script '/home/antoronson/GitTrade/GazeboTutorials/ROS2_Tutorials/ros2_ws/install/py_srv_add2num/share/py_srv_add2num/package.sh'
[1.698s] INFO:colcon.colcon_core.shell:Creating package script '/home/antoronson/GitTrade/GazeboTutorials/ROS2_Tutorials/ros2_ws/install/py_srv_add2num/share/py_srv_add2num/package.bash'
[1.699s] INFO:colcon.colcon_core.shell:Creating package script '/home/antoronson/GitTrade/GazeboTutorials/ROS2_Tutorials/ros2_ws/install/py_srv_add2num/share/py_srv_add2num/package.zsh'
[1.699s] Level 1:colcon.colcon_core.environment:create_file_with_runtime_dependencies(/home/antoronson/GitTrade/GazeboTutorials/ROS2_Tutorials/ros2_ws/install/py_srv_add2num/share/colcon-core/packages/py_srv_add2num)
[1.699s] INFO:colcon.colcon_ros.task.ament_python.build:Building ROS package in '/home/antoronson/GitTrade/GazeboTutorials/ROS2_Tutorials/ros2_ws/src/py_srvcli' with build type 'ament_python'
[1.700s] Level 1:colcon.colcon_core.shell:create_environment_hook('py_srvcli', 'ament_prefix_path')
[1.700s] INFO:colcon.colcon_core.shell:Creating environment hook '/home/antoronson/GitTrade/GazeboTutorials/ROS2_Tutorials/ros2_ws/install/py_srvcli/share/py_srvcli/hook/ament_prefix_path.ps1'
[1.700s] INFO:colcon.colcon_core.shell:Creating environment descriptor '/home/antoronson/GitTrade/GazeboTutorials/ROS2_Tutorials/ros2_ws/install/py_srvcli/share/py_srvcli/hook/ament_prefix_path.dsv'
[1.700s] INFO:colcon.colcon_core.shell:Creating environment hook '/home/antoronson/GitTrade/GazeboTutorials/ROS2_Tutorials/ros2_ws/install/py_srvcli/share/py_srvcli/hook/ament_prefix_path.sh'
[1.700s] INFO:colcon.colcon_core.shell:Skip shell extension 'powershell' for command environment: Not usable outside of PowerShell
[1.700s] DEBUG:colcon.colcon_core.shell:Skip shell extension 'dsv' for command environment
[1.877s] INFO:colcon.colcon_core.task.python.build:Building Python package in '/home/antoronson/GitTrade/GazeboTutorials/ROS2_Tutorials/ros2_ws/src/py_srvcli'
[1.877s] INFO:colcon.colcon_core.shell:Skip shell extension 'powershell' for command environment: Not usable outside of PowerShell
[1.877s] DEBUG:colcon.colcon_core.shell:Skip shell extension 'dsv' for command environment
[2.117s] DEBUG:colcon.colcon_core.event_handler.log_command:Invoking command in '/home/antoronson/GitTrade/GazeboTutorials/ROS2_Tutorials/ros2_ws/src/py_srvcli': PYTHONPATH=/home/antoronson/GitTrade/GazeboTutorials/ROS2_Tutorials/ros2_ws/build/py_srvcli/prefix_override:/home/antoronson/GitTrade/GazeboTutorials/ROS2_Tutorials/ros2_ws/install/py_srvcli/lib/python3.10/site-packages:${PYTHONPATH} /usr/bin/python3 -W ignore:setup.py install is deprecated setup.py egg_info --egg-base ../../build/py_srvcli build --build-base /home/antoronson/GitTrade/GazeboTutorials/ROS2_Tutorials/ros2_ws/build/py_srvcli/build install --record /home/antoronson/GitTrade/GazeboTutorials/ROS2_Tutorials/ros2_ws/build/py_srvcli/install.log --single-version-externally-managed install_data
[2.313s] Level 1:colcon.colcon_core.environment:checking '/home/antoronson/GitTrade/GazeboTutorials/ROS2_Tutorials/ros2_ws/install/py_srvcli' for CMake module files
[2.313s] Level 1:colcon.colcon_core.environment:checking '/home/antoronson/GitTrade/GazeboTutorials/ROS2_Tutorials/ros2_ws/install/py_srvcli' for CMake config files
[2.313s] Level 1:colcon.colcon_core.environment:checking '/home/antoronson/GitTrade/GazeboTutorials/ROS2_Tutorials/ros2_ws/install/py_srvcli/lib'
[2.313s] Level 1:colcon.colcon_core.environment:checking '/home/antoronson/GitTrade/GazeboTutorials/ROS2_Tutorials/ros2_ws/install/py_srvcli/bin'
[2.313s] Level 1:colcon.colcon_core.environment:checking '/home/antoronson/GitTrade/GazeboTutorials/ROS2_Tutorials/ros2_ws/install/py_srvcli/lib/pkgconfig/py_srvcli.pc'
[2.314s] Level 1:colcon.colcon_core.environment:checking '/home/antoronson/GitTrade/GazeboTutorials/ROS2_Tutorials/ros2_ws/install/py_srvcli/lib/python3.10/site-packages'
[2.314s] Level 1:colcon.colcon_core.shell:create_environment_hook('py_srvcli', 'pythonpath')
[2.314s] INFO:colcon.colcon_core.shell:Creating environment hook '/home/antoronson/GitTrade/GazeboTutorials/ROS2_Tutorials/ros2_ws/install/py_srvcli/share/py_srvcli/hook/pythonpath.ps1'
[2.314s] INFO:colcon.colcon_core.shell:Creating environment descriptor '/home/antoronson/GitTrade/GazeboTutorials/ROS2_Tutorials/ros2_ws/install/py_srvcli/share/py_srvcli/hook/pythonpath.dsv'
[2.314s] INFO:colcon.colcon_core.shell:Creating environment hook '/home/antoronson/GitTrade/GazeboTutorials/ROS2_Tutorials/ros2_ws/install/py_srvcli/share/py_srvcli/hook/pythonpath.sh'
[2.315s] Level 1:colcon.colcon_core.environment:checking '/home/antoronson/GitTrade/GazeboTutorials/ROS2_Tutorials/ros2_ws/install/py_srvcli/bin'
[2.315s] Level 1:colcon.colcon_core.environment:create_environment_scripts_only(py_srvcli)
[2.315s] INFO:colcon.colcon_core.shell:Creating package script '/home/antoronson/GitTrade/GazeboTutorials/ROS2_Tutorials/ros2_ws/install/py_srvcli/share/py_srvcli/package.ps1'
[2.315s] INFO:colcon.colcon_core.shell:Creating package descriptor '/home/antoronson/GitTrade/GazeboTutorials/ROS2_Tutorials/ros2_ws/install/py_srvcli/share/py_srvcli/package.dsv'
[2.315s] INFO:colcon.colcon_core.shell:Creating package script '/home/antoronson/GitTrade/GazeboTutorials/ROS2_Tutorials/ros2_ws/install/py_srvcli/share/py_srvcli/package.sh'
[2.315s] INFO:colcon.colcon_core.shell:Creating package script '/home/antoronson/GitTrade/GazeboTutorials/ROS2_Tutorials/ros2_ws/install/py_srvcli/share/py_srvcli/package.bash'
[2.316s] INFO:colcon.colcon_core.shell:Creating package script '/home/antoronson/GitTrade/GazeboTutorials/ROS2_Tutorials/ros2_ws/install/py_srvcli/share/py_srvcli/package.zsh'
[2.316s] Level 1:colcon.colcon_core.environment:create_file_with_runtime_dependencies(/home/antoronson/GitTrade/GazeboTutorials/ROS2_Tutorials/ros2_ws/install/py_srvcli/share/colcon-core/packages/py_srvcli)
[2.316s] DEBUG:colcon.colcon_parallel_executor.executor.parallel:closing loop
[2.316s] DEBUG:colcon.colcon_core.event_handler.log_command:Invoked command in '/home/antoronson/GitTrade/GazeboTutorials/ROS2_Tutorials/ros2_ws/src/py_srvcli' returned '0': PYTHONPATH=/home/antoronson/GitTrade/GazeboTutorials/ROS2_Tutorials/ros2_ws/build/py_srvcli/prefix_override:/home/antoronson/GitTrade/GazeboTutorials/ROS2_Tutorials/ros2_ws/install/py_srvcli/lib/python3.10/site-packages:${PYTHONPATH} /usr/bin/python3 -W ignore:setup.py install is deprecated setup.py egg_info --egg-base ../../build/py_srvcli build --build-base /home/antoronson/GitTrade/GazeboTutorials/ROS2_Tutorials/ros2_ws/build/py_srvcli/build install --record /home/antoronson/GitTrade/GazeboTutorials/ROS2_Tutorials/ros2_ws/build/py_srvcli/install.log --single-version-externally-managed install_data
[2.317s] DEBUG:colcon.colcon_parallel_executor.executor.parallel:loop closed
[2.317s] DEBUG:colcon.colcon_parallel_executor.executor.parallel:run_until_complete finished with '0'
[2.317s] DEBUG:colcon.colcon_core.event_reactor:joining thread
[2.320s] INFO:colcon.colcon_core.plugin_system:Skipping extension 'colcon_notification.desktop_notification.terminal_notifier': Not used on non-Darwin systems
[2.320s] INFO:colcon.colcon_core.plugin_system:Skipping extension 'colcon_notification.desktop_notification.win32': Not used on non-Windows systems
[2.320s] INFO:colcon.colcon_notification.desktop_notification:Sending desktop notification using 'notify2'
[2.333s] DEBUG:colcon.colcon_core.event_reactor:joined thread
[2.333s] INFO:colcon.colcon_core.shell:Creating prefix script '/home/antoronson/GitTrade/GazeboTutorials/ROS2_Tutorials/ros2_ws/install/local_setup.ps1'
[2.334s] INFO:colcon.colcon_core.shell:Creating prefix util module '/home/antoronson/GitTrade/GazeboTutorials/ROS2_Tutorials/ros2_ws/install/_local_setup_util_ps1.py'
[2.334s] INFO:colcon.colcon_core.shell:Creating prefix chain script '/home/antoronson/GitTrade/GazeboTutorials/ROS2_Tutorials/ros2_ws/install/setup.ps1'
[2.335s] INFO:colcon.colcon_core.shell:Creating prefix script '/home/antoronson/GitTrade/GazeboTutorials/ROS2_Tutorials/ros2_ws/install/local_setup.sh'
[2.336s] INFO:colcon.colcon_core.shell:Creating prefix util module '/home/antoronson/GitTrade/GazeboTutorials/ROS2_Tutorials/ros2_ws/install/_local_setup_util_sh.py'
[2.336s] INFO:colcon.colcon_core.shell:Creating prefix chain script '/home/antoronson/GitTrade/GazeboTutorials/ROS2_Tutorials/ros2_ws/install/setup.sh'
[2.340s] INFO:colcon.colcon_core.shell:Creating prefix script '/home/antoronson/GitTrade/GazeboTutorials/ROS2_Tutorials/ros2_ws/install/local_setup.bash'
[2.341s] INFO:colcon.colcon_core.shell:Creating prefix chain script '/home/antoronson/GitTrade/GazeboTutorials/ROS2_Tutorials/ros2_ws/install/setup.bash'
[2.341s] INFO:colcon.colcon_core.shell:Creating prefix script '/home/antoronson/GitTrade/GazeboTutorials/ROS2_Tutorials/ros2_ws/install/local_setup.zsh'
[2.341s] INFO:colcon.colcon_core.shell:Creating prefix chain script '/home/antoronson/GitTrade/GazeboTutorials/ROS2_Tutorials/ros2_ws/install/setup.zsh'
