[0.154s] DEBUG:colcon:Command line arguments: ['/usr/bin/colcon', 'build', '--packages-select', 'tutorial_interfaces']
[0.154s] DEBUG:colcon:Parsed command line arguments: Namespace(log_base=None, log_level=None, verb_name='build', build_base='build', install_base='install', merge_install=False, symlink_install=False, test_result_base=None, continue_on_error=False, executor='parallel', parallel_workers=4, event_handlers=None, ignore_user_meta=False, metas=['./colcon.meta'], base_paths=['.'], packages_ignore=None, packages_ignore_regex=None, paths=None, packages_up_to=None, packages_up_to_regex=None, packages_above=None, packages_above_and_dependencies=None, packages_above_depth=None, packages_select_by_dep=None, packages_skip_by_dep=None, packages_skip_up_to=None, packages_select_build_failed=False, packages_skip_build_finished=False, packages_select_test_failures=False, packages_skip_test_passed=False, packages_select=['tutorial_interfaces'], packages_skip=None, packages_select_regex=None, packages_skip_regex=None, packages_start=None, packages_end=None, allow_overriding=[], cmake_args=None, cmake_target=None, cmake_target_skip_unavailable=False, cmake_clean_cache=False, cmake_clean_first=False, cmake_force_configure=False, ament_cmake_args=None, catkin_cmake_args=None, catkin_skip_building_tests=False, mixin_files=None, mixin=None, verb_parser=<colcon_mixin.mixin.mixin_argument.MixinArgumentDecorator object at 0x729c06421bd0>, verb_extension=<colcon_core.verb.build.BuildVerb object at 0x729c06421690>, main=<bound method BuildVerb.main of <colcon_core.verb.build.BuildVerb object at 0x729c06421690>>, mixin_verb=('build',))
[0.391s] Level 1:colcon.colcon_core.package_discovery:discover_packages(colcon_meta) check parameters
[0.392s] Level 1:colcon.colcon_core.package_discovery:discover_packages(recursive) check parameters
[0.392s] Level 1:colcon.colcon_core.package_discovery:discover_packages(ignore) check parameters
[0.392s] Level 1:colcon.colcon_core.package_discovery:discover_packages(path) check parameters
[0.392s] Level 1:colcon.colcon_core.package_discovery:discover_packages(colcon_meta) discover
[0.392s] Level 1:colcon.colcon_core.package_discovery:discover_packages(recursive) discover
[0.392s] INFO:colcon.colcon_core.package_discovery:Crawling recursively for packages in '/home/antoronson/GitTrade/GazeboTutorials/ROS2_Tutorials/ros2_ws'
[0.392s] Level 1:colcon.colcon_core.package_identification:_identify(.) by extensions ['ignore', 'ignore_ament_install']
[0.392s] Level 1:colcon.colcon_core.package_identification:_identify(.) by extension 'ignore'
[0.392s] Level 1:colcon.colcon_core.package_identification:_identify(.) by extension 'ignore_ament_install'
[0.392s] Level 1:colcon.colcon_core.package_identification:_identify(.) by extensions ['colcon_pkg']
[0.392s] Level 1:colcon.colcon_core.package_identification:_identify(.) by extension 'colcon_pkg'
[0.393s] Level 1:colcon.colcon_core.package_identification:_identify(.) by extensions ['colcon_meta']
[0.393s] Level 1:colcon.colcon_core.package_identification:_identify(.) by extension 'colcon_meta'
[0.393s] Level 1:colcon.colcon_core.package_identification:_identify(.) by extensions ['ros']
[0.393s] Level 1:colcon.colcon_core.package_identification:_identify(.) by extension 'ros'
[0.409s] Level 1:colcon.colcon_core.package_identification:_identify(.) by extensions ['cmake', 'python']
[0.409s] Level 1:colcon.colcon_core.package_identification:_identify(.) by extension 'cmake'
[0.409s] Level 1:colcon.colcon_core.package_identification:_identify(.) by extension 'python'
[0.409s] Level 1:colcon.colcon_core.package_identification:_identify(.) by extensions ['python_setup_py']
[0.409s] Level 1:colcon.colcon_core.package_identification:_identify(.) by extension 'python_setup_py'
[0.409s] Level 1:colcon.colcon_core.package_identification:_identify(build) by extensions ['ignore', 'ignore_ament_install']
[0.409s] Level 1:colcon.colcon_core.package_identification:_identify(build) by extension 'ignore'
[0.410s] Level 1:colcon.colcon_core.package_identification:_identify(build) ignored
[0.410s] Level 1:colcon.colcon_core.package_identification:_identify(install) by extensions ['ignore', 'ignore_ament_install']
[0.410s] Level 1:colcon.colcon_core.package_identification:_identify(install) by extension 'ignore'
[0.410s] Level 1:colcon.colcon_core.package_identification:_identify(install) ignored
[0.410s] Level 1:colcon.colcon_core.package_identification:_identify(log) by extensions ['ignore', 'ignore_ament_install']
[0.410s] Level 1:colcon.colcon_core.package_identification:_identify(log) by extension 'ignore'
[0.410s] Level 1:colcon.colcon_core.package_identification:_identify(log) ignored
[0.410s] Level 1:colcon.colcon_core.package_identification:_identify(src) by extensions ['ignore', 'ignore_ament_install']
[0.410s] Level 1:colcon.colcon_core.package_identification:_identify(src) by extension 'ignore'
[0.411s] Level 1:colcon.colcon_core.package_identification:_identify(src) by extension 'ignore_ament_install'
[0.411s] Level 1:colcon.colcon_core.package_identification:_identify(src) by extensions ['colcon_pkg']
[0.411s] Level 1:colcon.colcon_core.package_identification:_identify(src) by extension 'colcon_pkg'
[0.411s] Level 1:colcon.colcon_core.package_identification:_identify(src) by extensions ['colcon_meta']
[0.411s] Level 1:colcon.colcon_core.package_identification:_identify(src) by extension 'colcon_meta'
[0.411s] Level 1:colcon.colcon_core.package_identification:_identify(src) by extensions ['ros']
[0.411s] Level 1:colcon.colcon_core.package_identification:_identify(src) by extension 'ros'
[0.411s] Level 1:colcon.colcon_core.package_identification:_identify(src) by extensions ['cmake', 'python']
[0.411s] Level 1:colcon.colcon_core.package_identification:_identify(src) by extension 'cmake'
[0.411s] Level 1:colcon.colcon_core.package_identification:_identify(src) by extension 'python'
[0.411s] Level 1:colcon.colcon_core.package_identification:_identify(src) by extensions ['python_setup_py']
[0.411s] Level 1:colcon.colcon_core.package_identification:_identify(src) by extension 'python_setup_py'
[0.411s] Level 1:colcon.colcon_core.package_identification:_identify(src/helloworld) by extensions ['ignore', 'ignore_ament_install']
[0.411s] Level 1:colcon.colcon_core.package_identification:_identify(src/helloworld) by extension 'ignore'
[0.412s] Level 1:colcon.colcon_core.package_identification:_identify(src/helloworld) by extension 'ignore_ament_install'
[0.412s] Level 1:colcon.colcon_core.package_identification:_identify(src/helloworld) by extensions ['colcon_pkg']
[0.412s] Level 1:colcon.colcon_core.package_identification:_identify(src/helloworld) by extension 'colcon_pkg'
[0.412s] Level 1:colcon.colcon_core.package_identification:_identify(src/helloworld) by extensions ['colcon_meta']
[0.412s] Level 1:colcon.colcon_core.package_identification:_identify(src/helloworld) by extension 'colcon_meta'
[0.412s] Level 1:colcon.colcon_core.package_identification:_identify(src/helloworld) by extensions ['ros']
[0.412s] Level 1:colcon.colcon_core.package_identification:_identify(src/helloworld) by extension 'ros'
[0.415s] DEBUG:colcon.colcon_core.package_identification:Package 'src/helloworld' with type 'ros.ament_python' and name 'helloworld'
[0.415s] Level 1:colcon.colcon_core.package_identification:_identify(src/py_srv_add2num) by extensions ['ignore', 'ignore_ament_install']
[0.415s] Level 1:colcon.colcon_core.package_identification:_identify(src/py_srv_add2num) by extension 'ignore'
[0.415s] Level 1:colcon.colcon_core.package_identification:_identify(src/py_srv_add2num) by extension 'ignore_ament_install'
[0.415s] Level 1:colcon.colcon_core.package_identification:_identify(src/py_srv_add2num) by extensions ['colcon_pkg']
[0.416s] Level 1:colcon.colcon_core.package_identification:_identify(src/py_srv_add2num) by extension 'colcon_pkg'
[0.416s] Level 1:colcon.colcon_core.package_identification:_identify(src/py_srv_add2num) by extensions ['colcon_meta']
[0.416s] Level 1:colcon.colcon_core.package_identification:_identify(src/py_srv_add2num) by extension 'colcon_meta'
[0.416s] Level 1:colcon.colcon_core.package_identification:_identify(src/py_srv_add2num) by extensions ['ros']
[0.416s] Level 1:colcon.colcon_core.package_identification:_identify(src/py_srv_add2num) by extension 'ros'
[0.417s] DEBUG:colcon.colcon_core.package_identification:Package 'src/py_srv_add2num' with type 'ros.ament_python' and name 'py_srv_add2num'
[0.417s] Level 1:colcon.colcon_core.package_identification:_identify(src/py_srvcli) by extensions ['ignore', 'ignore_ament_install']
[0.417s] Level 1:colcon.colcon_core.package_identification:_identify(src/py_srvcli) by extension 'ignore'
[0.417s] Level 1:colcon.colcon_core.package_identification:_identify(src/py_srvcli) by extension 'ignore_ament_install'
[0.417s] Level 1:colcon.colcon_core.package_identification:_identify(src/py_srvcli) by extensions ['colcon_pkg']
[0.417s] Level 1:colcon.colcon_core.package_identification:_identify(src/py_srvcli) by extension 'colcon_pkg'
[0.417s] Level 1:colcon.colcon_core.package_identification:_identify(src/py_srvcli) by extensions ['colcon_meta']
[0.417s] Level 1:colcon.colcon_core.package_identification:_identify(src/py_srvcli) by extension 'colcon_meta'
[0.417s] Level 1:colcon.colcon_core.package_identification:_identify(src/py_srvcli) by extensions ['ros']
[0.417s] Level 1:colcon.colcon_core.package_identification:_identify(src/py_srvcli) by extension 'ros'
[0.418s] DEBUG:colcon.colcon_core.package_identification:Package 'src/py_srvcli' with type 'ros.ament_python' and name 'py_srvcli'
[0.418s] Level 1:colcon.colcon_core.package_identification:_identify(src/tutorial_interfaces) by extensions ['ignore', 'ignore_ament_install']
[0.419s] Level 1:colcon.colcon_core.package_identification:_identify(src/tutorial_interfaces) by extension 'ignore'
[0.419s] Level 1:colcon.colcon_core.package_identification:_identify(src/tutorial_interfaces) by extension 'ignore_ament_install'
[0.419s] Level 1:colcon.colcon_core.package_identification:_identify(src/tutorial_interfaces) by extensions ['colcon_pkg']
[0.419s] Level 1:colcon.colcon_core.package_identification:_identify(src/tutorial_interfaces) by extension 'colcon_pkg'
[0.419s] Level 1:colcon.colcon_core.package_identification:_identify(src/tutorial_interfaces) by extensions ['colcon_meta']
[0.419s] Level 1:colcon.colcon_core.package_identification:_identify(src/tutorial_interfaces) by extension 'colcon_meta'
[0.419s] Level 1:colcon.colcon_core.package_identification:_identify(src/tutorial_interfaces) by extensions ['ros']
[0.419s] Level 1:colcon.colcon_core.package_identification:_identify(src/tutorial_interfaces) by extension 'ros'
[0.420s] DEBUG:colcon.colcon_core.package_identification:Package 'src/tutorial_interfaces' with type 'ros.ament_cmake' and name 'tutorial_interfaces'
[0.420s] Level 1:colcon.colcon_core.package_discovery:discover_packages(recursive) using defaults
[0.420s] Level 1:colcon.colcon_core.package_discovery:discover_packages(ignore) discover
[0.420s] Level 1:colcon.colcon_core.package_discovery:discover_packages(ignore) using defaults
[0.420s] Level 1:colcon.colcon_core.package_discovery:discover_packages(path) discover
[0.420s] Level 1:colcon.colcon_core.package_discovery:discover_packages(path) using defaults
[0.446s] INFO:colcon.colcon_core.package_selection:Skipping not selected package 'helloworld' in 'src/helloworld'
[0.446s] INFO:colcon.colcon_core.package_selection:Skipping not selected package 'py_srv_add2num' in 'src/py_srv_add2num'
[0.446s] INFO:colcon.colcon_core.package_selection:Skipping not selected package 'py_srvcli' in 'src/py_srvcli'
[0.447s] Level 1:colcon.colcon_core.package_discovery:discover_packages(prefix_path) check parameters
[0.447s] Level 1:colcon.colcon_core.package_discovery:discover_packages(prefix_path) discover
[0.450s] DEBUG:colcon.colcon_installed_package_information.package_discovery:Found 270 installed packages in /opt/ros/humble
[0.452s] Level 1:colcon.colcon_core.package_discovery:discover_packages(prefix_path) using defaults
[0.526s] Level 5:colcon.colcon_core.verb:set package 'tutorial_interfaces' build argument 'cmake_args' from command line to 'None'
[0.526s] Level 5:colcon.colcon_core.verb:set package 'tutorial_interfaces' build argument 'cmake_target' from command line to 'None'
[0.527s] Level 5:colcon.colcon_core.verb:set package 'tutorial_interfaces' build argument 'cmake_target_skip_unavailable' from command line to 'False'
[0.527s] Level 5:colcon.colcon_core.verb:set package 'tutorial_interfaces' build argument 'cmake_clean_cache' from command line to 'False'
[0.527s] Level 5:colcon.colcon_core.verb:set package 'tutorial_interfaces' build argument 'cmake_clean_first' from command line to 'False'
[0.527s] Level 5:colcon.colcon_core.verb:set package 'tutorial_interfaces' build argument 'cmake_force_configure' from command line to 'False'
[0.527s] Level 5:colcon.colcon_core.verb:set package 'tutorial_interfaces' build argument 'ament_cmake_args' from command line to 'None'
[0.527s] Level 5:colcon.colcon_core.verb:set package 'tutorial_interfaces' build argument 'catkin_cmake_args' from command line to 'None'
[0.527s] Level 5:colcon.colcon_core.verb:set package 'tutorial_interfaces' build argument 'catkin_skip_building_tests' from command line to 'False'
[0.527s] DEBUG:colcon.colcon_core.verb:Building package 'tutorial_interfaces' with the following arguments: {'ament_cmake_args': None, 'build_base': '/home/antoronson/GitTrade/GazeboTutorials/ROS2_Tutorials/ros2_ws/build/tutorial_interfaces', 'catkin_cmake_args': None, 'catkin_skip_building_tests': False, 'cmake_args': None, 'cmake_clean_cache': False, 'cmake_clean_first': False, 'cmake_force_configure': False, 'cmake_target': None, 'cmake_target_skip_unavailable': False, 'install_base': '/home/antoronson/GitTrade/GazeboTutorials/ROS2_Tutorials/ros2_ws/install/tutorial_interfaces', 'merge_install': False, 'path': '/home/antoronson/GitTrade/GazeboTutorials/ROS2_Tutorials/ros2_ws/src/tutorial_interfaces', 'symlink_install': False, 'test_result_base': None}
[0.527s] INFO:colcon.colcon_core.executor:Executing jobs using 'parallel' executor
[0.529s] DEBUG:colcon.colcon_parallel_executor.executor.parallel:run_until_complete
[0.530s] INFO:colcon.colcon_ros.task.ament_cmake.build:Building ROS package in '/home/antoronson/GitTrade/GazeboTutorials/ROS2_Tutorials/ros2_ws/src/tutorial_interfaces' with build type 'ament_cmake'
[0.530s] INFO:colcon.colcon_cmake.task.cmake.build:Building CMake package in '/home/antoronson/GitTrade/GazeboTutorials/ROS2_Tutorials/ros2_ws/src/tutorial_interfaces'
[0.533s] INFO:colcon.colcon_core.plugin_system:Skipping extension 'colcon_core.shell.bat': Not used on non-Windows systems
[0.534s] INFO:colcon.colcon_core.shell:Skip shell extension 'powershell' for command environment: Not usable outside of PowerShell
[0.534s] DEBUG:colcon.colcon_core.shell:Skip shell extension 'dsv' for command environment
[0.547s] DEBUG:colcon.colcon_core.event_handler.log_command:Invoking command in '/home/antoronson/GitTrade/GazeboTutorials/ROS2_Tutorials/ros2_ws/build/tutorial_interfaces': CMAKE_PREFIX_PATH=/opt/ros/humble /usr/bin/cmake /home/antoronson/GitTrade/GazeboTutorials/ROS2_Tutorials/ros2_ws/src/tutorial_interfaces -DCMAKE_INSTALL_PREFIX=/home/antoronson/GitTrade/GazeboTutorials/ROS2_Tutorials/ros2_ws/install/tutorial_interfaces
[3.064s] DEBUG:colcon.colcon_core.event_handler.log_command:Invoked command in '/home/antoronson/GitTrade/GazeboTutorials/ROS2_Tutorials/ros2_ws/build/tutorial_interfaces' returned '0': CMAKE_PREFIX_PATH=/opt/ros/humble /usr/bin/cmake /home/antoronson/GitTrade/GazeboTutorials/ROS2_Tutorials/ros2_ws/src/tutorial_interfaces -DCMAKE_INSTALL_PREFIX=/home/antoronson/GitTrade/GazeboTutorials/ROS2_Tutorials/ros2_ws/install/tutorial_interfaces
[3.068s] DEBUG:colcon.colcon_core.event_handler.log_command:Invoking command in '/home/antoronson/GitTrade/GazeboTutorials/ROS2_Tutorials/ros2_ws/build/tutorial_interfaces': CMAKE_PREFIX_PATH=/opt/ros/humble /usr/bin/cmake --build /home/antoronson/GitTrade/GazeboTutorials/ROS2_Tutorials/ros2_ws/build/tutorial_interfaces -- -j4 -l4
[10.235s] DEBUG:colcon.colcon_core.event_handler.log_command:Invoked command in '/home/antoronson/GitTrade/GazeboTutorials/ROS2_Tutorials/ros2_ws/build/tutorial_interfaces' returned '0': CMAKE_PREFIX_PATH=/opt/ros/humble /usr/bin/cmake --build /home/antoronson/GitTrade/GazeboTutorials/ROS2_Tutorials/ros2_ws/build/tutorial_interfaces -- -j4 -l4
[10.354s] DEBUG:colcon.colcon_core.event_handler.log_command:Invoking command in '/home/antoronson/GitTrade/GazeboTutorials/ROS2_Tutorials/ros2_ws/build/tutorial_interfaces': CMAKE_PREFIX_PATH=/opt/ros/humble /usr/bin/cmake --install /home/antoronson/GitTrade/GazeboTutorials/ROS2_Tutorials/ros2_ws/build/tutorial_interfaces
[10.465s] Level 1:colcon.colcon_core.environment:create_environment_scripts_only(tutorial_interfaces)
[10.467s] DEBUG:colcon.colcon_core.event_handler.log_command:Invoked command in '/home/antoronson/GitTrade/GazeboTutorials/ROS2_Tutorials/ros2_ws/build/tutorial_interfaces' returned '0': CMAKE_PREFIX_PATH=/opt/ros/humble /usr/bin/cmake --install /home/antoronson/GitTrade/GazeboTutorials/ROS2_Tutorials/ros2_ws/build/tutorial_interfaces
[10.474s] Level 1:colcon.colcon_core.environment:checking '/home/antoronson/GitTrade/GazeboTutorials/ROS2_Tutorials/ros2_ws/install/tutorial_interfaces' for CMake module files
[10.477s] Level 1:colcon.colcon_core.environment:checking '/home/antoronson/GitTrade/GazeboTutorials/ROS2_Tutorials/ros2_ws/install/tutorial_interfaces' for CMake config files
[10.478s] Level 1:colcon.colcon_core.shell:create_environment_hook('tutorial_interfaces', 'cmake_prefix_path')
[10.479s] INFO:colcon.colcon_core.shell:Creating environment hook '/home/antoronson/GitTrade/GazeboTutorials/ROS2_Tutorials/ros2_ws/install/tutorial_interfaces/share/tutorial_interfaces/hook/cmake_prefix_path.ps1'
[10.482s] INFO:colcon.colcon_core.shell:Creating environment descriptor '/home/antoronson/GitTrade/GazeboTutorials/ROS2_Tutorials/ros2_ws/install/tutorial_interfaces/share/tutorial_interfaces/hook/cmake_prefix_path.dsv'
[10.484s] INFO:colcon.colcon_core.shell:Creating environment hook '/home/antoronson/GitTrade/GazeboTutorials/ROS2_Tutorials/ros2_ws/install/tutorial_interfaces/share/tutorial_interfaces/hook/cmake_prefix_path.sh'
[10.487s] Level 1:colcon.colcon_core.environment:checking '/home/antoronson/GitTrade/GazeboTutorials/ROS2_Tutorials/ros2_ws/install/tutorial_interfaces/lib'
[10.488s] Level 1:colcon.colcon_core.shell:create_environment_hook('tutorial_interfaces', 'ld_library_path_lib')
[10.488s] INFO:colcon.colcon_core.shell:Creating environment hook '/home/antoronson/GitTrade/GazeboTutorials/ROS2_Tutorials/ros2_ws/install/tutorial_interfaces/share/tutorial_interfaces/hook/ld_library_path_lib.ps1'
[10.490s] INFO:colcon.colcon_core.shell:Creating environment descriptor '/home/antoronson/GitTrade/GazeboTutorials/ROS2_Tutorials/ros2_ws/install/tutorial_interfaces/share/tutorial_interfaces/hook/ld_library_path_lib.dsv'
[10.490s] INFO:colcon.colcon_core.shell:Creating environment hook '/home/antoronson/GitTrade/GazeboTutorials/ROS2_Tutorials/ros2_ws/install/tutorial_interfaces/share/tutorial_interfaces/hook/ld_library_path_lib.sh'
[10.491s] Level 1:colcon.colcon_core.environment:checking '/home/antoronson/GitTrade/GazeboTutorials/ROS2_Tutorials/ros2_ws/install/tutorial_interfaces/bin'
[10.491s] Level 1:colcon.colcon_core.environment:checking '/home/antoronson/GitTrade/GazeboTutorials/ROS2_Tutorials/ros2_ws/install/tutorial_interfaces/lib/pkgconfig/tutorial_interfaces.pc'
[10.492s] Level 1:colcon.colcon_core.environment:checking '/home/antoronson/GitTrade/GazeboTutorials/ROS2_Tutorials/ros2_ws/install/tutorial_interfaces/lib/python3.10/site-packages'
[10.493s] Level 1:colcon.colcon_core.environment:checking '/home/antoronson/GitTrade/GazeboTutorials/ROS2_Tutorials/ros2_ws/install/tutorial_interfaces/bin'
[10.494s] INFO:colcon.colcon_core.shell:Creating package script '/home/antoronson/GitTrade/GazeboTutorials/ROS2_Tutorials/ros2_ws/install/tutorial_interfaces/share/tutorial_interfaces/package.ps1'
[10.497s] INFO:colcon.colcon_core.shell:Creating package descriptor '/home/antoronson/GitTrade/GazeboTutorials/ROS2_Tutorials/ros2_ws/install/tutorial_interfaces/share/tutorial_interfaces/package.dsv'
[10.500s] INFO:colcon.colcon_core.shell:Creating package script '/home/antoronson/GitTrade/GazeboTutorials/ROS2_Tutorials/ros2_ws/install/tutorial_interfaces/share/tutorial_interfaces/package.sh'
[10.502s] INFO:colcon.colcon_core.shell:Creating package script '/home/antoronson/GitTrade/GazeboTutorials/ROS2_Tutorials/ros2_ws/install/tutorial_interfaces/share/tutorial_interfaces/package.bash'
[10.505s] INFO:colcon.colcon_core.shell:Creating package script '/home/antoronson/GitTrade/GazeboTutorials/ROS2_Tutorials/ros2_ws/install/tutorial_interfaces/share/tutorial_interfaces/package.zsh'
[10.507s] Level 1:colcon.colcon_core.environment:create_file_with_runtime_dependencies(/home/antoronson/GitTrade/GazeboTutorials/ROS2_Tutorials/ros2_ws/install/tutorial_interfaces/share/colcon-core/packages/tutorial_interfaces)
[10.637s] Level 1:colcon.colcon_core.environment:create_environment_scripts_only(tutorial_interfaces)
[10.638s] Level 1:colcon.colcon_core.environment:checking '/home/antoronson/GitTrade/GazeboTutorials/ROS2_Tutorials/ros2_ws/install/tutorial_interfaces' for CMake module files
[10.639s] Level 1:colcon.colcon_core.environment:checking '/home/antoronson/GitTrade/GazeboTutorials/ROS2_Tutorials/ros2_ws/install/tutorial_interfaces' for CMake config files
[10.639s] Level 1:colcon.colcon_core.shell:create_environment_hook('tutorial_interfaces', 'cmake_prefix_path')
[10.639s] INFO:colcon.colcon_core.shell:Creating environment hook '/home/antoronson/GitTrade/GazeboTutorials/ROS2_Tutorials/ros2_ws/install/tutorial_interfaces/share/tutorial_interfaces/hook/cmake_prefix_path.ps1'
[10.640s] INFO:colcon.colcon_core.shell:Creating environment descriptor '/home/antoronson/GitTrade/GazeboTutorials/ROS2_Tutorials/ros2_ws/install/tutorial_interfaces/share/tutorial_interfaces/hook/cmake_prefix_path.dsv'
[10.640s] INFO:colcon.colcon_core.shell:Creating environment hook '/home/antoronson/GitTrade/GazeboTutorials/ROS2_Tutorials/ros2_ws/install/tutorial_interfaces/share/tutorial_interfaces/hook/cmake_prefix_path.sh'
[10.641s] Level 1:colcon.colcon_core.environment:checking '/home/antoronson/GitTrade/GazeboTutorials/ROS2_Tutorials/ros2_ws/install/tutorial_interfaces/lib'
[10.641s] Level 1:colcon.colcon_core.shell:create_environment_hook('tutorial_interfaces', 'ld_library_path_lib')
[10.642s] INFO:colcon.colcon_core.shell:Creating environment hook '/home/antoronson/GitTrade/GazeboTutorials/ROS2_Tutorials/ros2_ws/install/tutorial_interfaces/share/tutorial_interfaces/hook/ld_library_path_lib.ps1'
[10.643s] INFO:colcon.colcon_core.shell:Creating environment descriptor '/home/antoronson/GitTrade/GazeboTutorials/ROS2_Tutorials/ros2_ws/install/tutorial_interfaces/share/tutorial_interfaces/hook/ld_library_path_lib.dsv'
[10.643s] INFO:colcon.colcon_core.shell:Creating environment hook '/home/antoronson/GitTrade/GazeboTutorials/ROS2_Tutorials/ros2_ws/install/tutorial_interfaces/share/tutorial_interfaces/hook/ld_library_path_lib.sh'
[10.644s] Level 1:colcon.colcon_core.environment:checking '/home/antoronson/GitTrade/GazeboTutorials/ROS2_Tutorials/ros2_ws/install/tutorial_interfaces/bin'
[10.644s] Level 1:colcon.colcon_core.environment:checking '/home/antoronson/GitTrade/GazeboTutorials/ROS2_Tutorials/ros2_ws/install/tutorial_interfaces/lib/pkgconfig/tutorial_interfaces.pc'
[10.644s] Level 1:colcon.colcon_core.environment:checking '/home/antoronson/GitTrade/GazeboTutorials/ROS2_Tutorials/ros2_ws/install/tutorial_interfaces/lib/python3.10/site-packages'
[10.644s] Level 1:colcon.colcon_core.environment:checking '/home/antoronson/GitTrade/GazeboTutorials/ROS2_Tutorials/ros2_ws/install/tutorial_interfaces/bin'
[10.645s] INFO:colcon.colcon_core.shell:Creating package script '/home/antoronson/GitTrade/GazeboTutorials/ROS2_Tutorials/ros2_ws/install/tutorial_interfaces/share/tutorial_interfaces/package.ps1'
[10.645s] INFO:colcon.colcon_core.shell:Creating package descriptor '/home/antoronson/GitTrade/GazeboTutorials/ROS2_Tutorials/ros2_ws/install/tutorial_interfaces/share/tutorial_interfaces/package.dsv'
[10.646s] INFO:colcon.colcon_core.shell:Creating package script '/home/antoronson/GitTrade/GazeboTutorials/ROS2_Tutorials/ros2_ws/install/tutorial_interfaces/share/tutorial_interfaces/package.sh'
[10.647s] INFO:colcon.colcon_core.shell:Creating package script '/home/antoronson/GitTrade/GazeboTutorials/ROS2_Tutorials/ros2_ws/install/tutorial_interfaces/share/tutorial_interfaces/package.bash'
[10.647s] INFO:colcon.colcon_core.shell:Creating package script '/home/antoronson/GitTrade/GazeboTutorials/ROS2_Tutorials/ros2_ws/install/tutorial_interfaces/share/tutorial_interfaces/package.zsh'
[10.648s] Level 1:colcon.colcon_core.environment:create_file_with_runtime_dependencies(/home/antoronson/GitTrade/GazeboTutorials/ROS2_Tutorials/ros2_ws/install/tutorial_interfaces/share/colcon-core/packages/tutorial_interfaces)
[10.648s] DEBUG:colcon.colcon_parallel_executor.executor.parallel:closing loop
[10.649s] DEBUG:colcon.colcon_parallel_executor.executor.parallel:loop closed
[10.649s] DEBUG:colcon.colcon_parallel_executor.executor.parallel:run_until_complete finished with '0'
[10.649s] DEBUG:colcon.colcon_core.event_reactor:joining thread
[10.657s] INFO:colcon.colcon_core.plugin_system:Skipping extension 'colcon_notification.desktop_notification.terminal_notifier': Not used on non-Darwin systems
[10.658s] INFO:colcon.colcon_core.plugin_system:Skipping extension 'colcon_notification.desktop_notification.win32': Not used on non-Windows systems
[10.658s] INFO:colcon.colcon_notification.desktop_notification:Sending desktop notification using 'notify2'
[10.678s] DEBUG:colcon.colcon_core.event_reactor:joined thread
[10.679s] INFO:colcon.colcon_core.shell:Creating prefix script '/home/antoronson/GitTrade/GazeboTutorials/ROS2_Tutorials/ros2_ws/install/local_setup.ps1'
[10.681s] INFO:colcon.colcon_core.shell:Creating prefix util module '/home/antoronson/GitTrade/GazeboTutorials/ROS2_Tutorials/ros2_ws/install/_local_setup_util_ps1.py'
[10.683s] INFO:colcon.colcon_core.shell:Creating prefix chain script '/home/antoronson/GitTrade/GazeboTutorials/ROS2_Tutorials/ros2_ws/install/setup.ps1'
[10.685s] INFO:colcon.colcon_core.shell:Creating prefix script '/home/antoronson/GitTrade/GazeboTutorials/ROS2_Tutorials/ros2_ws/install/local_setup.sh'
[10.685s] INFO:colcon.colcon_core.shell:Creating prefix util module '/home/antoronson/GitTrade/GazeboTutorials/ROS2_Tutorials/ros2_ws/install/_local_setup_util_sh.py'
[10.686s] INFO:colcon.colcon_core.shell:Creating prefix chain script '/home/antoronson/GitTrade/GazeboTutorials/ROS2_Tutorials/ros2_ws/install/setup.sh'
[10.687s] INFO:colcon.colcon_core.shell:Creating prefix script '/home/antoronson/GitTrade/GazeboTutorials/ROS2_Tutorials/ros2_ws/install/local_setup.bash'
[10.688s] INFO:colcon.colcon_core.shell:Creating prefix chain script '/home/antoronson/GitTrade/GazeboTutorials/ROS2_Tutorials/ros2_ws/install/setup.bash'
[10.689s] INFO:colcon.colcon_core.shell:Creating prefix script '/home/antoronson/GitTrade/GazeboTutorials/ROS2_Tutorials/ros2_ws/install/local_setup.zsh'
[10.690s] INFO:colcon.colcon_core.shell:Creating prefix chain script '/home/antoronson/GitTrade/GazeboTutorials/ROS2_Tutorials/ros2_ws/install/setup.zsh'
