[2.049s] Invoking command in '/home/antoronson/GitTrade/GazeboTutorials/ROS2_Tutorials/ros2_ws/src/py_srv_add2num': CONDA_PROMPT_MODIFIER=(base) PYTHONPATH=/home/antoronson/GitTrade/GazeboTutorials/ROS2_Tutorials/ros2_ws/build/py_srv_add2num/prefix_override:/home/antoronson/GitTrade/GazeboTutorials/ROS2_Tutorials/ros2_ws/install/py_srv_add2num/lib/python3.10/site-packages:${PYTHONPATH} /usr/bin/python3 -W ignore:setup.py install is deprecated setup.py egg_info --egg-base ../../build/py_srv_add2num build --build-base /home/antoronson/GitTrade/GazeboTutorials/ROS2_Tutorials/ros2_ws/build/py_srv_add2num/build install --record /home/antoronson/GitTrade/GazeboTutorials/ROS2_Tutorials/ros2_ws/build/py_srv_add2num/install.log --single-version-externally-managed install_data
[2.631s] running egg_info
[2.632s] writing ../../build/py_srv_add2num/py_srv_add2num.egg-info/PKG-INFO
[2.633s] writing dependency_links to ../../build/py_srv_add2num/py_srv_add2num.egg-info/dependency_links.txt
[2.633s] writing entry points to ../../build/py_srv_add2num/py_srv_add2num.egg-info/entry_points.txt
[2.633s] writing requirements to ../../build/py_srv_add2num/py_srv_add2num.egg-info/requires.txt
[2.634s] writing top-level names to ../../build/py_srv_add2num/py_srv_add2num.egg-info/top_level.txt
[2.636s] reading manifest file '../../build/py_srv_add2num/py_srv_add2num.egg-info/SOURCES.txt'
[2.638s] writing manifest file '../../build/py_srv_add2num/py_srv_add2num.egg-info/SOURCES.txt'
[2.638s] running build
[2.638s] running build_py
[2.639s] running install
[2.639s] running install_lib
[2.641s] running install_data
[2.641s] running install_egg_info
[2.644s] removing '/home/antoronson/GitTrade/GazeboTutorials/ROS2_Tutorials/ros2_ws/install/py_srv_add2num/lib/python3.10/site-packages/py_srv_add2num-0.0.1-py3.10.egg-info' (and everything under it)
[2.644s] Copying ../../build/py_srv_add2num/py_srv_add2num.egg-info to /home/antoronson/GitTrade/GazeboTutorials/ROS2_Tutorials/ros2_ws/install/py_srv_add2num/lib/python3.10/site-packages/py_srv_add2num-0.0.1-py3.10.egg-info
[2.645s] running install_scripts
[2.678s] writing list of installed files to '/home/antoronson/GitTrade/GazeboTutorials/ROS2_Tutorials/ros2_ws/build/py_srv_add2num/install.log'
[2.726s] Invoked command in '/home/antoronson/GitTrade/GazeboTutorials/ROS2_Tutorials/ros2_ws/src/py_srv_add2num' returned '0': CONDA_PROMPT_MODIFIER=(base) PYTHONPATH=/home/antoronson/GitTrade/GazeboTutorials/ROS2_Tutorials/ros2_ws/build/py_srv_add2num/prefix_override:/home/antoronson/GitTrade/GazeboTutorials/ROS2_Tutorials/ros2_ws/install/py_srv_add2num/lib/python3.10/site-packages:${PYTHONPATH} /usr/bin/python3 -W ignore:setup.py install is deprecated setup.py egg_info --egg-base ../../build/py_srv_add2num build --build-base /home/antoronson/GitTrade/GazeboTutorials/ROS2_Tutorials/ros2_ws/build/py_srv_add2num/build install --record /home/antoronson/GitTrade/GazeboTutorials/ROS2_Tutorials/ros2_ws/build/py_srv_add2num/install.log --single-version-externally-managed install_data
