[0.550s] DEBUG:colcon:Command line arguments: ['/usr/bin/colcon', 'build']
[0.550s] DEBUG:colcon:Parsed command line arguments: Namespace(log_base=None, log_level=None, verb_name='build', build_base='build', install_base='install', merge_install=False, symlink_install=False, test_result_base=None, continue_on_error=False, executor='parallel', parallel_workers=4, event_handlers=None, ignore_user_meta=False, metas=['./colcon.meta'], base_paths=['.'], packages_ignore=None, packages_ignore_regex=None, paths=None, packages_up_to=None, packages_up_to_regex=None, packages_above=None, packages_above_and_dependencies=None, packages_above_depth=None, packages_select_by_dep=None, packages_skip_by_dep=None, packages_skip_up_to=None, packages_select_build_failed=False, packages_skip_build_finished=False, packages_select_test_failures=False, packages_skip_test_passed=False, packages_select=None, packages_skip=None, packages_select_regex=None, packages_skip_regex=None, packages_start=None, packages_end=None, allow_overriding=[], cmake_args=None, cmake_target=None, cmake_target_skip_unavailable=False, cmake_clean_cache=False, cmake_clean_first=False, cmake_force_configure=False, ament_cmake_args=None, catkin_cmake_args=None, catkin_skip_building_tests=False, verb_parser=<colcon_defaults.argument_parser.defaults.DefaultArgumentsDecorator object at 0x7869d7f2c5b0>, verb_extension=<colcon_core.verb.build.BuildVerb object at 0x7869d80a5c00>, main=<bound method BuildVerb.main of <colcon_core.verb.build.BuildVerb object at 0x7869d80a5c00>>)
[1.151s] Level 1:colcon.colcon_core.package_discovery:discover_packages(colcon_meta) check parameters
[1.151s] Level 1:colcon.colcon_core.package_discovery:discover_packages(recursive) check parameters
[1.151s] Level 1:colcon.colcon_core.package_discovery:discover_packages(ignore) check parameters
[1.151s] Level 1:colcon.colcon_core.package_discovery:discover_packages(path) check parameters
[1.152s] Level 1:colcon.colcon_core.package_discovery:discover_packages(colcon_meta) discover
[1.152s] Level 1:colcon.colcon_core.package_discovery:discover_packages(recursive) discover
[1.152s] INFO:colcon.colcon_core.package_discovery:Crawling recursively for packages in '/home/antoronson/GitTrade/GazeboTutorials/ROS2_Tutorials/ros2_ws'
[1.152s] Level 1:colcon.colcon_core.package_identification:_identify(.) by extensions ['ignore', 'ignore_ament_install']
[1.152s] Level 1:colcon.colcon_core.package_identification:_identify(.) by extension 'ignore'
[1.152s] Level 1:colcon.colcon_core.package_identification:_identify(.) by extension 'ignore_ament_install'
[1.152s] Level 1:colcon.colcon_core.package_identification:_identify(.) by extensions ['colcon_pkg']
[1.152s] Level 1:colcon.colcon_core.package_identification:_identify(.) by extension 'colcon_pkg'
[1.152s] Level 1:colcon.colcon_core.package_identification:_identify(.) by extensions ['colcon_meta']
[1.152s] Level 1:colcon.colcon_core.package_identification:_identify(.) by extension 'colcon_meta'
[1.153s] Level 1:colcon.colcon_core.package_identification:_identify(.) by extensions ['ros']
[1.153s] Level 1:colcon.colcon_core.package_identification:_identify(.) by extension 'ros'
[1.177s] Level 1:colcon.colcon_core.package_identification:_identify(.) by extensions ['cmake', 'python']
[1.177s] Level 1:colcon.colcon_core.package_identification:_identify(.) by extension 'cmake'
[1.177s] Level 1:colcon.colcon_core.package_identification:_identify(.) by extension 'python'
[1.177s] Level 1:colcon.colcon_core.package_identification:_identify(.) by extensions ['python_setup_py']
[1.177s] Level 1:colcon.colcon_core.package_identification:_identify(.) by extension 'python_setup_py'
[1.177s] Level 1:colcon.colcon_core.package_identification:_identify(build) by extensions ['ignore', 'ignore_ament_install']
[1.177s] Level 1:colcon.colcon_core.package_identification:_identify(build) by extension 'ignore'
[1.177s] Level 1:colcon.colcon_core.package_identification:_identify(build) ignored
[1.178s] Level 1:colcon.colcon_core.package_identification:_identify(install) by extensions ['ignore', 'ignore_ament_install']
[1.178s] Level 1:colcon.colcon_core.package_identification:_identify(install) by extension 'ignore'
[1.178s] Level 1:colcon.colcon_core.package_identification:_identify(install) ignored
[1.178s] Level 1:colcon.colcon_core.package_identification:_identify(log) by extensions ['ignore', 'ignore_ament_install']
[1.178s] Level 1:colcon.colcon_core.package_identification:_identify(log) by extension 'ignore'
[1.178s] Level 1:colcon.colcon_core.package_identification:_identify(log) ignored
[1.178s] Level 1:colcon.colcon_core.package_identification:_identify(src) by extensions ['ignore', 'ignore_ament_install']
[1.179s] Level 1:colcon.colcon_core.package_identification:_identify(src) by extension 'ignore'
[1.179s] Level 1:colcon.colcon_core.package_identification:_identify(src) by extension 'ignore_ament_install'
[1.179s] Level 1:colcon.colcon_core.package_identification:_identify(src) by extensions ['colcon_pkg']
[1.179s] Level 1:colcon.colcon_core.package_identification:_identify(src) by extension 'colcon_pkg'
[1.179s] Level 1:colcon.colcon_core.package_identification:_identify(src) by extensions ['colcon_meta']
[1.179s] Level 1:colcon.colcon_core.package_identification:_identify(src) by extension 'colcon_meta'
[1.179s] Level 1:colcon.colcon_core.package_identification:_identify(src) by extensions ['ros']
[1.179s] Level 1:colcon.colcon_core.package_identification:_identify(src) by extension 'ros'
[1.179s] Level 1:colcon.colcon_core.package_identification:_identify(src) by extensions ['cmake', 'python']
[1.180s] Level 1:colcon.colcon_core.package_identification:_identify(src) by extension 'cmake'
[1.180s] Level 1:colcon.colcon_core.package_identification:_identify(src) by extension 'python'
[1.180s] Level 1:colcon.colcon_core.package_identification:_identify(src) by extensions ['python_setup_py']
[1.180s] Level 1:colcon.colcon_core.package_identification:_identify(src) by extension 'python_setup_py'
[1.180s] Level 1:colcon.colcon_core.package_identification:_identify(src/helloworld) by extensions ['ignore', 'ignore_ament_install']
[1.180s] Level 1:colcon.colcon_core.package_identification:_identify(src/helloworld) by extension 'ignore'
[1.180s] Level 1:colcon.colcon_core.package_identification:_identify(src/helloworld) by extension 'ignore_ament_install'
[1.180s] Level 1:colcon.colcon_core.package_identification:_identify(src/helloworld) by extensions ['colcon_pkg']
[1.180s] Level 1:colcon.colcon_core.package_identification:_identify(src/helloworld) by extension 'colcon_pkg'
[1.180s] Level 1:colcon.colcon_core.package_identification:_identify(src/helloworld) by extensions ['colcon_meta']
[1.180s] Level 1:colcon.colcon_core.package_identification:_identify(src/helloworld) by extension 'colcon_meta'
[1.180s] Level 1:colcon.colcon_core.package_identification:_identify(src/helloworld) by extensions ['ros']
[1.180s] Level 1:colcon.colcon_core.package_identification:_identify(src/helloworld) by extension 'ros'
[1.186s] DEBUG:colcon.colcon_core.package_identification:Package 'src/helloworld' with type 'ros.ament_python' and name 'helloworld'
[1.186s] Level 1:colcon.colcon_core.package_identification:_identify(src/py_srv_add2num) by extensions ['ignore', 'ignore_ament_install']
[1.186s] Level 1:colcon.colcon_core.package_identification:_identify(src/py_srv_add2num) by extension 'ignore'
[1.186s] Level 1:colcon.colcon_core.package_identification:_identify(src/py_srv_add2num) by extension 'ignore_ament_install'
[1.186s] Level 1:colcon.colcon_core.package_identification:_identify(src/py_srv_add2num) by extensions ['colcon_pkg']
[1.186s] Level 1:colcon.colcon_core.package_identification:_identify(src/py_srv_add2num) by extension 'colcon_pkg'
[1.187s] Level 1:colcon.colcon_core.package_identification:_identify(src/py_srv_add2num) by extensions ['colcon_meta']
[1.187s] Level 1:colcon.colcon_core.package_identification:_identify(src/py_srv_add2num) by extension 'colcon_meta'
[1.187s] Level 1:colcon.colcon_core.package_identification:_identify(src/py_srv_add2num) by extensions ['ros']
[1.187s] Level 1:colcon.colcon_core.package_identification:_identify(src/py_srv_add2num) by extension 'ros'
[1.188s] DEBUG:colcon.colcon_core.package_identification:Package 'src/py_srv_add2num' with type 'ros.ament_python' and name 'py_srv_add2num'
[1.188s] Level 1:colcon.colcon_core.package_identification:_identify(src/py_srvcli) by extensions ['ignore', 'ignore_ament_install']
[1.188s] Level 1:colcon.colcon_core.package_identification:_identify(src/py_srvcli) by extension 'ignore'
[1.188s] Level 1:colcon.colcon_core.package_identification:_identify(src/py_srvcli) by extension 'ignore_ament_install'
[1.188s] Level 1:colcon.colcon_core.package_identification:_identify(src/py_srvcli) by extensions ['colcon_pkg']
[1.188s] Level 1:colcon.colcon_core.package_identification:_identify(src/py_srvcli) by extension 'colcon_pkg'
[1.188s] Level 1:colcon.colcon_core.package_identification:_identify(src/py_srvcli) by extensions ['colcon_meta']
[1.188s] Level 1:colcon.colcon_core.package_identification:_identify(src/py_srvcli) by extension 'colcon_meta'
[1.189s] Level 1:colcon.colcon_core.package_identification:_identify(src/py_srvcli) by extensions ['ros']
[1.189s] Level 1:colcon.colcon_core.package_identification:_identify(src/py_srvcli) by extension 'ros'
[1.189s] DEBUG:colcon.colcon_core.package_identification:Package 'src/py_srvcli' with type 'ros.ament_python' and name 'py_srvcli'
[1.189s] Level 1:colcon.colcon_core.package_discovery:discover_packages(recursive) using defaults
[1.190s] Level 1:colcon.colcon_core.package_discovery:discover_packages(ignore) discover
[1.190s] Level 1:colcon.colcon_core.package_discovery:discover_packages(ignore) using defaults
[1.190s] Level 1:colcon.colcon_core.package_discovery:discover_packages(path) discover
[1.190s] Level 1:colcon.colcon_core.package_discovery:discover_packages(path) using defaults
[1.247s] Level 1:colcon.colcon_core.package_discovery:discover_packages(prefix_path) check parameters
[1.247s] Level 1:colcon.colcon_core.package_discovery:discover_packages(prefix_path) discover
[1.255s] DEBUG:colcon.colcon_installed_package_information.package_discovery:Found 270 installed packages in /opt/ros/humble
[1.273s] Level 1:colcon.colcon_core.package_discovery:discover_packages(prefix_path) using defaults
[1.338s] Level 5:colcon.colcon_core.verb:set package 'helloworld' build argument 'cmake_args' from command line to 'None'
[1.338s] Level 5:colcon.colcon_core.verb:set package 'helloworld' build argument 'cmake_target' from command line to 'None'
[1.338s] Level 5:colcon.colcon_core.verb:set package 'helloworld' build argument 'cmake_target_skip_unavailable' from command line to 'False'
[1.338s] Level 5:colcon.colcon_core.verb:set package 'helloworld' build argument 'cmake_clean_cache' from command line to 'False'
[1.338s] Level 5:colcon.colcon_core.verb:set package 'helloworld' build argument 'cmake_clean_first' from command line to 'False'
[1.338s] Level 5:colcon.colcon_core.verb:set package 'helloworld' build argument 'cmake_force_configure' from command line to 'False'
[1.338s] Level 5:colcon.colcon_core.verb:set package 'helloworld' build argument 'ament_cmake_args' from command line to 'None'
[1.338s] Level 5:colcon.colcon_core.verb:set package 'helloworld' build argument 'catkin_cmake_args' from command line to 'None'
[1.338s] Level 5:colcon.colcon_core.verb:set package 'helloworld' build argument 'catkin_skip_building_tests' from command line to 'False'
[1.338s] DEBUG:colcon.colcon_core.verb:Building package 'helloworld' with the following arguments: {'ament_cmake_args': None, 'build_base': '/home/antoronson/GitTrade/GazeboTutorials/ROS2_Tutorials/ros2_ws/build/helloworld', 'catkin_cmake_args': None, 'catkin_skip_building_tests': False, 'cmake_args': None, 'cmake_clean_cache': False, 'cmake_clean_first': False, 'cmake_force_configure': False, 'cmake_target': None, 'cmake_target_skip_unavailable': False, 'install_base': '/home/antoronson/GitTrade/GazeboTutorials/ROS2_Tutorials/ros2_ws/install/helloworld', 'merge_install': False, 'path': '/home/antoronson/GitTrade/GazeboTutorials/ROS2_Tutorials/ros2_ws/src/helloworld', 'symlink_install': False, 'test_result_base': None}
[1.339s] Level 5:colcon.colcon_core.verb:set package 'py_srv_add2num' build argument 'cmake_args' from command line to 'None'
[1.339s] Level 5:colcon.colcon_core.verb:set package 'py_srv_add2num' build argument 'cmake_target' from command line to 'None'
[1.339s] Level 5:colcon.colcon_core.verb:set package 'py_srv_add2num' build argument 'cmake_target_skip_unavailable' from command line to 'False'
[1.339s] Level 5:colcon.colcon_core.verb:set package 'py_srv_add2num' build argument 'cmake_clean_cache' from command line to 'False'
[1.339s] Level 5:colcon.colcon_core.verb:set package 'py_srv_add2num' build argument 'cmake_clean_first' from command line to 'False'
[1.339s] Level 5:colcon.colcon_core.verb:set package 'py_srv_add2num' build argument 'cmake_force_configure' from command line to 'False'
[1.339s] Level 5:colcon.colcon_core.verb:set package 'py_srv_add2num' build argument 'ament_cmake_args' from command line to 'None'
[1.339s] Level 5:colcon.colcon_core.verb:set package 'py_srv_add2num' build argument 'catkin_cmake_args' from command line to 'None'
[1.339s] Level 5:colcon.colcon_core.verb:set package 'py_srv_add2num' build argument 'catkin_skip_building_tests' from command line to 'False'
[1.339s] DEBUG:colcon.colcon_core.verb:Building package 'py_srv_add2num' with the following arguments: {'ament_cmake_args': None, 'build_base': '/home/antoronson/GitTrade/GazeboTutorials/ROS2_Tutorials/ros2_ws/build/py_srv_add2num', 'catkin_cmake_args': None, 'catkin_skip_building_tests': False, 'cmake_args': None, 'cmake_clean_cache': False, 'cmake_clean_first': False, 'cmake_force_configure': False, 'cmake_target': None, 'cmake_target_skip_unavailable': False, 'install_base': '/home/antoronson/GitTrade/GazeboTutorials/ROS2_Tutorials/ros2_ws/install/py_srv_add2num', 'merge_install': False, 'path': '/home/antoronson/GitTrade/GazeboTutorials/ROS2_Tutorials/ros2_ws/src/py_srv_add2num', 'symlink_install': False, 'test_result_base': None}
[1.340s] Level 5:colcon.colcon_core.verb:set package 'py_srvcli' build argument 'cmake_args' from command line to 'None'
[1.340s] Level 5:colcon.colcon_core.verb:set package 'py_srvcli' build argument 'cmake_target' from command line to 'None'
[1.340s] Level 5:colcon.colcon_core.verb:set package 'py_srvcli' build argument 'cmake_target_skip_unavailable' from command line to 'False'
[1.340s] Level 5:colcon.colcon_core.verb:set package 'py_srvcli' build argument 'cmake_clean_cache' from command line to 'False'
[1.340s] Level 5:colcon.colcon_core.verb:set package 'py_srvcli' build argument 'cmake_clean_first' from command line to 'False'
[1.340s] Level 5:colcon.colcon_core.verb:set package 'py_srvcli' build argument 'cmake_force_configure' from command line to 'False'
[1.340s] Level 5:colcon.colcon_core.verb:set package 'py_srvcli' build argument 'ament_cmake_args' from command line to 'None'
[1.340s] Level 5:colcon.colcon_core.verb:set package 'py_srvcli' build argument 'catkin_cmake_args' from command line to 'None'
[1.340s] Level 5:colcon.colcon_core.verb:set package 'py_srvcli' build argument 'catkin_skip_building_tests' from command line to 'False'
[1.340s] DEBUG:colcon.colcon_core.verb:Building package 'py_srvcli' with the following arguments: {'ament_cmake_args': None, 'build_base': '/home/antoronson/GitTrade/GazeboTutorials/ROS2_Tutorials/ros2_ws/build/py_srvcli', 'catkin_cmake_args': None, 'catkin_skip_building_tests': False, 'cmake_args': None, 'cmake_clean_cache': False, 'cmake_clean_first': False, 'cmake_force_configure': False, 'cmake_target': None, 'cmake_target_skip_unavailable': False, 'install_base': '/home/antoronson/GitTrade/GazeboTutorials/ROS2_Tutorials/ros2_ws/install/py_srvcli', 'merge_install': False, 'path': '/home/antoronson/GitTrade/GazeboTutorials/ROS2_Tutorials/ros2_ws/src/py_srvcli', 'symlink_install': False, 'test_result_base': None}
[1.340s] INFO:colcon.colcon_core.executor:Executing jobs using 'parallel' executor
[1.342s] DEBUG:colcon.colcon_parallel_executor.executor.parallel:run_until_complete
[1.343s] INFO:colcon.colcon_ros.task.ament_python.build:Building ROS package in '/home/antoronson/GitTrade/GazeboTutorials/ROS2_Tutorials/ros2_ws/src/helloworld' with build type 'ament_python'
[1.343s] Level 1:colcon.colcon_core.shell:create_environment_hook('helloworld', 'ament_prefix_path')
[1.353s] INFO:colcon.colcon_core.plugin_system:Skipping extension 'colcon_core.shell.bat': Not used on non-Windows systems
[1.354s] INFO:colcon.colcon_core.shell:Creating environment hook '/home/antoronson/GitTrade/GazeboTutorials/ROS2_Tutorials/ros2_ws/install/helloworld/share/helloworld/hook/ament_prefix_path.ps1'
[1.356s] INFO:colcon.colcon_core.shell:Creating environment descriptor '/home/antoronson/GitTrade/GazeboTutorials/ROS2_Tutorials/ros2_ws/install/helloworld/share/helloworld/hook/ament_prefix_path.dsv'
[1.357s] INFO:colcon.colcon_core.shell:Creating environment hook '/home/antoronson/GitTrade/GazeboTutorials/ROS2_Tutorials/ros2_ws/install/helloworld/share/helloworld/hook/ament_prefix_path.sh'
[1.359s] INFO:colcon.colcon_core.shell:Skip shell extension 'powershell' for command environment: Not usable outside of PowerShell
[1.359s] DEBUG:colcon.colcon_core.shell:Skip shell extension 'dsv' for command environment
[1.364s] INFO:colcon.colcon_ros.task.ament_python.build:Building ROS package in '/home/antoronson/GitTrade/GazeboTutorials/ROS2_Tutorials/ros2_ws/src/py_srv_add2num' with build type 'ament_python'
[1.364s] Level 1:colcon.colcon_core.shell:create_environment_hook('py_srv_add2num', 'ament_prefix_path')
[1.364s] INFO:colcon.colcon_core.shell:Creating environment hook '/home/antoronson/GitTrade/GazeboTutorials/ROS2_Tutorials/ros2_ws/install/py_srv_add2num/share/py_srv_add2num/hook/ament_prefix_path.ps1'
[1.365s] INFO:colcon.colcon_core.shell:Creating environment descriptor '/home/antoronson/GitTrade/GazeboTutorials/ROS2_Tutorials/ros2_ws/install/py_srv_add2num/share/py_srv_add2num/hook/ament_prefix_path.dsv'
[1.366s] INFO:colcon.colcon_core.shell:Creating environment hook '/home/antoronson/GitTrade/GazeboTutorials/ROS2_Tutorials/ros2_ws/install/py_srv_add2num/share/py_srv_add2num/hook/ament_prefix_path.sh'
[1.366s] INFO:colcon.colcon_core.shell:Skip shell extension 'powershell' for command environment: Not usable outside of PowerShell
[1.366s] DEBUG:colcon.colcon_core.shell:Skip shell extension 'dsv' for command environment
[1.370s] INFO:colcon.colcon_ros.task.ament_python.build:Building ROS package in '/home/antoronson/GitTrade/GazeboTutorials/ROS2_Tutorials/ros2_ws/src/py_srvcli' with build type 'ament_python'
[1.371s] Level 1:colcon.colcon_core.shell:create_environment_hook('py_srvcli', 'ament_prefix_path')
[1.372s] INFO:colcon.colcon_core.shell:Creating environment hook '/home/antoronson/GitTrade/GazeboTutorials/ROS2_Tutorials/ros2_ws/install/py_srvcli/share/py_srvcli/hook/ament_prefix_path.ps1'
[1.373s] INFO:colcon.colcon_core.shell:Creating environment descriptor '/home/antoronson/GitTrade/GazeboTutorials/ROS2_Tutorials/ros2_ws/install/py_srvcli/share/py_srvcli/hook/ament_prefix_path.dsv'
[1.373s] INFO:colcon.colcon_core.shell:Creating environment hook '/home/antoronson/GitTrade/GazeboTutorials/ROS2_Tutorials/ros2_ws/install/py_srvcli/share/py_srvcli/hook/ament_prefix_path.sh'
[1.375s] INFO:colcon.colcon_core.shell:Skip shell extension 'powershell' for command environment: Not usable outside of PowerShell
[1.375s] DEBUG:colcon.colcon_core.shell:Skip shell extension 'dsv' for command environment
[1.768s] INFO:colcon.colcon_core.task.python.build:Building Python package in '/home/antoronson/GitTrade/GazeboTutorials/ROS2_Tutorials/ros2_ws/src/helloworld'
[1.768s] INFO:colcon.colcon_core.shell:Skip shell extension 'powershell' for command environment: Not usable outside of PowerShell
[1.768s] DEBUG:colcon.colcon_core.shell:Skip shell extension 'dsv' for command environment
[2.168s] INFO:colcon.colcon_core.task.python.build:Building Python package in '/home/antoronson/GitTrade/GazeboTutorials/ROS2_Tutorials/ros2_ws/src/py_srv_add2num'
[2.169s] INFO:colcon.colcon_core.shell:Skip shell extension 'powershell' for command environment: Not usable outside of PowerShell
[2.169s] DEBUG:colcon.colcon_core.shell:Skip shell extension 'dsv' for command environment
[2.576s] INFO:colcon.colcon_core.task.python.build:Building Python package in '/home/antoronson/GitTrade/GazeboTutorials/ROS2_Tutorials/ros2_ws/src/py_srvcli'
[2.576s] INFO:colcon.colcon_core.shell:Skip shell extension 'powershell' for command environment: Not usable outside of PowerShell
[2.576s] DEBUG:colcon.colcon_core.shell:Skip shell extension 'dsv' for command environment
[3.300s] DEBUG:colcon.colcon_core.event_handler.log_command:Invoking command in '/home/antoronson/GitTrade/GazeboTutorials/ROS2_Tutorials/ros2_ws/src/py_srvcli': CONDA_PROMPT_MODIFIER=(base) PYTHONPATH=/home/antoronson/GitTrade/GazeboTutorials/ROS2_Tutorials/ros2_ws/build/py_srvcli/prefix_override:/home/antoronson/GitTrade/GazeboTutorials/ROS2_Tutorials/ros2_ws/install/py_srvcli/lib/python3.10/site-packages:${PYTHONPATH} /usr/bin/python3 -W ignore:setup.py install is deprecated setup.py egg_info --egg-base ../../build/py_srvcli build --build-base /home/antoronson/GitTrade/GazeboTutorials/ROS2_Tutorials/ros2_ws/build/py_srvcli/build install --record /home/antoronson/GitTrade/GazeboTutorials/ROS2_Tutorials/ros2_ws/build/py_srvcli/install.log --single-version-externally-managed install_data
[3.414s] DEBUG:colcon.colcon_core.event_handler.log_command:Invoking command in '/home/antoronson/GitTrade/GazeboTutorials/ROS2_Tutorials/ros2_ws/src/py_srv_add2num': CONDA_PROMPT_MODIFIER=(base) PYTHONPATH=/home/antoronson/GitTrade/GazeboTutorials/ROS2_Tutorials/ros2_ws/build/py_srv_add2num/prefix_override:/home/antoronson/GitTrade/GazeboTutorials/ROS2_Tutorials/ros2_ws/install/py_srv_add2num/lib/python3.10/site-packages:${PYTHONPATH} /usr/bin/python3 -W ignore:setup.py install is deprecated setup.py egg_info --egg-base ../../build/py_srv_add2num build --build-base /home/antoronson/GitTrade/GazeboTutorials/ROS2_Tutorials/ros2_ws/build/py_srv_add2num/build install --record /home/antoronson/GitTrade/GazeboTutorials/ROS2_Tutorials/ros2_ws/build/py_srv_add2num/install.log --single-version-externally-managed install_data
[3.455s] DEBUG:colcon.colcon_core.event_handler.log_command:Invoking command in '/home/antoronson/GitTrade/GazeboTutorials/ROS2_Tutorials/ros2_ws/src/helloworld': CONDA_PROMPT_MODIFIER=(base) PYTHONPATH=/home/antoronson/GitTrade/GazeboTutorials/ROS2_Tutorials/ros2_ws/build/helloworld/prefix_override:/home/antoronson/GitTrade/GazeboTutorials/ROS2_Tutorials/ros2_ws/install/helloworld/lib/python3.10/site-packages:${PYTHONPATH} /usr/bin/python3 -W ignore:setup.py install is deprecated setup.py egg_info --egg-base ../../build/helloworld build --build-base /home/antoronson/GitTrade/GazeboTutorials/ROS2_Tutorials/ros2_ws/build/helloworld/build install --record /home/antoronson/GitTrade/GazeboTutorials/ROS2_Tutorials/ros2_ws/build/helloworld/install.log --single-version-externally-managed install_data
[3.875s] DEBUG:colcon.colcon_core.event_handler.log_command:Invoked command in '/home/antoronson/GitTrade/GazeboTutorials/ROS2_Tutorials/ros2_ws/src/py_srvcli' returned '0': CONDA_PROMPT_MODIFIER=(base) PYTHONPATH=/home/antoronson/GitTrade/GazeboTutorials/ROS2_Tutorials/ros2_ws/build/py_srvcli/prefix_override:/home/antoronson/GitTrade/GazeboTutorials/ROS2_Tutorials/ros2_ws/install/py_srvcli/lib/python3.10/site-packages:${PYTHONPATH} /usr/bin/python3 -W ignore:setup.py install is deprecated setup.py egg_info --egg-base ../../build/py_srvcli build --build-base /home/antoronson/GitTrade/GazeboTutorials/ROS2_Tutorials/ros2_ws/build/py_srvcli/build install --record /home/antoronson/GitTrade/GazeboTutorials/ROS2_Tutorials/ros2_ws/build/py_srvcli/install.log --single-version-externally-managed install_data
[3.887s] Level 1:colcon.colcon_core.environment:checking '/home/antoronson/GitTrade/GazeboTutorials/ROS2_Tutorials/ros2_ws/install/py_srvcli' for CMake module files
[3.889s] Level 1:colcon.colcon_core.environment:checking '/home/antoronson/GitTrade/GazeboTutorials/ROS2_Tutorials/ros2_ws/install/py_srvcli' for CMake config files
[3.890s] Level 1:colcon.colcon_core.environment:checking '/home/antoronson/GitTrade/GazeboTutorials/ROS2_Tutorials/ros2_ws/install/py_srvcli/lib'
[3.891s] Level 1:colcon.colcon_core.environment:checking '/home/antoronson/GitTrade/GazeboTutorials/ROS2_Tutorials/ros2_ws/install/py_srvcli/bin'
[3.891s] Level 1:colcon.colcon_core.environment:checking '/home/antoronson/GitTrade/GazeboTutorials/ROS2_Tutorials/ros2_ws/install/py_srvcli/lib/pkgconfig/py_srvcli.pc'
[3.891s] Level 1:colcon.colcon_core.environment:checking '/home/antoronson/GitTrade/GazeboTutorials/ROS2_Tutorials/ros2_ws/install/py_srvcli/lib/python3.10/site-packages'
[3.892s] Level 1:colcon.colcon_core.shell:create_environment_hook('py_srvcli', 'pythonpath')
[3.892s] INFO:colcon.colcon_core.shell:Creating environment hook '/home/antoronson/GitTrade/GazeboTutorials/ROS2_Tutorials/ros2_ws/install/py_srvcli/share/py_srvcli/hook/pythonpath.ps1'
[3.893s] INFO:colcon.colcon_core.shell:Creating environment descriptor '/home/antoronson/GitTrade/GazeboTutorials/ROS2_Tutorials/ros2_ws/install/py_srvcli/share/py_srvcli/hook/pythonpath.dsv'
[3.894s] INFO:colcon.colcon_core.shell:Creating environment hook '/home/antoronson/GitTrade/GazeboTutorials/ROS2_Tutorials/ros2_ws/install/py_srvcli/share/py_srvcli/hook/pythonpath.sh'
[3.895s] Level 1:colcon.colcon_core.environment:checking '/home/antoronson/GitTrade/GazeboTutorials/ROS2_Tutorials/ros2_ws/install/py_srvcli/bin'
[3.895s] Level 1:colcon.colcon_core.environment:create_environment_scripts_only(py_srvcli)
[3.896s] INFO:colcon.colcon_core.shell:Creating package script '/home/antoronson/GitTrade/GazeboTutorials/ROS2_Tutorials/ros2_ws/install/py_srvcli/share/py_srvcli/package.ps1'
[3.899s] INFO:colcon.colcon_core.shell:Creating package descriptor '/home/antoronson/GitTrade/GazeboTutorials/ROS2_Tutorials/ros2_ws/install/py_srvcli/share/py_srvcli/package.dsv'
[3.901s] INFO:colcon.colcon_core.shell:Creating package script '/home/antoronson/GitTrade/GazeboTutorials/ROS2_Tutorials/ros2_ws/install/py_srvcli/share/py_srvcli/package.sh'
[3.903s] INFO:colcon.colcon_core.shell:Creating package script '/home/antoronson/GitTrade/GazeboTutorials/ROS2_Tutorials/ros2_ws/install/py_srvcli/share/py_srvcli/package.bash'
[3.905s] INFO:colcon.colcon_core.shell:Creating package script '/home/antoronson/GitTrade/GazeboTutorials/ROS2_Tutorials/ros2_ws/install/py_srvcli/share/py_srvcli/package.zsh'
[3.908s] Level 1:colcon.colcon_core.environment:create_file_with_runtime_dependencies(/home/antoronson/GitTrade/GazeboTutorials/ROS2_Tutorials/ros2_ws/install/py_srvcli/share/colcon-core/packages/py_srvcli)
[4.071s] Level 1:colcon.colcon_core.environment:checking '/home/antoronson/GitTrade/GazeboTutorials/ROS2_Tutorials/ros2_ws/install/helloworld' for CMake module files
[4.072s] DEBUG:colcon.colcon_core.event_handler.log_command:Invoked command in '/home/antoronson/GitTrade/GazeboTutorials/ROS2_Tutorials/ros2_ws/src/helloworld' returned '0': CONDA_PROMPT_MODIFIER=(base) PYTHONPATH=/home/antoronson/GitTrade/GazeboTutorials/ROS2_Tutorials/ros2_ws/build/helloworld/prefix_override:/home/antoronson/GitTrade/GazeboTutorials/ROS2_Tutorials/ros2_ws/install/helloworld/lib/python3.10/site-packages:${PYTHONPATH} /usr/bin/python3 -W ignore:setup.py install is deprecated setup.py egg_info --egg-base ../../build/helloworld build --build-base /home/antoronson/GitTrade/GazeboTutorials/ROS2_Tutorials/ros2_ws/build/helloworld/build install --record /home/antoronson/GitTrade/GazeboTutorials/ROS2_Tutorials/ros2_ws/build/helloworld/install.log --single-version-externally-managed install_data
[4.073s] Level 1:colcon.colcon_core.environment:checking '/home/antoronson/GitTrade/GazeboTutorials/ROS2_Tutorials/ros2_ws/install/helloworld' for CMake config files
[4.075s] Level 1:colcon.colcon_core.environment:checking '/home/antoronson/GitTrade/GazeboTutorials/ROS2_Tutorials/ros2_ws/install/helloworld/lib'
[4.075s] Level 1:colcon.colcon_core.environment:checking '/home/antoronson/GitTrade/GazeboTutorials/ROS2_Tutorials/ros2_ws/install/helloworld/bin'
[4.075s] Level 1:colcon.colcon_core.environment:checking '/home/antoronson/GitTrade/GazeboTutorials/ROS2_Tutorials/ros2_ws/install/helloworld/lib/pkgconfig/helloworld.pc'
[4.076s] Level 1:colcon.colcon_core.environment:checking '/home/antoronson/GitTrade/GazeboTutorials/ROS2_Tutorials/ros2_ws/install/helloworld/lib/python3.10/site-packages'
[4.076s] Level 1:colcon.colcon_core.shell:create_environment_hook('helloworld', 'pythonpath')
[4.076s] INFO:colcon.colcon_core.shell:Creating environment hook '/home/antoronson/GitTrade/GazeboTutorials/ROS2_Tutorials/ros2_ws/install/helloworld/share/helloworld/hook/pythonpath.ps1'
[4.077s] INFO:colcon.colcon_core.shell:Creating environment descriptor '/home/antoronson/GitTrade/GazeboTutorials/ROS2_Tutorials/ros2_ws/install/helloworld/share/helloworld/hook/pythonpath.dsv'
[4.078s] INFO:colcon.colcon_core.shell:Creating environment hook '/home/antoronson/GitTrade/GazeboTutorials/ROS2_Tutorials/ros2_ws/install/helloworld/share/helloworld/hook/pythonpath.sh'
[4.080s] Level 1:colcon.colcon_core.environment:checking '/home/antoronson/GitTrade/GazeboTutorials/ROS2_Tutorials/ros2_ws/install/helloworld/bin'
[4.080s] Level 1:colcon.colcon_core.environment:create_environment_scripts_only(helloworld)
[4.081s] INFO:colcon.colcon_core.shell:Creating package script '/home/antoronson/GitTrade/GazeboTutorials/ROS2_Tutorials/ros2_ws/install/helloworld/share/helloworld/package.ps1'
[4.082s] INFO:colcon.colcon_core.shell:Creating package descriptor '/home/antoronson/GitTrade/GazeboTutorials/ROS2_Tutorials/ros2_ws/install/helloworld/share/helloworld/package.dsv'
[4.084s] INFO:colcon.colcon_core.shell:Creating package script '/home/antoronson/GitTrade/GazeboTutorials/ROS2_Tutorials/ros2_ws/install/helloworld/share/helloworld/package.sh'
[4.085s] INFO:colcon.colcon_core.shell:Creating package script '/home/antoronson/GitTrade/GazeboTutorials/ROS2_Tutorials/ros2_ws/install/helloworld/share/helloworld/package.bash'
[4.086s] INFO:colcon.colcon_core.shell:Creating package script '/home/antoronson/GitTrade/GazeboTutorials/ROS2_Tutorials/ros2_ws/install/helloworld/share/helloworld/package.zsh'
[4.087s] Level 1:colcon.colcon_core.environment:create_file_with_runtime_dependencies(/home/antoronson/GitTrade/GazeboTutorials/ROS2_Tutorials/ros2_ws/install/helloworld/share/colcon-core/packages/helloworld)
[4.089s] Level 1:colcon.colcon_core.environment:checking '/home/antoronson/GitTrade/GazeboTutorials/ROS2_Tutorials/ros2_ws/install/py_srv_add2num' for CMake module files
[4.090s] DEBUG:colcon.colcon_core.event_handler.log_command:Invoked command in '/home/antoronson/GitTrade/GazeboTutorials/ROS2_Tutorials/ros2_ws/src/py_srv_add2num' returned '0': CONDA_PROMPT_MODIFIER=(base) PYTHONPATH=/home/antoronson/GitTrade/GazeboTutorials/ROS2_Tutorials/ros2_ws/build/py_srv_add2num/prefix_override:/home/antoronson/GitTrade/GazeboTutorials/ROS2_Tutorials/ros2_ws/install/py_srv_add2num/lib/python3.10/site-packages:${PYTHONPATH} /usr/bin/python3 -W ignore:setup.py install is deprecated setup.py egg_info --egg-base ../../build/py_srv_add2num build --build-base /home/antoronson/GitTrade/GazeboTutorials/ROS2_Tutorials/ros2_ws/build/py_srv_add2num/build install --record /home/antoronson/GitTrade/GazeboTutorials/ROS2_Tutorials/ros2_ws/build/py_srv_add2num/install.log --single-version-externally-managed install_data
[4.091s] Level 1:colcon.colcon_core.environment:checking '/home/antoronson/GitTrade/GazeboTutorials/ROS2_Tutorials/ros2_ws/install/py_srv_add2num' for CMake config files
[4.091s] Level 1:colcon.colcon_core.environment:checking '/home/antoronson/GitTrade/GazeboTutorials/ROS2_Tutorials/ros2_ws/install/py_srv_add2num/lib'
[4.092s] Level 1:colcon.colcon_core.environment:checking '/home/antoronson/GitTrade/GazeboTutorials/ROS2_Tutorials/ros2_ws/install/py_srv_add2num/bin'
[4.092s] Level 1:colcon.colcon_core.environment:checking '/home/antoronson/GitTrade/GazeboTutorials/ROS2_Tutorials/ros2_ws/install/py_srv_add2num/lib/pkgconfig/py_srv_add2num.pc'
[4.092s] Level 1:colcon.colcon_core.environment:checking '/home/antoronson/GitTrade/GazeboTutorials/ROS2_Tutorials/ros2_ws/install/py_srv_add2num/lib/python3.10/site-packages'
[4.092s] Level 1:colcon.colcon_core.shell:create_environment_hook('py_srv_add2num', 'pythonpath')
[4.093s] INFO:colcon.colcon_core.shell:Creating environment hook '/home/antoronson/GitTrade/GazeboTutorials/ROS2_Tutorials/ros2_ws/install/py_srv_add2num/share/py_srv_add2num/hook/pythonpath.ps1'
[4.093s] INFO:colcon.colcon_core.shell:Creating environment descriptor '/home/antoronson/GitTrade/GazeboTutorials/ROS2_Tutorials/ros2_ws/install/py_srv_add2num/share/py_srv_add2num/hook/pythonpath.dsv'
[4.094s] INFO:colcon.colcon_core.shell:Creating environment hook '/home/antoronson/GitTrade/GazeboTutorials/ROS2_Tutorials/ros2_ws/install/py_srv_add2num/share/py_srv_add2num/hook/pythonpath.sh'
[4.094s] Level 1:colcon.colcon_core.environment:checking '/home/antoronson/GitTrade/GazeboTutorials/ROS2_Tutorials/ros2_ws/install/py_srv_add2num/bin'
[4.094s] Level 1:colcon.colcon_core.environment:create_environment_scripts_only(py_srv_add2num)
[4.095s] INFO:colcon.colcon_core.shell:Creating package script '/home/antoronson/GitTrade/GazeboTutorials/ROS2_Tutorials/ros2_ws/install/py_srv_add2num/share/py_srv_add2num/package.ps1'
[4.096s] INFO:colcon.colcon_core.shell:Creating package descriptor '/home/antoronson/GitTrade/GazeboTutorials/ROS2_Tutorials/ros2_ws/install/py_srv_add2num/share/py_srv_add2num/package.dsv'
[4.096s] INFO:colcon.colcon_core.shell:Creating package script '/home/antoronson/GitTrade/GazeboTutorials/ROS2_Tutorials/ros2_ws/install/py_srv_add2num/share/py_srv_add2num/package.sh'
[4.097s] INFO:colcon.colcon_core.shell:Creating package script '/home/antoronson/GitTrade/GazeboTutorials/ROS2_Tutorials/ros2_ws/install/py_srv_add2num/share/py_srv_add2num/package.bash'
[4.097s] INFO:colcon.colcon_core.shell:Creating package script '/home/antoronson/GitTrade/GazeboTutorials/ROS2_Tutorials/ros2_ws/install/py_srv_add2num/share/py_srv_add2num/package.zsh'
[4.098s] Level 1:colcon.colcon_core.environment:create_file_with_runtime_dependencies(/home/antoronson/GitTrade/GazeboTutorials/ROS2_Tutorials/ros2_ws/install/py_srv_add2num/share/colcon-core/packages/py_srv_add2num)
[4.098s] DEBUG:colcon.colcon_parallel_executor.executor.parallel:closing loop
[4.098s] DEBUG:colcon.colcon_parallel_executor.executor.parallel:loop closed
[4.098s] DEBUG:colcon.colcon_parallel_executor.executor.parallel:run_until_complete finished with '0'
[4.099s] DEBUG:colcon.colcon_core.event_reactor:joining thread
[4.119s] INFO:colcon.colcon_core.plugin_system:Skipping extension 'colcon_notification.desktop_notification.terminal_notifier': Not used on non-Darwin systems
[4.119s] INFO:colcon.colcon_core.plugin_system:Skipping extension 'colcon_notification.desktop_notification.win32': Not used on non-Windows systems
[4.119s] INFO:colcon.colcon_notification.desktop_notification:Sending desktop notification using 'notify2'
[4.138s] DEBUG:colcon.colcon_core.event_reactor:joined thread
[4.139s] INFO:colcon.colcon_core.shell:Creating prefix script '/home/antoronson/GitTrade/GazeboTutorials/ROS2_Tutorials/ros2_ws/install/local_setup.ps1'
[4.142s] INFO:colcon.colcon_core.shell:Creating prefix util module '/home/antoronson/GitTrade/GazeboTutorials/ROS2_Tutorials/ros2_ws/install/_local_setup_util_ps1.py'
[4.147s] INFO:colcon.colcon_core.shell:Creating prefix chain script '/home/antoronson/GitTrade/GazeboTutorials/ROS2_Tutorials/ros2_ws/install/setup.ps1'
[4.150s] INFO:colcon.colcon_core.shell:Creating prefix script '/home/antoronson/GitTrade/GazeboTutorials/ROS2_Tutorials/ros2_ws/install/local_setup.sh'
[4.152s] INFO:colcon.colcon_core.shell:Creating prefix util module '/home/antoronson/GitTrade/GazeboTutorials/ROS2_Tutorials/ros2_ws/install/_local_setup_util_sh.py'
[4.153s] INFO:colcon.colcon_core.shell:Creating prefix chain script '/home/antoronson/GitTrade/GazeboTutorials/ROS2_Tutorials/ros2_ws/install/setup.sh'
[4.159s] INFO:colcon.colcon_core.shell:Creating prefix script '/home/antoronson/GitTrade/GazeboTutorials/ROS2_Tutorials/ros2_ws/install/local_setup.bash'
[4.163s] INFO:colcon.colcon_core.shell:Creating prefix chain script '/home/antoronson/GitTrade/GazeboTutorials/ROS2_Tutorials/ros2_ws/install/setup.bash'
[4.169s] INFO:colcon.colcon_core.shell:Creating prefix script '/home/antoronson/GitTrade/GazeboTutorials/ROS2_Tutorials/ros2_ws/install/local_setup.zsh'
[4.174s] INFO:colcon.colcon_core.shell:Creating prefix chain script '/home/antoronson/GitTrade/GazeboTutorials/ROS2_Tutorials/ros2_ws/install/setup.zsh'
