[0.468s] Invoking command in '/home/antoronson/GitTrade/GazeboTutorials/ROS2_Tutorials/ros2_ws/build/examples_rclpy_minimal_service': PYTHONPATH=/home/antoronson/GitTrade/GazeboTutorials/ROS2_Tutorials/ros2_ws/build/examples_rclpy_minimal_service/prefix_override:/home/antoronson/GitTrade/GazeboTutorials/ROS2_Tutorials/ros2_ws/install/examples_rclpy_minimal_service/lib/python3.10/site-packages:${PYTHONPATH} /usr/bin/python3 -W ignore:setup.py install is deprecated setup.py develop --editable --build-directory /home/antoronson/GitTrade/GazeboTutorials/ROS2_Tutorials/ros2_ws/build/examples_rclpy_minimal_service/build --no-deps symlink_data
[0.650s] running develop
[0.650s] /usr/lib/python3/dist-packages/setuptools/command/easy_install.py:158: EasyInstallDeprecationWarning: easy_install command is deprecated. Use build and pip and other standards-based tools.
[0.650s]   warnings.warn(
[0.755s] running egg_info
[0.756s] creating examples_rclpy_minimal_service.egg-info
[0.756s] writing examples_rclpy_minimal_service.egg-info/PKG-INFO
[0.756s] writing dependency_links to examples_rclpy_minimal_service.egg-info/dependency_links.txt
[0.756s] writing entry points to examples_rclpy_minimal_service.egg-info/entry_points.txt
[0.757s] writing requirements to examples_rclpy_minimal_service.egg-info/requires.txt
[0.757s] writing top-level names to examples_rclpy_minimal_service.egg-info/top_level.txt
[0.757s] writing manifest file 'examples_rclpy_minimal_service.egg-info/SOURCES.txt'
[0.758s] reading manifest file 'examples_rclpy_minimal_service.egg-info/SOURCES.txt'
[0.759s] writing manifest file 'examples_rclpy_minimal_service.egg-info/SOURCES.txt'
[0.760s] running build_ext
[0.760s] Creating /home/antoronson/GitTrade/GazeboTutorials/ROS2_Tutorials/ros2_ws/install/examples_rclpy_minimal_service/lib/python3.10/site-packages/examples-rclpy-minimal-service.egg-link (link to .)
[0.761s] Installing service script to /home/antoronson/GitTrade/GazeboTutorials/ROS2_Tutorials/ros2_ws/install/examples_rclpy_minimal_service/lib/examples_rclpy_minimal_service
[0.761s] Installing service_member_function script to /home/antoronson/GitTrade/GazeboTutorials/ROS2_Tutorials/ros2_ws/install/examples_rclpy_minimal_service/lib/examples_rclpy_minimal_service
[0.761s] 
[0.761s] Installed /home/antoronson/GitTrade/GazeboTutorials/ROS2_Tutorials/ros2_ws/build/examples_rclpy_minimal_service
[0.761s] running symlink_data
[0.762s] creating /home/antoronson/GitTrade/GazeboTutorials/ROS2_Tutorials/ros2_ws/install/examples_rclpy_minimal_service/share/ament_index
[0.762s] creating /home/antoronson/GitTrade/GazeboTutorials/ROS2_Tutorials/ros2_ws/install/examples_rclpy_minimal_service/share/ament_index/resource_index
[0.762s] creating /home/antoronson/GitTrade/GazeboTutorials/ROS2_Tutorials/ros2_ws/install/examples_rclpy_minimal_service/share/ament_index/resource_index/packages
[0.762s] symbolically linking /home/antoronson/GitTrade/GazeboTutorials/ROS2_Tutorials/ros2_ws/build/examples_rclpy_minimal_service/resource/examples_rclpy_minimal_service -> /home/antoronson/GitTrade/GazeboTutorials/ROS2_Tutorials/ros2_ws/install/examples_rclpy_minimal_service/share/ament_index/resource_index/packages
[0.762s] symbolically linking /home/antoronson/GitTrade/GazeboTutorials/ROS2_Tutorials/ros2_ws/build/examples_rclpy_minimal_service/package.xml -> /home/antoronson/GitTrade/GazeboTutorials/ROS2_Tutorials/ros2_ws/install/examples_rclpy_minimal_service/share/examples_rclpy_minimal_service
[0.784s] Invoked command in '/home/antoronson/GitTrade/GazeboTutorials/ROS2_Tutorials/ros2_ws/build/examples_rclpy_minimal_service' returned '0': PYTHONPATH=/home/antoronson/GitTrade/GazeboTutorials/ROS2_Tutorials/ros2_ws/build/examples_rclpy_minimal_service/prefix_override:/home/antoronson/GitTrade/GazeboTutorials/ROS2_Tutorials/ros2_ws/install/examples_rclpy_minimal_service/lib/python3.10/site-packages:${PYTHONPATH} /usr/bin/python3 -W ignore:setup.py install is deprecated setup.py develop --editable --build-directory /home/antoronson/GitTrade/GazeboTutorials/ROS2_Tutorials/ros2_ws/build/examples_rclpy_minimal_service/build --no-deps symlink_data
