[0.352s] DEBUG:colcon:Command line arguments: ['/usr/bin/colcon', 'build', '--packages-select', 'tutorial_interfaces']
[0.352s] DEBUG:colcon:Parsed command line arguments: Namespace(log_base=None, log_level=None, verb_name='build', build_base='build', install_base='install', merge_install=False, symlink_install=False, test_result_base=None, continue_on_error=False, executor='parallel', parallel_workers=4, event_handlers=None, ignore_user_meta=False, metas=['./colcon.meta'], base_paths=['.'], packages_ignore=None, packages_ignore_regex=None, paths=None, packages_up_to=None, packages_up_to_regex=None, packages_above=None, packages_above_and_dependencies=None, packages_above_depth=None, packages_select_by_dep=None, packages_skip_by_dep=None, packages_skip_up_to=None, packages_select_build_failed=False, packages_skip_build_finished=False, packages_select_test_failures=False, packages_skip_test_passed=False, packages_select=['tutorial_interfaces'], packages_skip=None, packages_select_regex=None, packages_skip_regex=None, packages_start=None, packages_end=None, allow_overriding=[], cmake_args=None, cmake_target=None, cmake_target_skip_unavailable=False, cmake_clean_cache=False, cmake_clean_first=False, cmake_force_configure=False, ament_cmake_args=None, catkin_cmake_args=None, catkin_skip_building_tests=False, mixin_files=None, mixin=None, verb_parser=<colcon_mixin.mixin.mixin_argument.MixinArgumentDecorator object at 0x71f98a525bd0>, verb_extension=<colcon_core.verb.build.BuildVerb object at 0x71f98a525690>, main=<bound method BuildVerb.main of <colcon_core.verb.build.BuildVerb object at 0x71f98a525690>>, mixin_verb=('build',))
[0.863s] Level 1:colcon.colcon_core.package_discovery:discover_packages(colcon_meta) check parameters
[0.863s] Level 1:colcon.colcon_core.package_discovery:discover_packages(recursive) check parameters
[0.863s] Level 1:colcon.colcon_core.package_discovery:discover_packages(ignore) check parameters
[0.863s] Level 1:colcon.colcon_core.package_discovery:discover_packages(path) check parameters
[0.863s] Level 1:colcon.colcon_core.package_discovery:discover_packages(colcon_meta) discover
[0.863s] Level 1:colcon.colcon_core.package_discovery:discover_packages(recursive) discover
[0.863s] INFO:colcon.colcon_core.package_discovery:Crawling recursively for packages in '/home/antoronson/GitTrade/GazeboTutorials/ROS2_Tutorials/ros2_ws'
[0.863s] Level 1:colcon.colcon_core.package_identification:_identify(.) by extensions ['ignore', 'ignore_ament_install']
[0.864s] Level 1:colcon.colcon_core.package_identification:_identify(.) by extension 'ignore'
[0.864s] Level 1:colcon.colcon_core.package_identification:_identify(.) by extension 'ignore_ament_install'
[0.864s] Level 1:colcon.colcon_core.package_identification:_identify(.) by extensions ['colcon_pkg']
[0.864s] Level 1:colcon.colcon_core.package_identification:_identify(.) by extension 'colcon_pkg'
[0.864s] Level 1:colcon.colcon_core.package_identification:_identify(.) by extensions ['colcon_meta']
[0.864s] Level 1:colcon.colcon_core.package_identification:_identify(.) by extension 'colcon_meta'
[0.864s] Level 1:colcon.colcon_core.package_identification:_identify(.) by extensions ['ros']
[0.864s] Level 1:colcon.colcon_core.package_identification:_identify(.) by extension 'ros'
[0.880s] Level 1:colcon.colcon_core.package_identification:_identify(.) by extensions ['cmake', 'python']
[0.880s] Level 1:colcon.colcon_core.package_identification:_identify(.) by extension 'cmake'
[0.880s] Level 1:colcon.colcon_core.package_identification:_identify(.) by extension 'python'
[0.880s] Level 1:colcon.colcon_core.package_identification:_identify(.) by extensions ['python_setup_py']
[0.880s] Level 1:colcon.colcon_core.package_identification:_identify(.) by extension 'python_setup_py'
[0.881s] Level 1:colcon.colcon_core.package_identification:_identify(build) by extensions ['ignore', 'ignore_ament_install']
[0.881s] Level 1:colcon.colcon_core.package_identification:_identify(build) by extension 'ignore'
[0.881s] Level 1:colcon.colcon_core.package_identification:_identify(build) ignored
[0.881s] Level 1:colcon.colcon_core.package_identification:_identify(install) by extensions ['ignore', 'ignore_ament_install']
[0.881s] Level 1:colcon.colcon_core.package_identification:_identify(install) by extension 'ignore'
[0.881s] Level 1:colcon.colcon_core.package_identification:_identify(install) ignored
[0.881s] Level 1:colcon.colcon_core.package_identification:_identify(log) by extensions ['ignore', 'ignore_ament_install']
[0.881s] Level 1:colcon.colcon_core.package_identification:_identify(log) by extension 'ignore'
[0.882s] Level 1:colcon.colcon_core.package_identification:_identify(log) ignored
[0.882s] Level 1:colcon.colcon_core.package_identification:_identify(src) by extensions ['ignore', 'ignore_ament_install']
[0.882s] Level 1:colcon.colcon_core.package_identification:_identify(src) by extension 'ignore'
[0.882s] Level 1:colcon.colcon_core.package_identification:_identify(src) by extension 'ignore_ament_install'
[0.882s] Level 1:colcon.colcon_core.package_identification:_identify(src) by extensions ['colcon_pkg']
[0.882s] Level 1:colcon.colcon_core.package_identification:_identify(src) by extension 'colcon_pkg'
[0.882s] Level 1:colcon.colcon_core.package_identification:_identify(src) by extensions ['colcon_meta']
[0.882s] Level 1:colcon.colcon_core.package_identification:_identify(src) by extension 'colcon_meta'
[0.882s] Level 1:colcon.colcon_core.package_identification:_identify(src) by extensions ['ros']
[0.882s] Level 1:colcon.colcon_core.package_identification:_identify(src) by extension 'ros'
[0.882s] Level 1:colcon.colcon_core.package_identification:_identify(src) by extensions ['cmake', 'python']
[0.882s] Level 1:colcon.colcon_core.package_identification:_identify(src) by extension 'cmake'
[0.882s] Level 1:colcon.colcon_core.package_identification:_identify(src) by extension 'python'
[0.883s] Level 1:colcon.colcon_core.package_identification:_identify(src) by extensions ['python_setup_py']
[0.883s] Level 1:colcon.colcon_core.package_identification:_identify(src) by extension 'python_setup_py'
[0.884s] Level 1:colcon.colcon_core.package_identification:_identify(src/helloworld) by extensions ['ignore', 'ignore_ament_install']
[0.884s] Level 1:colcon.colcon_core.package_identification:_identify(src/helloworld) by extension 'ignore'
[0.884s] Level 1:colcon.colcon_core.package_identification:_identify(src/helloworld) by extension 'ignore_ament_install'
[0.884s] Level 1:colcon.colcon_core.package_identification:_identify(src/helloworld) by extensions ['colcon_pkg']
[0.884s] Level 1:colcon.colcon_core.package_identification:_identify(src/helloworld) by extension 'colcon_pkg'
[0.884s] Level 1:colcon.colcon_core.package_identification:_identify(src/helloworld) by extensions ['colcon_meta']
[0.884s] Level 1:colcon.colcon_core.package_identification:_identify(src/helloworld) by extension 'colcon_meta'
[0.884s] Level 1:colcon.colcon_core.package_identification:_identify(src/helloworld) by extensions ['ros']
[0.884s] Level 1:colcon.colcon_core.package_identification:_identify(src/helloworld) by extension 'ros'
[0.890s] DEBUG:colcon.colcon_core.package_identification:Package 'src/helloworld' with type 'ros.ament_python' and name 'helloworld'
[0.891s] Level 1:colcon.colcon_core.package_identification:_identify(src/py_srv_add2num) by extensions ['ignore', 'ignore_ament_install']
[0.891s] Level 1:colcon.colcon_core.package_identification:_identify(src/py_srv_add2num) by extension 'ignore'
[0.891s] Level 1:colcon.colcon_core.package_identification:_identify(src/py_srv_add2num) by extension 'ignore_ament_install'
[0.891s] Level 1:colcon.colcon_core.package_identification:_identify(src/py_srv_add2num) by extensions ['colcon_pkg']
[0.891s] Level 1:colcon.colcon_core.package_identification:_identify(src/py_srv_add2num) by extension 'colcon_pkg'
[0.891s] Level 1:colcon.colcon_core.package_identification:_identify(src/py_srv_add2num) by extensions ['colcon_meta']
[0.891s] Level 1:colcon.colcon_core.package_identification:_identify(src/py_srv_add2num) by extension 'colcon_meta'
[0.891s] Level 1:colcon.colcon_core.package_identification:_identify(src/py_srv_add2num) by extensions ['ros']
[0.891s] Level 1:colcon.colcon_core.package_identification:_identify(src/py_srv_add2num) by extension 'ros'
[0.893s] DEBUG:colcon.colcon_core.package_identification:Package 'src/py_srv_add2num' with type 'ros.ament_python' and name 'py_srv_add2num'
[0.893s] Level 1:colcon.colcon_core.package_identification:_identify(src/py_srvcli) by extensions ['ignore', 'ignore_ament_install']
[0.893s] Level 1:colcon.colcon_core.package_identification:_identify(src/py_srvcli) by extension 'ignore'
[0.893s] Level 1:colcon.colcon_core.package_identification:_identify(src/py_srvcli) by extension 'ignore_ament_install'
[0.893s] Level 1:colcon.colcon_core.package_identification:_identify(src/py_srvcli) by extensions ['colcon_pkg']
[0.893s] Level 1:colcon.colcon_core.package_identification:_identify(src/py_srvcli) by extension 'colcon_pkg'
[0.893s] Level 1:colcon.colcon_core.package_identification:_identify(src/py_srvcli) by extensions ['colcon_meta']
[0.893s] Level 1:colcon.colcon_core.package_identification:_identify(src/py_srvcli) by extension 'colcon_meta'
[0.894s] Level 1:colcon.colcon_core.package_identification:_identify(src/py_srvcli) by extensions ['ros']
[0.894s] Level 1:colcon.colcon_core.package_identification:_identify(src/py_srvcli) by extension 'ros'
[0.895s] DEBUG:colcon.colcon_core.package_identification:Package 'src/py_srvcli' with type 'ros.ament_python' and name 'py_srvcli'
[0.895s] Level 1:colcon.colcon_core.package_identification:_identify(src/tutorial_interfaces) by extensions ['ignore', 'ignore_ament_install']
[0.895s] Level 1:colcon.colcon_core.package_identification:_identify(src/tutorial_interfaces) by extension 'ignore'
[0.896s] Level 1:colcon.colcon_core.package_identification:_identify(src/tutorial_interfaces) by extension 'ignore_ament_install'
[0.896s] Level 1:colcon.colcon_core.package_identification:_identify(src/tutorial_interfaces) by extensions ['colcon_pkg']
[0.896s] Level 1:colcon.colcon_core.package_identification:_identify(src/tutorial_interfaces) by extension 'colcon_pkg'
[0.896s] Level 1:colcon.colcon_core.package_identification:_identify(src/tutorial_interfaces) by extensions ['colcon_meta']
[0.896s] Level 1:colcon.colcon_core.package_identification:_identify(src/tutorial_interfaces) by extension 'colcon_meta'
[0.896s] Level 1:colcon.colcon_core.package_identification:_identify(src/tutorial_interfaces) by extensions ['ros']
[0.896s] Level 1:colcon.colcon_core.package_identification:_identify(src/tutorial_interfaces) by extension 'ros'
[0.897s] DEBUG:colcon.colcon_core.package_identification:Package 'src/tutorial_interfaces' with type 'ros.ament_cmake' and name 'tutorial_interfaces'
[0.897s] Level 1:colcon.colcon_core.package_discovery:discover_packages(recursive) using defaults
[0.897s] Level 1:colcon.colcon_core.package_discovery:discover_packages(ignore) discover
[0.897s] Level 1:colcon.colcon_core.package_discovery:discover_packages(ignore) using defaults
[0.897s] Level 1:colcon.colcon_core.package_discovery:discover_packages(path) discover
[0.897s] Level 1:colcon.colcon_core.package_discovery:discover_packages(path) using defaults
[0.951s] INFO:colcon.colcon_core.package_selection:Skipping not selected package 'helloworld' in 'src/helloworld'
[0.951s] INFO:colcon.colcon_core.package_selection:Skipping not selected package 'py_srv_add2num' in 'src/py_srv_add2num'
[0.951s] INFO:colcon.colcon_core.package_selection:Skipping not selected package 'py_srvcli' in 'src/py_srvcli'
[0.952s] Level 1:colcon.colcon_core.package_discovery:discover_packages(prefix_path) check parameters
[0.952s] Level 1:colcon.colcon_core.package_discovery:discover_packages(prefix_path) discover
[0.959s] DEBUG:colcon.colcon_installed_package_information.package_discovery:Found 270 installed packages in /opt/ros/humble
[0.962s] Level 1:colcon.colcon_core.package_discovery:discover_packages(prefix_path) using defaults
[1.040s] Level 5:colcon.colcon_core.verb:set package 'tutorial_interfaces' build argument 'cmake_args' from command line to 'None'
[1.040s] Level 5:colcon.colcon_core.verb:set package 'tutorial_interfaces' build argument 'cmake_target' from command line to 'None'
[1.040s] Level 5:colcon.colcon_core.verb:set package 'tutorial_interfaces' build argument 'cmake_target_skip_unavailable' from command line to 'False'
[1.040s] Level 5:colcon.colcon_core.verb:set package 'tutorial_interfaces' build argument 'cmake_clean_cache' from command line to 'False'
[1.040s] Level 5:colcon.colcon_core.verb:set package 'tutorial_interfaces' build argument 'cmake_clean_first' from command line to 'False'
[1.040s] Level 5:colcon.colcon_core.verb:set package 'tutorial_interfaces' build argument 'cmake_force_configure' from command line to 'False'
[1.040s] Level 5:colcon.colcon_core.verb:set package 'tutorial_interfaces' build argument 'ament_cmake_args' from command line to 'None'
[1.040s] Level 5:colcon.colcon_core.verb:set package 'tutorial_interfaces' build argument 'catkin_cmake_args' from command line to 'None'
[1.040s] Level 5:colcon.colcon_core.verb:set package 'tutorial_interfaces' build argument 'catkin_skip_building_tests' from command line to 'False'
[1.040s] DEBUG:colcon.colcon_core.verb:Building package 'tutorial_interfaces' with the following arguments: {'ament_cmake_args': None, 'build_base': '/home/antoronson/GitTrade/GazeboTutorials/ROS2_Tutorials/ros2_ws/build/tutorial_interfaces', 'catkin_cmake_args': None, 'catkin_skip_building_tests': False, 'cmake_args': None, 'cmake_clean_cache': False, 'cmake_clean_first': False, 'cmake_force_configure': False, 'cmake_target': None, 'cmake_target_skip_unavailable': False, 'install_base': '/home/antoronson/GitTrade/GazeboTutorials/ROS2_Tutorials/ros2_ws/install/tutorial_interfaces', 'merge_install': False, 'path': '/home/antoronson/GitTrade/GazeboTutorials/ROS2_Tutorials/ros2_ws/src/tutorial_interfaces', 'symlink_install': False, 'test_result_base': None}
[1.040s] INFO:colcon.colcon_core.executor:Executing jobs using 'parallel' executor
[1.042s] DEBUG:colcon.colcon_parallel_executor.executor.parallel:run_until_complete
[1.042s] INFO:colcon.colcon_ros.task.ament_cmake.build:Building ROS package in '/home/antoronson/GitTrade/GazeboTutorials/ROS2_Tutorials/ros2_ws/src/tutorial_interfaces' with build type 'ament_cmake'
[1.042s] INFO:colcon.colcon_cmake.task.cmake.build:Building CMake package in '/home/antoronson/GitTrade/GazeboTutorials/ROS2_Tutorials/ros2_ws/src/tutorial_interfaces'
[1.053s] INFO:colcon.colcon_core.plugin_system:Skipping extension 'colcon_core.shell.bat': Not used on non-Windows systems
[1.053s] INFO:colcon.colcon_core.shell:Skip shell extension 'powershell' for command environment: Not usable outside of PowerShell
[1.053s] DEBUG:colcon.colcon_core.shell:Skip shell extension 'dsv' for command environment
[1.065s] DEBUG:colcon.colcon_core.event_handler.log_command:Invoking command in '/home/antoronson/GitTrade/GazeboTutorials/ROS2_Tutorials/ros2_ws/build/tutorial_interfaces': CMAKE_PREFIX_PATH=/opt/ros/humble /usr/bin/cmake /home/antoronson/GitTrade/GazeboTutorials/ROS2_Tutorials/ros2_ws/src/tutorial_interfaces -DCMAKE_INSTALL_PREFIX=/home/antoronson/GitTrade/GazeboTutorials/ROS2_Tutorials/ros2_ws/install/tutorial_interfaces
[2.347s] DEBUG:colcon.colcon_core.event_handler.log_command:Invoked command in '/home/antoronson/GitTrade/GazeboTutorials/ROS2_Tutorials/ros2_ws/build/tutorial_interfaces' returned '1': CMAKE_PREFIX_PATH=/opt/ros/humble /usr/bin/cmake /home/antoronson/GitTrade/GazeboTutorials/ROS2_Tutorials/ros2_ws/src/tutorial_interfaces -DCMAKE_INSTALL_PREFIX=/home/antoronson/GitTrade/GazeboTutorials/ROS2_Tutorials/ros2_ws/install/tutorial_interfaces
[2.364s] Level 1:colcon.colcon_core.environment:create_environment_scripts_only(tutorial_interfaces)
[2.380s] Level 1:colcon.colcon_core.environment:checking '/home/antoronson/GitTrade/GazeboTutorials/ROS2_Tutorials/ros2_ws/install/tutorial_interfaces' for CMake module files
[2.381s] Level 1:colcon.colcon_core.environment:checking '/home/antoronson/GitTrade/GazeboTutorials/ROS2_Tutorials/ros2_ws/install/tutorial_interfaces' for CMake config files
[2.381s] Level 1:colcon.colcon_core.environment:checking '/home/antoronson/GitTrade/GazeboTutorials/ROS2_Tutorials/ros2_ws/install/tutorial_interfaces/bin'
[2.382s] Level 1:colcon.colcon_core.environment:checking '/home/antoronson/GitTrade/GazeboTutorials/ROS2_Tutorials/ros2_ws/install/tutorial_interfaces/lib/pkgconfig/tutorial_interfaces.pc'
[2.383s] Level 1:colcon.colcon_core.environment:checking '/home/antoronson/GitTrade/GazeboTutorials/ROS2_Tutorials/ros2_ws/install/tutorial_interfaces/lib/python3.10/site-packages'
[2.384s] Level 1:colcon.colcon_core.environment:checking '/home/antoronson/GitTrade/GazeboTutorials/ROS2_Tutorials/ros2_ws/install/tutorial_interfaces/bin'
[2.385s] INFO:colcon.colcon_core.shell:Creating package script '/home/antoronson/GitTrade/GazeboTutorials/ROS2_Tutorials/ros2_ws/install/tutorial_interfaces/share/tutorial_interfaces/package.ps1'
[2.388s] INFO:colcon.colcon_core.shell:Creating package descriptor '/home/antoronson/GitTrade/GazeboTutorials/ROS2_Tutorials/ros2_ws/install/tutorial_interfaces/share/tutorial_interfaces/package.dsv'
[2.389s] INFO:colcon.colcon_core.shell:Creating package script '/home/antoronson/GitTrade/GazeboTutorials/ROS2_Tutorials/ros2_ws/install/tutorial_interfaces/share/tutorial_interfaces/package.sh'
[2.391s] INFO:colcon.colcon_core.shell:Creating package script '/home/antoronson/GitTrade/GazeboTutorials/ROS2_Tutorials/ros2_ws/install/tutorial_interfaces/share/tutorial_interfaces/package.bash'
[2.393s] INFO:colcon.colcon_core.shell:Creating package script '/home/antoronson/GitTrade/GazeboTutorials/ROS2_Tutorials/ros2_ws/install/tutorial_interfaces/share/tutorial_interfaces/package.zsh'
[2.395s] Level 1:colcon.colcon_core.environment:create_file_with_runtime_dependencies(/home/antoronson/GitTrade/GazeboTutorials/ROS2_Tutorials/ros2_ws/install/tutorial_interfaces/share/colcon-core/packages/tutorial_interfaces)
[2.396s] DEBUG:colcon.colcon_parallel_executor.executor.parallel:closing loop
[2.397s] DEBUG:colcon.colcon_parallel_executor.executor.parallel:loop closed
[2.397s] DEBUG:colcon.colcon_parallel_executor.executor.parallel:run_until_complete finished with '1'
[2.397s] DEBUG:colcon.colcon_core.event_reactor:joining thread
[2.409s] INFO:colcon.colcon_core.plugin_system:Skipping extension 'colcon_notification.desktop_notification.terminal_notifier': Not used on non-Darwin systems
[2.410s] INFO:colcon.colcon_core.plugin_system:Skipping extension 'colcon_notification.desktop_notification.win32': Not used on non-Windows systems
[2.410s] INFO:colcon.colcon_notification.desktop_notification:Sending desktop notification using 'notify2'
[2.423s] DEBUG:colcon.colcon_core.event_reactor:joined thread
[2.424s] INFO:colcon.colcon_core.shell:Creating prefix script '/home/antoronson/GitTrade/GazeboTutorials/ROS2_Tutorials/ros2_ws/install/local_setup.ps1'
[2.426s] INFO:colcon.colcon_core.shell:Creating prefix util module '/home/antoronson/GitTrade/GazeboTutorials/ROS2_Tutorials/ros2_ws/install/_local_setup_util_ps1.py'
[2.428s] INFO:colcon.colcon_core.shell:Creating prefix chain script '/home/antoronson/GitTrade/GazeboTutorials/ROS2_Tutorials/ros2_ws/install/setup.ps1'
[2.430s] INFO:colcon.colcon_core.shell:Creating prefix script '/home/antoronson/GitTrade/GazeboTutorials/ROS2_Tutorials/ros2_ws/install/local_setup.sh'
[2.434s] INFO:colcon.colcon_core.shell:Creating prefix util module '/home/antoronson/GitTrade/GazeboTutorials/ROS2_Tutorials/ros2_ws/install/_local_setup_util_sh.py'
[2.434s] INFO:colcon.colcon_core.shell:Creating prefix chain script '/home/antoronson/GitTrade/GazeboTutorials/ROS2_Tutorials/ros2_ws/install/setup.sh'
[2.436s] INFO:colcon.colcon_core.shell:Creating prefix script '/home/antoronson/GitTrade/GazeboTutorials/ROS2_Tutorials/ros2_ws/install/local_setup.bash'
[2.438s] INFO:colcon.colcon_core.shell:Creating prefix chain script '/home/antoronson/GitTrade/GazeboTutorials/ROS2_Tutorials/ros2_ws/install/setup.bash'
[2.439s] INFO:colcon.colcon_core.shell:Creating prefix script '/home/antoronson/GitTrade/GazeboTutorials/ROS2_Tutorials/ros2_ws/install/local_setup.zsh'
[2.441s] INFO:colcon.colcon_core.shell:Creating prefix chain script '/home/antoronson/GitTrade/GazeboTutorials/ROS2_Tutorials/ros2_ws/install/setup.zsh'
