[0.428s] Invoking command in '/home/antoronson/GitTrade/GazeboTutorials/ROS2_Tutorials/ros2_ws/build/examples_rclpy_minimal_action_client': PYTHONPATH=/home/antoronson/GitTrade/GazeboTutorials/ROS2_Tutorials/ros2_ws/build/examples_rclpy_minimal_action_client/prefix_override:/home/antoronson/GitTrade/GazeboTutorials/ROS2_Tutorials/ros2_ws/install/examples_rclpy_minimal_action_client/lib/python3.10/site-packages:${PYTHONPATH} /usr/bin/python3 -W ignore:setup.py install is deprecated setup.py develop --editable --build-directory /home/antoronson/GitTrade/GazeboTutorials/ROS2_Tutorials/ros2_ws/build/examples_rclpy_minimal_action_client/build --no-deps symlink_data
[0.607s] running develop
[0.607s] /usr/lib/python3/dist-packages/setuptools/command/easy_install.py:158: EasyInstallDeprecationWarning: easy_install command is deprecated. Use build and pip and other standards-based tools.
[0.608s]   warnings.warn(
[0.712s] running egg_info
[0.712s] creating examples_rclpy_minimal_action_client.egg-info
[0.713s] writing examples_rclpy_minimal_action_client.egg-info/PKG-INFO
[0.713s] writing dependency_links to examples_rclpy_minimal_action_client.egg-info/dependency_links.txt
[0.713s] writing entry points to examples_rclpy_minimal_action_client.egg-info/entry_points.txt
[0.713s] writing requirements to examples_rclpy_minimal_action_client.egg-info/requires.txt
[0.713s] writing top-level names to examples_rclpy_minimal_action_client.egg-info/top_level.txt
[0.714s] writing manifest file 'examples_rclpy_minimal_action_client.egg-info/SOURCES.txt'
[0.715s] reading manifest file 'examples_rclpy_minimal_action_client.egg-info/SOURCES.txt'
[0.715s] writing manifest file 'examples_rclpy_minimal_action_client.egg-info/SOURCES.txt'
[0.717s] running build_ext
[0.717s] Creating /home/antoronson/GitTrade/GazeboTutorials/ROS2_Tutorials/ros2_ws/install/examples_rclpy_minimal_action_client/lib/python3.10/site-packages/examples-rclpy-minimal-action-client.egg-link (link to .)
[0.717s] Installing client script to /home/antoronson/GitTrade/GazeboTutorials/ROS2_Tutorials/ros2_ws/install/examples_rclpy_minimal_action_client/lib/examples_rclpy_minimal_action_client
[0.718s] Installing client_asyncio script to /home/antoronson/GitTrade/GazeboTutorials/ROS2_Tutorials/ros2_ws/install/examples_rclpy_minimal_action_client/lib/examples_rclpy_minimal_action_client
[0.718s] Installing client_cancel script to /home/antoronson/GitTrade/GazeboTutorials/ROS2_Tutorials/ros2_ws/install/examples_rclpy_minimal_action_client/lib/examples_rclpy_minimal_action_client
[0.718s] Installing client_not_composable script to /home/antoronson/GitTrade/GazeboTutorials/ROS2_Tutorials/ros2_ws/install/examples_rclpy_minimal_action_client/lib/examples_rclpy_minimal_action_client
[0.718s] 
[0.718s] Installed /home/antoronson/GitTrade/GazeboTutorials/ROS2_Tutorials/ros2_ws/build/examples_rclpy_minimal_action_client
[0.718s] running symlink_data
[0.718s] creating /home/antoronson/GitTrade/GazeboTutorials/ROS2_Tutorials/ros2_ws/install/examples_rclpy_minimal_action_client/share/ament_index
[0.719s] creating /home/antoronson/GitTrade/GazeboTutorials/ROS2_Tutorials/ros2_ws/install/examples_rclpy_minimal_action_client/share/ament_index/resource_index
[0.719s] creating /home/antoronson/GitTrade/GazeboTutorials/ROS2_Tutorials/ros2_ws/install/examples_rclpy_minimal_action_client/share/ament_index/resource_index/packages
[0.719s] symbolically linking /home/antoronson/GitTrade/GazeboTutorials/ROS2_Tutorials/ros2_ws/build/examples_rclpy_minimal_action_client/resource/examples_rclpy_minimal_action_client -> /home/antoronson/GitTrade/GazeboTutorials/ROS2_Tutorials/ros2_ws/install/examples_rclpy_minimal_action_client/share/ament_index/resource_index/packages
[0.719s] symbolically linking /home/antoronson/GitTrade/GazeboTutorials/ROS2_Tutorials/ros2_ws/build/examples_rclpy_minimal_action_client/package.xml -> /home/antoronson/GitTrade/GazeboTutorials/ROS2_Tutorials/ros2_ws/install/examples_rclpy_minimal_action_client/share/examples_rclpy_minimal_action_client
[0.737s] Invoked command in '/home/antoronson/GitTrade/GazeboTutorials/ROS2_Tutorials/ros2_ws/build/examples_rclpy_minimal_action_client' returned '0': PYTHONPATH=/home/antoronson/GitTrade/GazeboTutorials/ROS2_Tutorials/ros2_ws/build/examples_rclpy_minimal_action_client/prefix_override:/home/antoronson/GitTrade/GazeboTutorials/ROS2_Tutorials/ros2_ws/install/examples_rclpy_minimal_action_client/lib/python3.10/site-packages:${PYTHONPATH} /usr/bin/python3 -W ignore:setup.py install is deprecated setup.py develop --editable --build-directory /home/antoronson/GitTrade/GazeboTutorials/ROS2_Tutorials/ros2_ws/build/examples_rclpy_minimal_action_client/build --no-deps symlink_data
