[6.177s] Invoking command in '/home/antoronson/GitTrade/GazeboTutorials/ROS2_Tutorials/ros2_ws/src/py_srvcli': CONDA_PROMPT_MODIFIER=(base) PYTHONPATH=/home/antoronson/GitTrade/GazeboTutorials/ROS2_Tutorials/ros2_ws/build/py_srvcli/prefix_override:/home/antoronson/GitTrade/GazeboTutorials/ROS2_Tutorials/ros2_ws/install/py_srvcli/lib/python3.10/site-packages:${PYTHONPATH} /usr/bin/python3 -W ignore:setup.py install is deprecated setup.py egg_info --egg-base ../../build/py_srvcli build --build-base /home/antoronson/GitTrade/GazeboTutorials/ROS2_Tutorials/ros2_ws/build/py_srvcli/build install --record /home/antoronson/GitTrade/GazeboTutorials/ROS2_Tutorials/ros2_ws/build/py_srvcli/install.log --single-version-externally-managed install_data
[7.330s] running egg_info
[7.332s] writing ../../build/py_srvcli/py_srvcli.egg-info/PKG-INFO
[7.332s] writing dependency_links to ../../build/py_srvcli/py_srvcli.egg-info/dependency_links.txt
[7.332s] writing entry points to ../../build/py_srvcli/py_srvcli.egg-info/entry_points.txt
[7.333s] writing requirements to ../../build/py_srvcli/py_srvcli.egg-info/requires.txt
[7.333s] writing top-level names to ../../build/py_srvcli/py_srvcli.egg-info/top_level.txt
[7.336s] reading manifest file '../../build/py_srvcli/py_srvcli.egg-info/SOURCES.txt'
[7.337s] writing manifest file '../../build/py_srvcli/py_srvcli.egg-info/SOURCES.txt'
[7.337s] running build
[7.338s] running build_py
[7.338s] running install
[7.339s] running install_lib
[7.344s] running install_data
[7.344s] running install_egg_info
[7.377s] removing '/home/antoronson/GitTrade/GazeboTutorials/ROS2_Tutorials/ros2_ws/install/py_srvcli/lib/python3.10/site-packages/py_srvcli-0.0.0-py3.10.egg-info' (and everything under it)
[7.377s] Copying ../../build/py_srvcli/py_srvcli.egg-info to /home/antoronson/GitTrade/GazeboTutorials/ROS2_Tutorials/ros2_ws/install/py_srvcli/lib/python3.10/site-packages/py_srvcli-0.0.0-py3.10.egg-info
[7.379s] running install_scripts
[7.520s] writing list of installed files to '/home/antoronson/GitTrade/GazeboTutorials/ROS2_Tutorials/ros2_ws/build/py_srvcli/install.log'
[7.576s] Invoked command in '/home/antoronson/GitTrade/GazeboTutorials/ROS2_Tutorials/ros2_ws/src/py_srvcli' returned '0': CONDA_PROMPT_MODIFIER=(base) PYTHONPATH=/home/antoronson/GitTrade/GazeboTutorials/ROS2_Tutorials/ros2_ws/build/py_srvcli/prefix_override:/home/antoronson/GitTrade/GazeboTutorials/ROS2_Tutorials/ros2_ws/install/py_srvcli/lib/python3.10/site-packages:${PYTHONPATH} /usr/bin/python3 -W ignore:setup.py install is deprecated setup.py egg_info --egg-base ../../build/py_srvcli build --build-base /home/antoronson/GitTrade/GazeboTutorials/ROS2_Tutorials/ros2_ws/build/py_srvcli/build install --record /home/antoronson/GitTrade/GazeboTutorials/ROS2_Tutorials/ros2_ws/build/py_srvcli/install.log --single-version-externally-managed install_data
